

Microchip Technology PIC LITE Macro Assembler V1.38 build -256452561 
                                                                                               Thu Sep 22 12:29:12 2016

Microchip Technology Omniscient Code Generator v1.38 (Free mode) build 201607010351
     1                           	processor	16F1937
     2                           	opt	pw 120
     3                           	opt	lm
     4                           	psect	cinit,global,class=CODE,merge=1,delta=2
     5                           	psect	cstackCOMMON,global,class=COMMON,space=1,delta=1
     6                           	psect	maintext,global,class=CODE,merge=1,split=1,delta=2
     7                           	psect	text1,local,class=CODE,merge=1,delta=2
     8                           	psect	text2,local,class=CODE,merge=1,delta=2
     9                           	psect	text3,local,class=CODE,merge=1,delta=2
    10                           	psect	text4,local,class=CODE,merge=1,delta=2
    11                           	psect	text5,local,class=CODE,merge=1,delta=2
    12                           	psect	text6,local,class=CODE,merge=1,delta=2
    13                           	dabs	1,0x7E,2
    14  0000                     	;# 
    15  0001                     	;# 
    16  0002                     	;# 
    17  0003                     	;# 
    18  0004                     	;# 
    19  0005                     	;# 
    20  0006                     	;# 
    21  0007                     	;# 
    22  0008                     	;# 
    23  0009                     	;# 
    24  000A                     	;# 
    25  000B                     	;# 
    26  000C                     	;# 
    27  000D                     	;# 
    28  000E                     	;# 
    29  000F                     	;# 
    30  0010                     	;# 
    31  0011                     	;# 
    32  0012                     	;# 
    33  0013                     	;# 
    34  0015                     	;# 
    35  0016                     	;# 
    36  0016                     	;# 
    37  0017                     	;# 
    38  0018                     	;# 
    39  0019                     	;# 
    40  001A                     	;# 
    41  001B                     	;# 
    42  001C                     	;# 
    43  001E                     	;# 
    44  001F                     	;# 
    45  008C                     	;# 
    46  008D                     	;# 
    47  008E                     	;# 
    48  008F                     	;# 
    49  0090                     	;# 
    50  0091                     	;# 
    51  0092                     	;# 
    52  0093                     	;# 
    53  0095                     	;# 
    54  0096                     	;# 
    55  0097                     	;# 
    56  0098                     	;# 
    57  0099                     	;# 
    58  009A                     	;# 
    59  009B                     	;# 
    60  009B                     	;# 
    61  009C                     	;# 
    62  009D                     	;# 
    63  009E                     	;# 
    64  010C                     	;# 
    65  010D                     	;# 
    66  010E                     	;# 
    67  010F                     	;# 
    68  0110                     	;# 
    69  0111                     	;# 
    70  0112                     	;# 
    71  0113                     	;# 
    72  0114                     	;# 
    73  0115                     	;# 
    74  0116                     	;# 
    75  0117                     	;# 
    76  0118                     	;# 
    77  0119                     	;# 
    78  011A                     	;# 
    79  011B                     	;# 
    80  011D                     	;# 
    81  018C                     	;# 
    82  018D                     	;# 
    83  018F                     	;# 
    84  0190                     	;# 
    85  0191                     	;# 
    86  0191                     	;# 
    87  0192                     	;# 
    88  0193                     	;# 
    89  0193                     	;# 
    90  0193                     	;# 
    91  0194                     	;# 
    92  0195                     	;# 
    93  0196                     	;# 
    94  0199                     	;# 
    95  019A                     	;# 
    96  019B                     	;# 
    97  019B                     	;# 
    98  019B                     	;# 
    99  019B                     	;# 
   100  019C                     	;# 
   101  019C                     	;# 
   102  019D                     	;# 
   103  019E                     	;# 
   104  019F                     	;# 
   105  020D                     	;# 
   106  0210                     	;# 
   107  0211                     	;# 
   108  0212                     	;# 
   109  0213                     	;# 
   110  0214                     	;# 
   111  0215                     	;# 
   112  0215                     	;# 
   113  0216                     	;# 
   114  0217                     	;# 
   115  0291                     	;# 
   116  0291                     	;# 
   117  0292                     	;# 
   118  0293                     	;# 
   119  0294                     	;# 
   120  0295                     	;# 
   121  0295                     	;# 
   122  0296                     	;# 
   123  0298                     	;# 
   124  0298                     	;# 
   125  0299                     	;# 
   126  029A                     	;# 
   127  029B                     	;# 
   128  029C                     	;# 
   129  029C                     	;# 
   130  029D                     	;# 
   131  029E                     	;# 
   132  029F                     	;# 
   133  0311                     	;# 
   134  0311                     	;# 
   135  0312                     	;# 
   136  0313                     	;# 
   137  0314                     	;# 
   138  0315                     	;# 
   139  0315                     	;# 
   140  0316                     	;# 
   141  0318                     	;# 
   142  0318                     	;# 
   143  0319                     	;# 
   144  031A                     	;# 
   145  031C                     	;# 
   146  031C                     	;# 
   147  031D                     	;# 
   148  031E                     	;# 
   149  0394                     	;# 
   150  0395                     	;# 
   151  0396                     	;# 
   152  0415                     	;# 
   153  0416                     	;# 
   154  0417                     	;# 
   155  041C                     	;# 
   156  041D                     	;# 
   157  041E                     	;# 
   158  0791                     	;# 
   159  0792                     	;# 
   160  0793                     	;# 
   161  0794                     	;# 
   162  0795                     	;# 
   163  0798                     	;# 
   164  0799                     	;# 
   165  079A                     	;# 
   166  07A0                     	;# 
   167  07A1                     	;# 
   168  07A2                     	;# 
   169  07A3                     	;# 
   170  07A4                     	;# 
   171  07A5                     	;# 
   172  07A6                     	;# 
   173  07A7                     	;# 
   174  07A8                     	;# 
   175  07A9                     	;# 
   176  07AA                     	;# 
   177  07AB                     	;# 
   178  0FE4                     	;# 
   179  0FE5                     	;# 
   180  0FE6                     	;# 
   181  0FE7                     	;# 
   182  0FE8                     	;# 
   183  0FE9                     	;# 
   184  0FEA                     	;# 
   185  0FEB                     	;# 
   186  0FED                     	;# 
   187  0FEE                     	;# 
   188  0FEF                     	;# 
   189  0000                     	;# 
   190  0001                     	;# 
   191  0002                     	;# 
   192  0003                     	;# 
   193  0004                     	;# 
   194  0005                     	;# 
   195  0006                     	;# 
   196  0007                     	;# 
   197  0008                     	;# 
   198  0009                     	;# 
   199  000A                     	;# 
   200  000B                     	;# 
   201  000C                     	;# 
   202  000D                     	;# 
   203  000E                     	;# 
   204  000F                     	;# 
   205  0010                     	;# 
   206  0011                     	;# 
   207  0012                     	;# 
   208  0013                     	;# 
   209  0015                     	;# 
   210  0016                     	;# 
   211  0016                     	;# 
   212  0017                     	;# 
   213  0018                     	;# 
   214  0019                     	;# 
   215  001A                     	;# 
   216  001B                     	;# 
   217  001C                     	;# 
   218  001E                     	;# 
   219  001F                     	;# 
   220  008C                     	;# 
   221  008D                     	;# 
   222  008E                     	;# 
   223  008F                     	;# 
   224  0090                     	;# 
   225  0091                     	;# 
   226  0092                     	;# 
   227  0093                     	;# 
   228  0095                     	;# 
   229  0096                     	;# 
   230  0097                     	;# 
   231  0098                     	;# 
   232  0099                     	;# 
   233  009A                     	;# 
   234  009B                     	;# 
   235  009B                     	;# 
   236  009C                     	;# 
   237  009D                     	;# 
   238  009E                     	;# 
   239  010C                     	;# 
   240  010D                     	;# 
   241  010E                     	;# 
   242  010F                     	;# 
   243  0110                     	;# 
   244  0111                     	;# 
   245  0112                     	;# 
   246  0113                     	;# 
   247  0114                     	;# 
   248  0115                     	;# 
   249  0116                     	;# 
   250  0117                     	;# 
   251  0118                     	;# 
   252  0119                     	;# 
   253  011A                     	;# 
   254  011B                     	;# 
   255  011D                     	;# 
   256  018C                     	;# 
   257  018D                     	;# 
   258  018F                     	;# 
   259  0190                     	;# 
   260  0191                     	;# 
   261  0191                     	;# 
   262  0192                     	;# 
   263  0193                     	;# 
   264  0193                     	;# 
   265  0193                     	;# 
   266  0194                     	;# 
   267  0195                     	;# 
   268  0196                     	;# 
   269  0199                     	;# 
   270  019A                     	;# 
   271  019B                     	;# 
   272  019B                     	;# 
   273  019B                     	;# 
   274  019B                     	;# 
   275  019C                     	;# 
   276  019C                     	;# 
   277  019D                     	;# 
   278  019E                     	;# 
   279  019F                     	;# 
   280  020D                     	;# 
   281  0210                     	;# 
   282  0211                     	;# 
   283  0212                     	;# 
   284  0213                     	;# 
   285  0214                     	;# 
   286  0215                     	;# 
   287  0215                     	;# 
   288  0216                     	;# 
   289  0217                     	;# 
   290  0291                     	;# 
   291  0291                     	;# 
   292  0292                     	;# 
   293  0293                     	;# 
   294  0294                     	;# 
   295  0295                     	;# 
   296  0295                     	;# 
   297  0296                     	;# 
   298  0298                     	;# 
   299  0298                     	;# 
   300  0299                     	;# 
   301  029A                     	;# 
   302  029B                     	;# 
   303  029C                     	;# 
   304  029C                     	;# 
   305  029D                     	;# 
   306  029E                     	;# 
   307  029F                     	;# 
   308  0311                     	;# 
   309  0311                     	;# 
   310  0312                     	;# 
   311  0313                     	;# 
   312  0314                     	;# 
   313  0315                     	;# 
   314  0315                     	;# 
   315  0316                     	;# 
   316  0318                     	;# 
   317  0318                     	;# 
   318  0319                     	;# 
   319  031A                     	;# 
   320  031C                     	;# 
   321  031C                     	;# 
   322  031D                     	;# 
   323  031E                     	;# 
   324  0394                     	;# 
   325  0395                     	;# 
   326  0396                     	;# 
   327  0415                     	;# 
   328  0416                     	;# 
   329  0417                     	;# 
   330  041C                     	;# 
   331  041D                     	;# 
   332  041E                     	;# 
   333  0791                     	;# 
   334  0792                     	;# 
   335  0793                     	;# 
   336  0794                     	;# 
   337  0795                     	;# 
   338  0798                     	;# 
   339  0799                     	;# 
   340  079A                     	;# 
   341  07A0                     	;# 
   342  07A1                     	;# 
   343  07A2                     	;# 
   344  07A3                     	;# 
   345  07A4                     	;# 
   346  07A5                     	;# 
   347  07A6                     	;# 
   348  07A7                     	;# 
   349  07A8                     	;# 
   350  07A9                     	;# 
   351  07AA                     	;# 
   352  07AB                     	;# 
   353  0FE4                     	;# 
   354  0FE5                     	;# 
   355  0FE6                     	;# 
   356  0FE7                     	;# 
   357  0FE8                     	;# 
   358  0FE9                     	;# 
   359  0FEA                     	;# 
   360  0FEB                     	;# 
   361  0FED                     	;# 
   362  0FEE                     	;# 
   363  0FEF                     	;# 
   364  0000                     	;# 
   365  0001                     	;# 
   366  0002                     	;# 
   367  0003                     	;# 
   368  0004                     	;# 
   369  0005                     	;# 
   370  0006                     	;# 
   371  0007                     	;# 
   372  0008                     	;# 
   373  0009                     	;# 
   374  000A                     	;# 
   375  000B                     	;# 
   376  000C                     	;# 
   377  000D                     	;# 
   378  000E                     	;# 
   379  000F                     	;# 
   380  0010                     	;# 
   381  0011                     	;# 
   382  0012                     	;# 
   383  0013                     	;# 
   384  0015                     	;# 
   385  0016                     	;# 
   386  0016                     	;# 
   387  0017                     	;# 
   388  0018                     	;# 
   389  0019                     	;# 
   390  001A                     	;# 
   391  001B                     	;# 
   392  001C                     	;# 
   393  001E                     	;# 
   394  001F                     	;# 
   395  008C                     	;# 
   396  008D                     	;# 
   397  008E                     	;# 
   398  008F                     	;# 
   399  0090                     	;# 
   400  0091                     	;# 
   401  0092                     	;# 
   402  0093                     	;# 
   403  0095                     	;# 
   404  0096                     	;# 
   405  0097                     	;# 
   406  0098                     	;# 
   407  0099                     	;# 
   408  009A                     	;# 
   409  009B                     	;# 
   410  009B                     	;# 
   411  009C                     	;# 
   412  009D                     	;# 
   413  009E                     	;# 
   414  010C                     	;# 
   415  010D                     	;# 
   416  010E                     	;# 
   417  010F                     	;# 
   418  0110                     	;# 
   419  0111                     	;# 
   420  0112                     	;# 
   421  0113                     	;# 
   422  0114                     	;# 
   423  0115                     	;# 
   424  0116                     	;# 
   425  0117                     	;# 
   426  0118                     	;# 
   427  0119                     	;# 
   428  011A                     	;# 
   429  011B                     	;# 
   430  011D                     	;# 
   431  018C                     	;# 
   432  018D                     	;# 
   433  018F                     	;# 
   434  0190                     	;# 
   435  0191                     	;# 
   436  0191                     	;# 
   437  0192                     	;# 
   438  0193                     	;# 
   439  0193                     	;# 
   440  0193                     	;# 
   441  0194                     	;# 
   442  0195                     	;# 
   443  0196                     	;# 
   444  0199                     	;# 
   445  019A                     	;# 
   446  019B                     	;# 
   447  019B                     	;# 
   448  019B                     	;# 
   449  019B                     	;# 
   450  019C                     	;# 
   451  019C                     	;# 
   452  019D                     	;# 
   453  019E                     	;# 
   454  019F                     	;# 
   455  020D                     	;# 
   456  0210                     	;# 
   457  0211                     	;# 
   458  0212                     	;# 
   459  0213                     	;# 
   460  0214                     	;# 
   461  0215                     	;# 
   462  0215                     	;# 
   463  0216                     	;# 
   464  0217                     	;# 
   465  0291                     	;# 
   466  0291                     	;# 
   467  0292                     	;# 
   468  0293                     	;# 
   469  0294                     	;# 
   470  0295                     	;# 
   471  0295                     	;# 
   472  0296                     	;# 
   473  0298                     	;# 
   474  0298                     	;# 
   475  0299                     	;# 
   476  029A                     	;# 
   477  029B                     	;# 
   478  029C                     	;# 
   479  029C                     	;# 
   480  029D                     	;# 
   481  029E                     	;# 
   482  029F                     	;# 
   483  0311                     	;# 
   484  0311                     	;# 
   485  0312                     	;# 
   486  0313                     	;# 
   487  0314                     	;# 
   488  0315                     	;# 
   489  0315                     	;# 
   490  0316                     	;# 
   491  0318                     	;# 
   492  0318                     	;# 
   493  0319                     	;# 
   494  031A                     	;# 
   495  031C                     	;# 
   496  031C                     	;# 
   497  031D                     	;# 
   498  031E                     	;# 
   499  0394                     	;# 
   500  0395                     	;# 
   501  0396                     	;# 
   502  0415                     	;# 
   503  0416                     	;# 
   504  0417                     	;# 
   505  041C                     	;# 
   506  041D                     	;# 
   507  041E                     	;# 
   508  0791                     	;# 
   509  0792                     	;# 
   510  0793                     	;# 
   511  0794                     	;# 
   512  0795                     	;# 
   513  0798                     	;# 
   514  0799                     	;# 
   515  079A                     	;# 
   516  07A0                     	;# 
   517  07A1                     	;# 
   518  07A2                     	;# 
   519  07A3                     	;# 
   520  07A4                     	;# 
   521  07A5                     	;# 
   522  07A6                     	;# 
   523  07A7                     	;# 
   524  07A8                     	;# 
   525  07A9                     	;# 
   526  07AA                     	;# 
   527  07AB                     	;# 
   528  0FE4                     	;# 
   529  0FE5                     	;# 
   530  0FE6                     	;# 
   531  0FE7                     	;# 
   532  0FE8                     	;# 
   533  0FE9                     	;# 
   534  0FEA                     	;# 
   535  0FEB                     	;# 
   536  0FED                     	;# 
   537  0FEE                     	;# 
   538  0FEF                     	;# 
   539  0000                     	;# 
   540  0001                     	;# 
   541  0002                     	;# 
   542  0003                     	;# 
   543  0004                     	;# 
   544  0005                     	;# 
   545  0006                     	;# 
   546  0007                     	;# 
   547  0008                     	;# 
   548  0009                     	;# 
   549  000A                     	;# 
   550  000B                     	;# 
   551  000C                     	;# 
   552  000D                     	;# 
   553  000E                     	;# 
   554  000F                     	;# 
   555  0010                     	;# 
   556  0011                     	;# 
   557  0012                     	;# 
   558  0013                     	;# 
   559  0015                     	;# 
   560  0016                     	;# 
   561  0016                     	;# 
   562  0017                     	;# 
   563  0018                     	;# 
   564  0019                     	;# 
   565  001A                     	;# 
   566  001B                     	;# 
   567  001C                     	;# 
   568  001E                     	;# 
   569  001F                     	;# 
   570  008C                     	;# 
   571  008D                     	;# 
   572  008E                     	;# 
   573  008F                     	;# 
   574  0090                     	;# 
   575  0091                     	;# 
   576  0092                     	;# 
   577  0093                     	;# 
   578  0095                     	;# 
   579  0096                     	;# 
   580  0097                     	;# 
   581  0098                     	;# 
   582  0099                     	;# 
   583  009A                     	;# 
   584  009B                     	;# 
   585  009B                     	;# 
   586  009C                     	;# 
   587  009D                     	;# 
   588  009E                     	;# 
   589  010C                     	;# 
   590  010D                     	;# 
   591  010E                     	;# 
   592  010F                     	;# 
   593  0110                     	;# 
   594  0111                     	;# 
   595  0112                     	;# 
   596  0113                     	;# 
   597  0114                     	;# 
   598  0115                     	;# 
   599  0116                     	;# 
   600  0117                     	;# 
   601  0118                     	;# 
   602  0119                     	;# 
   603  011A                     	;# 
   604  011B                     	;# 
   605  011D                     	;# 
   606  018C                     	;# 
   607  018D                     	;# 
   608  018F                     	;# 
   609  0190                     	;# 
   610  0191                     	;# 
   611  0191                     	;# 
   612  0192                     	;# 
   613  0193                     	;# 
   614  0193                     	;# 
   615  0193                     	;# 
   616  0194                     	;# 
   617  0195                     	;# 
   618  0196                     	;# 
   619  0199                     	;# 
   620  019A                     	;# 
   621  019B                     	;# 
   622  019B                     	;# 
   623  019B                     	;# 
   624  019B                     	;# 
   625  019C                     	;# 
   626  019C                     	;# 
   627  019D                     	;# 
   628  019E                     	;# 
   629  019F                     	;# 
   630  020D                     	;# 
   631  0210                     	;# 
   632  0211                     	;# 
   633  0212                     	;# 
   634  0213                     	;# 
   635  0214                     	;# 
   636  0215                     	;# 
   637  0215                     	;# 
   638  0216                     	;# 
   639  0217                     	;# 
   640  0291                     	;# 
   641  0291                     	;# 
   642  0292                     	;# 
   643  0293                     	;# 
   644  0294                     	;# 
   645  0295                     	;# 
   646  0295                     	;# 
   647  0296                     	;# 
   648  0298                     	;# 
   649  0298                     	;# 
   650  0299                     	;# 
   651  029A                     	;# 
   652  029B                     	;# 
   653  029C                     	;# 
   654  029C                     	;# 
   655  029D                     	;# 
   656  029E                     	;# 
   657  029F                     	;# 
   658  0311                     	;# 
   659  0311                     	;# 
   660  0312                     	;# 
   661  0313                     	;# 
   662  0314                     	;# 
   663  0315                     	;# 
   664  0315                     	;# 
   665  0316                     	;# 
   666  0318                     	;# 
   667  0318                     	;# 
   668  0319                     	;# 
   669  031A                     	;# 
   670  031C                     	;# 
   671  031C                     	;# 
   672  031D                     	;# 
   673  031E                     	;# 
   674  0394                     	;# 
   675  0395                     	;# 
   676  0396                     	;# 
   677  0415                     	;# 
   678  0416                     	;# 
   679  0417                     	;# 
   680  041C                     	;# 
   681  041D                     	;# 
   682  041E                     	;# 
   683  0791                     	;# 
   684  0792                     	;# 
   685  0793                     	;# 
   686  0794                     	;# 
   687  0795                     	;# 
   688  0798                     	;# 
   689  0799                     	;# 
   690  079A                     	;# 
   691  07A0                     	;# 
   692  07A1                     	;# 
   693  07A2                     	;# 
   694  07A3                     	;# 
   695  07A4                     	;# 
   696  07A5                     	;# 
   697  07A6                     	;# 
   698  07A7                     	;# 
   699  07A8                     	;# 
   700  07A9                     	;# 
   701  07AA                     	;# 
   702  07AB                     	;# 
   703  0FE4                     	;# 
   704  0FE5                     	;# 
   705  0FE6                     	;# 
   706  0FE7                     	;# 
   707  0FE8                     	;# 
   708  0FE9                     	;# 
   709  0FEA                     	;# 
   710  0FEB                     	;# 
   711  0FED                     	;# 
   712  0FEE                     	;# 
   713  0FEF                     	;# 
   714  0011                     _PIR1bits	set	17
   715  0095                     _OPTION_REGbits	set	149
   716  0099                     _OSCCON	set	153
   717  009A                     _OSCSTAT	set	154
   718  0098                     _OSCTUNE	set	152
   719  008C                     _TRISA	set	140
   720  008D                     _TRISB	set	141
   721  008E                     _TRISC	set	142
   722  008F                     _TRISD	set	143
   723  0090                     _TRISE	set	144
   724  011D                     _APFCON	set	285
   725  010C                     _LATA	set	268
   726  010D                     _LATB	set	269
   727  010E                     _LATC	set	270
   728  010F                     _LATD	set	271
   729  0110                     _LATE	set	272
   730  018C                     _ANSELA	set	396
   731  018D                     _ANSELB	set	397
   732  018F                     _ANSELD	set	399
   733  0190                     _ANSELE	set	400
   734  019F                     _BAUDCON	set	415
   735  0199                     _RCREG	set	409
   736  019D                     _RCSTA	set	413
   737  019D                     _RCSTAbits	set	413
   738  019C                     _SPBRGH	set	412
   739  019B                     _SPBRGL	set	411
   740  019A                     _TXREG	set	410
   741  019E                     _TXSTA	set	414
   742  020D                     _WPUB	set	525
   743  0210                     _WPUE	set	528
   744                           
   745                           ; #config settings
   746  0000                     
   747                           	psect	cinit
   748  07FD                     start_initialization:	
   749  07FD                     __initialization:	
   750  07FD                     end_of_initialization:	
   751                           ;End of C runtime variable initialization code
   752                           
   753  07FD                     __end_of__initialization:	
   754  07FD  0020               	movlb	0
   755  07FE  3187  2FC8         	ljmp	_main	;jump to C main() function
   756                           
   757                           	psect	cstackCOMMON
   758  0070                     __pcstackCOMMON:	
   759  0070                     ?_PIN_MANAGER_Initialize:	
   760  0070                     ??_PIN_MANAGER_Initialize:	
   761                           ; 1 bytes @ 0x0
   762                           
   763  0070                     ?_OSCILLATOR_Initialize:	
   764                           ; 1 bytes @ 0x0
   765                           
   766  0070                     ??_OSCILLATOR_Initialize:	
   767                           ; 1 bytes @ 0x0
   768                           
   769  0070                     ?_EUSART_Initialize:	
   770                           ; 1 bytes @ 0x0
   771                           
   772  0070                     ??_EUSART_Initialize:	
   773                           ; 1 bytes @ 0x0
   774                           
   775  0070                     ?_EUSART_Read:	
   776                           ; 1 bytes @ 0x0
   777                           
   778  0070                     ??_EUSART_Read:	
   779                           ; 1 bytes @ 0x0
   780                           
   781  0070                     ?_EUSART_Write:	
   782                           ; 1 bytes @ 0x0
   783                           
   784  0070                     ??_EUSART_Write:	
   785                           ; 1 bytes @ 0x0
   786                           
   787  0070                     ?_SYSTEM_Initialize:	
   788                           ; 1 bytes @ 0x0
   789                           
   790  0070                     ??_SYSTEM_Initialize:	
   791                           ; 1 bytes @ 0x0
   792                           
   793  0070                     ?_main:	
   794                           ; 1 bytes @ 0x0
   795                           
   796  0070                     EUSART_Write@txData:	
   797                           ; 1 bytes @ 0x0
   798                           
   799                           
   800                           ; 1 bytes @ 0x0
   801  0070                     	ds	1
   802  0071                     ??_main:	
   803                           
   804                           ; 1 bytes @ 0x1
   805  0071                     	ds	1
   806  0072                     main@dato:	
   807                           
   808                           ; 1 bytes @ 0x2
   809  0072                     	ds	1
   810                           
   811                           	psect	maintext
   812  07C8                     __pmaintext:	
   813 ;;
   814 ;;Main: autosize = 0, tempsize = 1, incstack = 0, save=0
   815 ;;
   816 ;; *************** function _main *****************
   817 ;; Defined at:
   818 ;;		line 51 in file "main.c"
   819 ;; Parameters:    Size  Location     Type
   820 ;;		None
   821 ;; Auto vars:     Size  Location     Type
   822 ;;  dato            1    2[COMMON] unsigned char 
   823 ;; Return value:  Size  Location     Type
   824 ;;                  1    wreg      void 
   825 ;; Registers used:
   826 ;;		wreg, status,2, status,0, pclath, cstack
   827 ;; Tracked objects:
   828 ;;		On entry : B1F/0
   829 ;;		On exit  : 0/0
   830 ;;		Unchanged: 0/0
   831 ;; Data sizes:     COMMON   BANK0   BANK1   BANK2   BANK3   BANK4   BANK5   BANK6
   832 ;;      Params:         0       0       0       0       0       0       0       0
   833 ;;      Locals:         1       0       0       0       0       0       0       0
   834 ;;      Temps:          1       0       0       0       0       0       0       0
   835 ;;      Totals:         2       0       0       0       0       0       0       0
   836 ;;Total ram usage:        2 bytes
   837 ;; Hardware stack levels required when called:    2
   838 ;; This function calls:
   839 ;;		_EUSART_Read
   840 ;;		_EUSART_Write
   841 ;;		_SYSTEM_Initialize
   842 ;; This function is called by:
   843 ;;		Startup code after reset
   844 ;; This function uses a non-reentrant model
   845 ;;
   846                           
   847                           
   848                           ;psect for function _main
   849  07C8                     _main:	
   850                           
   851                           ;main.c: 54: SYSTEM_Initialize();
   852                           
   853                           ;incstack = 0
   854                           ; Regs used in _main: [wreg+status,2+status,0+pclath+cstack]
   855  07C8  3187  27A8  3187   	fcall	_SYSTEM_Initialize
   856  07CB                     l633:	
   857                           ;main.c: 70: char dato;
   858                           ;main.c: 71: while (1)
   859                           
   860                           
   861                           ;main.c: 72: {
   862                           ;main.c: 73: dato = EUSART_Read();
   863  07CB  3187  27BC  3187   	fcall	_EUSART_Read
   864  07CE  00F1               	movwf	??_main
   865  07CF  0871               	movf	??_main,w
   866  07D0  00F2               	movwf	main@dato
   867                           
   868                           ;main.c: 74: EUSART_Write(dato);
   869  07D1  0872               	movf	main@dato,w
   870  07D2  3187  27A0  3187   	fcall	_EUSART_Write
   871  07D5  2FCB               	goto	l633
   872  07D6                     __end_of_main:	
   873                           
   874                           	psect	text1
   875  07A8                     __ptext1:	
   876 ;; *************** function _SYSTEM_Initialize *****************
   877 ;; Defined at:
   878 ;;		line 70 in file "mcc_generated_files/mcc.c"
   879 ;; Parameters:    Size  Location     Type
   880 ;;		None
   881 ;; Auto vars:     Size  Location     Type
   882 ;;		None
   883 ;; Return value:  Size  Location     Type
   884 ;;                  1    wreg      void 
   885 ;; Registers used:
   886 ;;		wreg, status,2, status,0, pclath, cstack
   887 ;; Tracked objects:
   888 ;;		On entry : 0/0
   889 ;;		On exit  : 0/0
   890 ;;		Unchanged: 0/0
   891 ;; Data sizes:     COMMON   BANK0   BANK1   BANK2   BANK3   BANK4   BANK5   BANK6
   892 ;;      Params:         0       0       0       0       0       0       0       0
   893 ;;      Locals:         0       0       0       0       0       0       0       0
   894 ;;      Temps:          0       0       0       0       0       0       0       0
   895 ;;      Totals:         0       0       0       0       0       0       0       0
   896 ;;Total ram usage:        0 bytes
   897 ;; Hardware stack levels used:    1
   898 ;; Hardware stack levels required when called:    1
   899 ;; This function calls:
   900 ;;		_EUSART_Initialize
   901 ;;		_OSCILLATOR_Initialize
   902 ;;		_PIN_MANAGER_Initialize
   903 ;; This function is called by:
   904 ;;		_main
   905 ;; This function uses a non-reentrant model
   906 ;;
   907                           
   908                           
   909                           ;psect for function _SYSTEM_Initialize
   910  07A8                     _SYSTEM_Initialize:	
   911                           
   912                           ;mcc.c: 73: PIN_MANAGER_Initialize();
   913                           
   914                           ;incstack = 0
   915                           ; Regs used in _SYSTEM_Initialize: [wreg+status,2+status,0+pclath+cstack]
   916  07A8  3187  27D6  3187   	fcall	_PIN_MANAGER_Initialize
   917                           
   918                           ;mcc.c: 74: OSCILLATOR_Initialize();
   919  07AB  3187  279A  3187   	fcall	_OSCILLATOR_Initialize
   920                           
   921                           ;mcc.c: 75: EUSART_Initialize();
   922  07AE  3187  27B1         	fcall	_EUSART_Initialize
   923  07B0  0008               	return
   924  07B1                     __end_of_SYSTEM_Initialize:	
   925                           
   926                           	psect	text2
   927  07D6                     __ptext2:	
   928 ;; *************** function _PIN_MANAGER_Initialize *****************
   929 ;; Defined at:
   930 ;;		line 49 in file "mcc_generated_files/pin_manager.c"
   931 ;; Parameters:    Size  Location     Type
   932 ;;		None
   933 ;; Auto vars:     Size  Location     Type
   934 ;;		None
   935 ;; Return value:  Size  Location     Type
   936 ;;                  1    wreg      void 
   937 ;; Registers used:
   938 ;;		wreg, status,2
   939 ;; Tracked objects:
   940 ;;		On entry : 0/0
   941 ;;		On exit  : 0/0
   942 ;;		Unchanged: 0/0
   943 ;; Data sizes:     COMMON   BANK0   BANK1   BANK2   BANK3   BANK4   BANK5   BANK6
   944 ;;      Params:         0       0       0       0       0       0       0       0
   945 ;;      Locals:         0       0       0       0       0       0       0       0
   946 ;;      Temps:          0       0       0       0       0       0       0       0
   947 ;;      Totals:         0       0       0       0       0       0       0       0
   948 ;;Total ram usage:        0 bytes
   949 ;; Hardware stack levels used:    1
   950 ;; This function calls:
   951 ;;		Nothing
   952 ;; This function is called by:
   953 ;;		_SYSTEM_Initialize
   954 ;; This function uses a non-reentrant model
   955 ;;
   956                           
   957                           
   958                           ;psect for function _PIN_MANAGER_Initialize
   959  07D6                     _PIN_MANAGER_Initialize:	
   960                           
   961                           ;pin_manager.c: 51: LATB = 0x0;
   962                           
   963                           ;incstack = 0
   964                           ; Regs used in _PIN_MANAGER_Initialize: [wreg+status,2]
   965  07D6  0022               	movlb	2	; select bank2
   966  07D7  018D               	clrf	13	;volatile
   967                           
   968                           ;pin_manager.c: 52: WPUE = 0x8;
   969  07D8  3008               	movlw	8
   970  07D9  0024               	movlb	4	; select bank4
   971  07DA  0090               	movwf	16	;volatile
   972                           
   973                           ;pin_manager.c: 53: LATA = 0x0;
   974  07DB  0022               	movlb	2	; select bank2
   975  07DC  018C               	clrf	12	;volatile
   976                           
   977                           ;pin_manager.c: 54: ANSELE = 0x7;
   978  07DD  3007               	movlw	7
   979  07DE  0023               	movlb	3	; select bank3
   980  07DF  0090               	movwf	16	;volatile
   981                           
   982                           ;pin_manager.c: 55: LATE = 0x0;
   983  07E0  0022               	movlb	2	; select bank2
   984  07E1  0190               	clrf	16	;volatile
   985                           
   986                           ;pin_manager.c: 56: LATD = 0x0;
   987  07E2  018F               	clrf	15	;volatile
   988                           
   989                           ;pin_manager.c: 57: LATC = 0x0;
   990  07E3  018E               	clrf	14	;volatile
   991                           
   992                           ;pin_manager.c: 58: ANSELA = 0x3F;
   993  07E4  303F               	movlw	63
   994  07E5  0023               	movlb	3	; select bank3
   995  07E6  008C               	movwf	12	;volatile
   996                           
   997                           ;pin_manager.c: 59: ANSELB = 0x3F;
   998  07E7  303F               	movlw	63
   999  07E8  008D               	movwf	13	;volatile
  1000                           
  1001                           ;pin_manager.c: 60: ANSELD = 0xFF;
  1002  07E9  30FF               	movlw	255
  1003  07EA  008F               	movwf	15	;volatile
  1004                           
  1005                           ;pin_manager.c: 61: WPUB = 0xFF;
  1006  07EB  30FF               	movlw	255
  1007  07EC  0024               	movlb	4	; select bank4
  1008  07ED  008D               	movwf	13	;volatile
  1009                           
  1010                           ;pin_manager.c: 62: TRISD = 0xFF;
  1011  07EE  30FF               	movlw	255
  1012  07EF  0021               	movlb	1	; select bank1
  1013  07F0  008F               	movwf	15	;volatile
  1014                           
  1015                           ;pin_manager.c: 63: TRISE = 0xF;
  1016  07F1  300F               	movlw	15
  1017  07F2  0090               	movwf	16	;volatile
  1018                           
  1019                           ;pin_manager.c: 64: TRISB = 0xFF;
  1020  07F3  30FF               	movlw	255
  1021  07F4  008D               	movwf	13	;volatile
  1022                           
  1023                           ;pin_manager.c: 65: TRISC = 0xBF;
  1024  07F5  30BF               	movlw	191
  1025  07F6  008E               	movwf	14	;volatile
  1026                           
  1027                           ;pin_manager.c: 66: TRISA = 0xFF;
  1028  07F7  30FF               	movlw	255
  1029  07F8  008C               	movwf	12	;volatile
  1030                           
  1031                           ;pin_manager.c: 68: OPTION_REGbits.nWPUEN = 0x1;
  1032  07F9  1795               	bsf	21,7	;volatile
  1033                           
  1034                           ;pin_manager.c: 69: APFCON = 0x00;
  1035  07FA  0022               	movlb	2	; select bank2
  1036  07FB  019D               	clrf	29	;volatile
  1037  07FC  0008               	return
  1038  07FD                     __end_of_PIN_MANAGER_Initialize:	
  1039                           
  1040                           	psect	text3
  1041  079A                     __ptext3:	
  1042 ;; *************** function _OSCILLATOR_Initialize *****************
  1043 ;; Defined at:
  1044 ;;		line 78 in file "mcc_generated_files/mcc.c"
  1045 ;; Parameters:    Size  Location     Type
  1046 ;;		None
  1047 ;; Auto vars:     Size  Location     Type
  1048 ;;		None
  1049 ;; Return value:  Size  Location     Type
  1050 ;;                  1    wreg      void 
  1051 ;; Registers used:
  1052 ;;		wreg, status,2
  1053 ;; Tracked objects:
  1054 ;;		On entry : 0/0
  1055 ;;		On exit  : 0/0
  1056 ;;		Unchanged: 0/0
  1057 ;; Data sizes:     COMMON   BANK0   BANK1   BANK2   BANK3   BANK4   BANK5   BANK6
  1058 ;;      Params:         0       0       0       0       0       0       0       0
  1059 ;;      Locals:         0       0       0       0       0       0       0       0
  1060 ;;      Temps:          0       0       0       0       0       0       0       0
  1061 ;;      Totals:         0       0       0       0       0       0       0       0
  1062 ;;Total ram usage:        0 bytes
  1063 ;; Hardware stack levels used:    1
  1064 ;; This function calls:
  1065 ;;		Nothing
  1066 ;; This function is called by:
  1067 ;;		_SYSTEM_Initialize
  1068 ;; This function uses a non-reentrant model
  1069 ;;
  1070                           
  1071                           
  1072                           ;psect for function _OSCILLATOR_Initialize
  1073  079A                     _OSCILLATOR_Initialize:	
  1074                           
  1075                           ;mcc.c: 81: OSCCON = 0x38;
  1076                           
  1077                           ;incstack = 0
  1078                           ; Regs used in _OSCILLATOR_Initialize: [wreg+status,2]
  1079  079A  3038               	movlw	56
  1080  079B  0021               	movlb	1	; select bank1
  1081  079C  0099               	movwf	25	;volatile
  1082                           
  1083                           ;mcc.c: 83: OSCSTAT = 0x00;
  1084  079D  019A               	clrf	26	;volatile
  1085                           
  1086                           ;mcc.c: 85: OSCTUNE = 0x00;
  1087  079E  0198               	clrf	24	;volatile
  1088  079F  0008               	return
  1089  07A0                     __end_of_OSCILLATOR_Initialize:	
  1090                           
  1091                           	psect	text4
  1092  07B1                     __ptext4:	
  1093 ;; *************** function _EUSART_Initialize *****************
  1094 ;; Defined at:
  1095 ;;		line 55 in file "mcc_generated_files/eusart.c"
  1096 ;; Parameters:    Size  Location     Type
  1097 ;;		None
  1098 ;; Auto vars:     Size  Location     Type
  1099 ;;		None
  1100 ;; Return value:  Size  Location     Type
  1101 ;;                  1    wreg      void 
  1102 ;; Registers used:
  1103 ;;		wreg, status,2
  1104 ;; Tracked objects:
  1105 ;;		On entry : 0/0
  1106 ;;		On exit  : 0/0
  1107 ;;		Unchanged: 0/0
  1108 ;; Data sizes:     COMMON   BANK0   BANK1   BANK2   BANK3   BANK4   BANK5   BANK6
  1109 ;;      Params:         0       0       0       0       0       0       0       0
  1110 ;;      Locals:         0       0       0       0       0       0       0       0
  1111 ;;      Temps:          0       0       0       0       0       0       0       0
  1112 ;;      Totals:         0       0       0       0       0       0       0       0
  1113 ;;Total ram usage:        0 bytes
  1114 ;; Hardware stack levels used:    1
  1115 ;; This function calls:
  1116 ;;		Nothing
  1117 ;; This function is called by:
  1118 ;;		_SYSTEM_Initialize
  1119 ;; This function uses a non-reentrant model
  1120 ;;
  1121                           
  1122                           
  1123                           ;psect for function _EUSART_Initialize
  1124  07B1                     _EUSART_Initialize:	
  1125                           
  1126                           ;eusart.c: 60: BAUDCON = 0x08;
  1127                           
  1128                           ;incstack = 0
  1129                           ; Regs used in _EUSART_Initialize: [wreg+status,2]
  1130  07B1  3008               	movlw	8
  1131  07B2  0023               	movlb	3	; select bank3
  1132  07B3  009F               	movwf	31	;volatile
  1133                           
  1134                           ;eusart.c: 63: RCSTA = 0x90;
  1135  07B4  3090               	movlw	144
  1136  07B5  009D               	movwf	29	;volatile
  1137                           
  1138                           ;eusart.c: 66: TXSTA = 0x24;
  1139  07B6  3024               	movlw	36
  1140  07B7  009E               	movwf	30	;volatile
  1141                           
  1142                           ;eusart.c: 69: SPBRGL = 0x81;
  1143  07B8  3081               	movlw	129
  1144  07B9  009B               	movwf	27	;volatile
  1145                           
  1146                           ;eusart.c: 72: SPBRGH = 0x00;
  1147  07BA  019C               	clrf	28	;volatile
  1148  07BB  0008               	return
  1149  07BC                     __end_of_EUSART_Initialize:	
  1150                           
  1151                           	psect	text5
  1152  07A0                     __ptext5:	
  1153 ;; *************** function _EUSART_Write *****************
  1154 ;; Defined at:
  1155 ;;		line 97 in file "mcc_generated_files/eusart.c"
  1156 ;; Parameters:    Size  Location     Type
  1157 ;;  txData          1    wreg     unsigned char 
  1158 ;; Auto vars:     Size  Location     Type
  1159 ;;  txData          1    0[COMMON] unsigned char 
  1160 ;; Return value:  Size  Location     Type
  1161 ;;                  1    wreg      void 
  1162 ;; Registers used:
  1163 ;;		wreg
  1164 ;; Tracked objects:
  1165 ;;		On entry : 0/0
  1166 ;;		On exit  : 0/0
  1167 ;;		Unchanged: 0/0
  1168 ;; Data sizes:     COMMON   BANK0   BANK1   BANK2   BANK3   BANK4   BANK5   BANK6
  1169 ;;      Params:         0       0       0       0       0       0       0       0
  1170 ;;      Locals:         1       0       0       0       0       0       0       0
  1171 ;;      Temps:          0       0       0       0       0       0       0       0
  1172 ;;      Totals:         1       0       0       0       0       0       0       0
  1173 ;;Total ram usage:        1 bytes
  1174 ;; Hardware stack levels used:    1
  1175 ;; This function calls:
  1176 ;;		Nothing
  1177 ;; This function is called by:
  1178 ;;		_main
  1179 ;;		_putch
  1180 ;; This function uses a non-reentrant model
  1181 ;;
  1182                           
  1183                           
  1184                           ;psect for function _EUSART_Write
  1185  07A0                     _EUSART_Write:	
  1186                           
  1187                           ;incstack = 0
  1188                           ; Regs used in _EUSART_Write: [wreg]
  1189                           ;EUSART_Write@txData stored from wreg
  1190  07A0  00F0               	movwf	EUSART_Write@txData
  1191  07A1                     l31:	
  1192                           ;eusart.c: 100: {
  1193                           
  1194                           ;eusart.c: 99: while(0 == PIR1bits.TXIF)
  1195                           
  1196  07A1  0020               	movlb	0	; select bank0
  1197  07A2  1E11               	btfss	17,4	;volatile
  1198  07A3  2FA1               	goto	l31
  1199                           
  1200                           ;eusart.c: 101: }
  1201                           ;eusart.c: 103: TXREG = txData;
  1202  07A4  0870               	movf	EUSART_Write@txData,w
  1203  07A5  0023               	movlb	3	; select bank3
  1204  07A6  009A               	movwf	26	;volatile
  1205  07A7  0008               	return
  1206  07A8                     __end_of_EUSART_Write:	
  1207                           
  1208                           	psect	text6
  1209  07BC                     __ptext6:	
  1210 ;; *************** function _EUSART_Read *****************
  1211 ;; Defined at:
  1212 ;;		line 77 in file "mcc_generated_files/eusart.c"
  1213 ;; Parameters:    Size  Location     Type
  1214 ;;		None
  1215 ;; Auto vars:     Size  Location     Type
  1216 ;;		None
  1217 ;; Return value:  Size  Location     Type
  1218 ;;                  1    wreg      unsigned char 
  1219 ;; Registers used:
  1220 ;;		wreg
  1221 ;; Tracked objects:
  1222 ;;		On entry : 0/0
  1223 ;;		On exit  : 0/0
  1224 ;;		Unchanged: 0/0
  1225 ;; Data sizes:     COMMON   BANK0   BANK1   BANK2   BANK3   BANK4   BANK5   BANK6
  1226 ;;      Params:         0       0       0       0       0       0       0       0
  1227 ;;      Locals:         0       0       0       0       0       0       0       0
  1228 ;;      Temps:          0       0       0       0       0       0       0       0
  1229 ;;      Totals:         0       0       0       0       0       0       0       0
  1230 ;;Total ram usage:        0 bytes
  1231 ;; Hardware stack levels used:    1
  1232 ;; This function calls:
  1233 ;;		Nothing
  1234 ;; This function is called by:
  1235 ;;		_main
  1236 ;;		_getch
  1237 ;; This function uses a non-reentrant model
  1238 ;;
  1239                           
  1240                           
  1241                           ;psect for function _EUSART_Read
  1242  07BC                     _EUSART_Read:	
  1243                           
  1244                           ;eusart.c: 80: RCSTAbits.SREN = 1;
  1245                           
  1246                           ;incstack = 0
  1247                           ; Regs used in _EUSART_Read: [wreg]
  1248  07BC  0023               	movlb	3	; select bank3
  1249  07BD  169D               	bsf	29,5	;volatile
  1250  07BE                     l24:	
  1251                           ;eusart.c: 82: {
  1252                           
  1253                           ;eusart.c: 81: while(!PIR1bits.RCIF)
  1254                           
  1255  07BE  0020               	movlb	0	; select bank0
  1256  07BF  1E91               	btfss	17,5	;volatile
  1257  07C0  2FBE               	goto	l24
  1258                           
  1259                           ;eusart.c: 83: }
  1260                           ;eusart.c: 86: if(1 == RCSTAbits.OERR)
  1261  07C1  0023               	movlb	3	; select bank3
  1262  07C2  1C9D               	btfss	29,1	;volatile
  1263  07C3  2FC6               	goto	l615
  1264                           
  1265                           ;eusart.c: 87: {
  1266                           ;eusart.c: 90: RCSTAbits.SPEN = 0;
  1267  07C4  139D               	bcf	29,7	;volatile
  1268                           
  1269                           ;eusart.c: 91: RCSTAbits.SPEN = 1;
  1270  07C5  179D               	bsf	29,7	;volatile
  1271  07C6                     l615:	
  1272                           
  1273                           ;eusart.c: 92: }
  1274                           ;eusart.c: 94: return RCREG;
  1275  07C6  0819               	movf	25,w	;volatile
  1276  07C7  0008               	return
  1277  07C8                     __end_of_EUSART_Read:	
  1278  007E                     btemp	set	126	;btemp
  1279  007E                     wtemp	set	126
  1280  007E                     wtemp0	set	126
  1281  0080                     wtemp1	set	128
  1282  0082                     wtemp2	set	130
  1283  0084                     wtemp3	set	132
  1284  0086                     wtemp4	set	134
  1285  0088                     wtemp5	set	136
  1286  007F                     wtemp6	set	127
  1287  007E                     ttemp	set	126
  1288  007E                     ttemp0	set	126
  1289  0081                     ttemp1	set	129
  1290  0084                     ttemp2	set	132
  1291  0087                     ttemp3	set	135
  1292  007F                     ttemp4	set	127
  1293  007E                     ltemp	set	126
  1294  007E                     ltemp0	set	126
  1295  0082                     ltemp1	set	130
  1296  0086                     ltemp2	set	134
  1297  0080                     ltemp3	set	128


Data Sizes:
    Strings     0
    Constant    0
    Data        0
    BSS         0
    Persistent  0
    Stack       0

Auto Spaces:
    Space          Size  Autos    Used
    COMMON           14      3       3
    BANK0            80      0       0
    BANK1            80      0       0
    BANK2            80      0       0
    BANK3            80      0       0
    BANK4            80      0       0
    BANK5            80      0       0
    BANK6            16      0       0

Pointer List with Targets:

    None.

Critical Paths under _main in COMMON

    _main->_EUSART_Write

Critical Paths under _main in BANK0

    None.

Critical Paths under _main in BANK1

    None.

Critical Paths under _main in BANK2

    None.

Critical Paths under _main in BANK3

    None.

Critical Paths under _main in BANK4

    None.

Critical Paths under _main in BANK5

    None.

Critical Paths under _main in BANK6

    None.

Call Graph Tables:

 ---------------------------------------------------------------------------------
 (Depth) Function   	        Calls       Base Space   Used Autos Params    Refs
 ---------------------------------------------------------------------------------
 (0) _main                                                 2     2      0      30
                                              1 COMMON     2     2      0
                        _EUSART_Read
                       _EUSART_Write
                  _SYSTEM_Initialize
 ---------------------------------------------------------------------------------
 (1) _SYSTEM_Initialize                                    0     0      0       0
                  _EUSART_Initialize
              _OSCILLATOR_Initialize
             _PIN_MANAGER_Initialize
 ---------------------------------------------------------------------------------
 (2) _PIN_MANAGER_Initialize                               0     0      0       0
 ---------------------------------------------------------------------------------
 (2) _OSCILLATOR_Initialize                                0     0      0       0
 ---------------------------------------------------------------------------------
 (2) _EUSART_Initialize                                    0     0      0       0
 ---------------------------------------------------------------------------------
 (1) _EUSART_Write                                         1     1      0      15
                                              0 COMMON     1     1      0
 ---------------------------------------------------------------------------------
 (1) _EUSART_Read                                          0     0      0       0
 ---------------------------------------------------------------------------------
 Estimated maximum stack depth 2
 ---------------------------------------------------------------------------------

 Call Graph Graphs:

 _main (ROOT)
   _EUSART_Read
   _EUSART_Write
   _SYSTEM_Initialize
     _EUSART_Initialize
     _OSCILLATOR_Initialize
     _PIN_MANAGER_Initialize

 Address spaces:
Name               Size   Autos  Total    Cost      Usage
BIGRAM             1F0      0       0       0        0.0%
EEDATA             100      0       0       0        0.0%
NULL                 0      0       0       0        0.0%
CODE                 0      0       0       0        0.0%
BITCOMMON            E      0       0       1        0.0%
BITSFR0              0      0       0       1        0.0%
SFR0                 0      0       0       1        0.0%
COMMON               E      3       3       2       21.4%
BITSFR1              0      0       0       2        0.0%
SFR1                 0      0       0       2        0.0%
BITSFR2              0      0       0       3        0.0%
SFR2                 0      0       0       3        0.0%
STACK                0      0       0       3        0.0%
BITSFR3              0      0       0       4        0.0%
SFR3                 0      0       0       4        0.0%
ABS                  0      0       0       4        0.0%
BITBANK0            50      0       0       5        0.0%
BITSFR4              0      0       0       5        0.0%
SFR4                 0      0       0       5        0.0%
BANK0               50      0       0       6        0.0%
BITSFR5              0      0       0       6        0.0%
SFR5                 0      0       0       6        0.0%
BITBANK1            50      0       0       7        0.0%
BITSFR6              0      0       0       7        0.0%
SFR6                 0      0       0       7        0.0%
BANK1               50      0       0       8        0.0%
BITSFR7              0      0       0       8        0.0%
SFR7                 0      0       0       8        0.0%
BITBANK2            50      0       0       9        0.0%
BITSFR8              0      0       0       9        0.0%
SFR8                 0      0       0       9        0.0%
BANK2               50      0       0      10        0.0%
BITSFR9              0      0       0      10        0.0%
SFR9                 0      0       0      10        0.0%
BITBANK3            50      0       0      11        0.0%
BITSFR10             0      0       0      11        0.0%
SFR10                0      0       0      11        0.0%
BANK3               50      0       0      12        0.0%
BITSFR11             0      0       0      12        0.0%
SFR11                0      0       0      12        0.0%
BITBANK4            50      0       0      13        0.0%
BITSFR12             0      0       0      13        0.0%
SFR12                0      0       0      13        0.0%
BANK4               50      0       0      14        0.0%
BITSFR13             0      0       0      14        0.0%
SFR13                0      0       0      14        0.0%
BITBANK5            50      0       0      15        0.0%
BITSFR14             0      0       0      15        0.0%
SFR14                0      0       0      15        0.0%
BANK5               50      0       0      16        0.0%
BITSFR15             0      0       0      16        0.0%
SFR15                0      0       0      16        0.0%
BITBANK6            10      0       0      17        0.0%
BITSFR16             0      0       0      17        0.0%
SFR16                0      0       0      17        0.0%
BANK6               10      0       0      18        0.0%
BITSFR17             0      0       0      18        0.0%
SFR17                0      0       0      18        0.0%
BITSFR18             0      0       0      19        0.0%
SFR18                0      0       0      19        0.0%
DATA                 0      0       0      19        0.0%
BITSFR19             0      0       0      20        0.0%
SFR19                0      0       0      20        0.0%
BITSFR20             0      0       0      21        0.0%
SFR20                0      0       0      21        0.0%
BITSFR21             0      0       0      22        0.0%
SFR21                0      0       0      22        0.0%
BITSFR22             0      0       0      23        0.0%
SFR22                0      0       0      23        0.0%
BITSFR23             0      0       0      24        0.0%
SFR23                0      0       0      24        0.0%
BITSFR24             0      0       0      25        0.0%
SFR24                0      0       0      25        0.0%
BITSFR25             0      0       0      26        0.0%
SFR25                0      0       0      26        0.0%
BITSFR26             0      0       0      27        0.0%
SFR26                0      0       0      27        0.0%
BITSFR27             0      0       0      28        0.0%
SFR27                0      0       0      28        0.0%
BITSFR28             0      0       0      29        0.0%
SFR28                0      0       0      29        0.0%
BITSFR29             0      0       0      30        0.0%
SFR29                0      0       0      30        0.0%
BITSFR30             0      0       0      31        0.0%
SFR30                0      0       0      31        0.0%
BITSFR31             0      0       0      32        0.0%
SFR31                0      0       0      32        0.0%


Microchip Technology PIC Macro Assembler V1.38 build -256452561 
Symbol Table                                                                                   Thu Sep 22 12:29:12 2016

                    __CFG_CP$OFF 0000                               l31 07A1                               l24 07BE  
                            l615 07C6                              l633 07CB                     __CFG_CPD$OFF 0000  
                   __CFG_BORV$LO 0000                     __CFG_IESO$ON 0000                     __CFG_FOSC$HS 0000  
                   ?_EUSART_Read 0070                     __CFG_LVP$OFF 0000                             _LATA 010C  
                           _LATB 010D                             _LATC 010E                             _LATD 010F  
                           _LATE 0110                             _WPUB 020D                             _WPUE 0210  
                   __CFG_WRT$OFF 0000                    __CFG_FCMEN$ON 0000                             _main 07C8  
                           btemp 007E                    __CFG_BOREN$ON 0000                             ltemp 007E  
                           start 0002                             ttemp 007E                             wtemp 007E  
                  __CFG_MCLRE$ON 0000                    ?_EUSART_Write 0070   __size_of_OSCILLATOR_Initialize 0006  
  __end_of_OSCILLATOR_Initialize 07A0                            ?_main 0070                    __CFG_WDTE$OFF 0000  
                          _RCREG 0199                            _RCSTA 019D                            _TRISA 008C  
                          _TRISB 008D                            _TRISC 008E                            _TRISD 008F  
                          _TRISE 0090                            _TXREG 019A                            _TXSTA 019E  
                          ltemp0 007E                            ltemp1 0082                            ltemp2 0086  
                          ltemp3 0080                            ttemp0 007E                            ttemp1 0081  
                          ttemp2 0084                            ttemp3 0087                            ttemp4 007F  
                          wtemp0 007E                            wtemp1 0080                            wtemp2 0082  
                          wtemp3 0084                            wtemp4 0086                            wtemp5 0088  
                          wtemp6 007F                  __initialization 07FD                     __end_of_main 07D6  
                 ??_EUSART_Write 0070                           ??_main 0071                   __CFG_PLLEN$OFF 0000  
                         _APFCON 011D                           _ANSELA 018C                           _ANSELB 018D  
                         _ANSELD 018F                           _ANSELE 0190                           _OSCCON 0099  
                         _SPBRGH 019C                           _SPBRGL 019B                   __CFG_PWRTE$OFF 0000  
                 __CFG_STVREN$ON 0000             __size_of_EUSART_Read 000C                _SYSTEM_Initialize 07A8  
        __end_of__initialization 07FD               ?_SYSTEM_Initialize 0070                   __pcstackCOMMON 0070  
            ??_SYSTEM_Initialize 0070                   _OPTION_REGbits 0095        __end_of_SYSTEM_Initialize 07B1  
           __end_of_EUSART_Write 07A8                  __CFG_VCAPEN$OFF 0000                       __pmaintext 07C8  
                        _BAUDCON 019F                          _OSCSTAT 009A                          _OSCTUNE 0098  
                        __ptext1 07A8                          __ptext2 07D6                          __ptext3 079A  
                        __ptext4 07B1                          __ptext5 07A0                          __ptext6 07BC  
          _OSCILLATOR_Initialize 079A         ??_PIN_MANAGER_Initialize 0070       __size_of_SYSTEM_Initialize 0009  
           end_of_initialization 07FD                _EUSART_Initialize 07B1               ?_EUSART_Initialize 0070  
                      _RCSTAbits 019D              ??_EUSART_Initialize 0070            __size_of_EUSART_Write 0008  
      __end_of_EUSART_Initialize 07BC                     _EUSART_Write 07A0           ?_OSCILLATOR_Initialize 0070  
            start_initialization 07FD  __size_of_PIN_MANAGER_Initialize 0027                    ??_EUSART_Read 0070  
                      ___latbits 0002       __size_of_EUSART_Initialize 000B              __end_of_EUSART_Read 07C8  
         _PIN_MANAGER_Initialize 07D6                         _PIR1bits 0011                      _EUSART_Read 07BC  
        ??_OSCILLATOR_Initialize 0070                    __size_of_main 000E                         main@dato 0072  
        ?_PIN_MANAGER_Initialize 0070                __CFG_CLKOUTEN$OFF 0000               EUSART_Write@txData 0070  
 __end_of_PIN_MANAGER_Initialize 07FD  
