

Microchip MPLAB XC8 Assembler V2.05 build -831301201 
                                                                                               Sat Feb 02 14:53:46 2019

Microchip MPLAB XC8 C Compiler v2.05 (Free license) build 20181220022703 Og1 
     1                           	processor	16F1937
     2                           	opt	pw 120
     3                           	opt	flic
     4                           	psect	cinit,global,class=CODE,merge=1,delta=2
     5                           	psect	bssCOMMON,global,class=COMMON,space=1,delta=1
     6                           	psect	cstackCOMMON,global,class=COMMON,space=1,delta=1
     7                           	psect	maintext,global,class=CODE,merge=1,split=1,delta=2
     8                           	psect	text1,local,class=CODE,merge=1,delta=2
     9                           	psect	text2,local,class=CODE,merge=1,delta=2
    10                           	psect	text3,local,class=CODE,merge=1,delta=2
    11                           	psect	text4,local,class=CODE,merge=1,delta=2
    12                           	psect	intentry,global,class=CODE,delta=2
    13                           	psect	text6,local,class=CODE,merge=1,delta=2
    14                           	dabs	1,0x7E,2
    15  0000                     
    16                           ; Version 2.05
    17                           ; Generated 20/12/2018 GMT
    18                           ; 
    19                           ; Copyright © 2018, Microchip Technology Inc. and its subsidiaries ("Microchip")
    20                           ; All rights reserved.
    21                           ; 
    22                           ; This software is developed by Microchip Technology Inc. and its subsidiaries ("Microch
      +                          ip").
    23                           ; 
    24                           ; Redistribution and use in source and binary forms, with or without modification, are
    25                           ; permitted provided that the following conditions are met:
    26                           ; 
    27                           ;     1. Redistributions of source code must retain the above copyright notice, this lis
      +                          t of
    28                           ;        conditions and the following disclaimer.
    29                           ; 
    30                           ;     2. Redistributions in binary form must reproduce the above copyright notice, this 
      +                          list
    31                           ;        of conditions and the following disclaimer in the documentation and/or other
    32                           ;        materials provided with the distribution.
    33                           ; 
    34                           ;     3. Microchip's name may not be used to endorse or promote products derived from th
      +                          is
    35                           ;        software without specific prior written permission.
    36                           ; 
    37                           ; THIS SOFTWARE IS PROVIDED BY MICROCHIP "AS IS" AND ANY EXPRESS OR IMPLIED WARRANTIES,
    38                           ; INCLUDING, BUT NOT LIMITED TO, THE IMPLIED WARRANTIES OF MERCHANTABILITY AND FITNESS F
      +                          OR
    39                           ; PURPOSE ARE DISCLAIMED.  IN NO EVENT SHALL MICROCHIP BE LIABLE FOR ANY DIRECT, INDIREC
      +                          T,
    40                           ; INCIDENTAL, SPECIAL, EXEMPLARY, OR CONSEQUENTIAL DAMAGES (INCLUDING BUT NOT LIMITED TO
    41                           ; PROCUREMENT OF SUBSTITUTE GOODS OR SERVICES; LOSS OF USE, DATA OR PROFITS; OR BUSINESS
    42                           ; INTERRUPTION) HOWSOEVER CAUSED AND ON ANY THEORY OF LIABILITY, WHETHER IN CONTRACT, ST
      +                          RICT
    43                           ; LIABILITY, OR TORT (INCLUDING NEGLIGENCE OR OTHERWISE) ARISING IN ANY WAY OUT OF THE U
      +                          SE OF
    44                           ; THIS SOFTWARE, EVEN IF ADVISED OF THE POSSIBILITY OF SUCH DAMAGE.
    45                           ; 
    46                           ; 
    47                           ; Code-generator required, PIC16F1937 Definitions
    48                           ; 
    49                           ; SFR Addresses
    50  0000                     	;# 
    51  0001                     	;# 
    52  0002                     	;# 
    53  0003                     	;# 
    54  0004                     	;# 
    55  0005                     	;# 
    56  0006                     	;# 
    57  0007                     	;# 
    58  0008                     	;# 
    59  0009                     	;# 
    60  000A                     	;# 
    61  000B                     	;# 
    62  000C                     	;# 
    63  000D                     	;# 
    64  000E                     	;# 
    65  000F                     	;# 
    66  0010                     	;# 
    67  0011                     	;# 
    68  0012                     	;# 
    69  0013                     	;# 
    70  0015                     	;# 
    71  0016                     	;# 
    72  0016                     	;# 
    73  0017                     	;# 
    74  0018                     	;# 
    75  0019                     	;# 
    76  001A                     	;# 
    77  001B                     	;# 
    78  001C                     	;# 
    79  001E                     	;# 
    80  001F                     	;# 
    81  008C                     	;# 
    82  008D                     	;# 
    83  008E                     	;# 
    84  008F                     	;# 
    85  0090                     	;# 
    86  0091                     	;# 
    87  0092                     	;# 
    88  0093                     	;# 
    89  0095                     	;# 
    90  0096                     	;# 
    91  0097                     	;# 
    92  0098                     	;# 
    93  0099                     	;# 
    94  009A                     	;# 
    95  009B                     	;# 
    96  009B                     	;# 
    97  009C                     	;# 
    98  009D                     	;# 
    99  009E                     	;# 
   100  010C                     	;# 
   101  010D                     	;# 
   102  010E                     	;# 
   103  010F                     	;# 
   104  0110                     	;# 
   105  0111                     	;# 
   106  0112                     	;# 
   107  0113                     	;# 
   108  0114                     	;# 
   109  0115                     	;# 
   110  0116                     	;# 
   111  0117                     	;# 
   112  0118                     	;# 
   113  0119                     	;# 
   114  011A                     	;# 
   115  011B                     	;# 
   116  011D                     	;# 
   117  018C                     	;# 
   118  018D                     	;# 
   119  018F                     	;# 
   120  0190                     	;# 
   121  0191                     	;# 
   122  0191                     	;# 
   123  0192                     	;# 
   124  0193                     	;# 
   125  0193                     	;# 
   126  0193                     	;# 
   127  0194                     	;# 
   128  0195                     	;# 
   129  0196                     	;# 
   130  0199                     	;# 
   131  019A                     	;# 
   132  019B                     	;# 
   133  019B                     	;# 
   134  019B                     	;# 
   135  019B                     	;# 
   136  019C                     	;# 
   137  019C                     	;# 
   138  019D                     	;# 
   139  019E                     	;# 
   140  019F                     	;# 
   141  020D                     	;# 
   142  0210                     	;# 
   143  0211                     	;# 
   144  0212                     	;# 
   145  0213                     	;# 
   146  0214                     	;# 
   147  0215                     	;# 
   148  0215                     	;# 
   149  0216                     	;# 
   150  0217                     	;# 
   151  0291                     	;# 
   152  0291                     	;# 
   153  0292                     	;# 
   154  0293                     	;# 
   155  0294                     	;# 
   156  0295                     	;# 
   157  0295                     	;# 
   158  0296                     	;# 
   159  0298                     	;# 
   160  0298                     	;# 
   161  0299                     	;# 
   162  029A                     	;# 
   163  029B                     	;# 
   164  029C                     	;# 
   165  029C                     	;# 
   166  029D                     	;# 
   167  029E                     	;# 
   168  029F                     	;# 
   169  0311                     	;# 
   170  0311                     	;# 
   171  0312                     	;# 
   172  0313                     	;# 
   173  0314                     	;# 
   174  0315                     	;# 
   175  0315                     	;# 
   176  0316                     	;# 
   177  0318                     	;# 
   178  0318                     	;# 
   179  0319                     	;# 
   180  031A                     	;# 
   181  031C                     	;# 
   182  031C                     	;# 
   183  031D                     	;# 
   184  031E                     	;# 
   185  0394                     	;# 
   186  0395                     	;# 
   187  0396                     	;# 
   188  0415                     	;# 
   189  0416                     	;# 
   190  0417                     	;# 
   191  041C                     	;# 
   192  041D                     	;# 
   193  041E                     	;# 
   194  0791                     	;# 
   195  0792                     	;# 
   196  0793                     	;# 
   197  0794                     	;# 
   198  0795                     	;# 
   199  0798                     	;# 
   200  0799                     	;# 
   201  079A                     	;# 
   202  07A0                     	;# 
   203  07A1                     	;# 
   204  07A2                     	;# 
   205  07A3                     	;# 
   206  07A4                     	;# 
   207  07A5                     	;# 
   208  07A6                     	;# 
   209  07A7                     	;# 
   210  07A8                     	;# 
   211  07A9                     	;# 
   212  07AA                     	;# 
   213  07AB                     	;# 
   214  0FE4                     	;# 
   215  0FE5                     	;# 
   216  0FE6                     	;# 
   217  0FE7                     	;# 
   218  0FE8                     	;# 
   219  0FE9                     	;# 
   220  0FEA                     	;# 
   221  0FEB                     	;# 
   222  0FED                     	;# 
   223  0FEE                     	;# 
   224  0FEF                     	;# 
   225  0000                     	;# 
   226  0001                     	;# 
   227  0002                     	;# 
   228  0003                     	;# 
   229  0004                     	;# 
   230  0005                     	;# 
   231  0006                     	;# 
   232  0007                     	;# 
   233  0008                     	;# 
   234  0009                     	;# 
   235  000A                     	;# 
   236  000B                     	;# 
   237  000C                     	;# 
   238  000D                     	;# 
   239  000E                     	;# 
   240  000F                     	;# 
   241  0010                     	;# 
   242  0011                     	;# 
   243  0012                     	;# 
   244  0013                     	;# 
   245  0015                     	;# 
   246  0016                     	;# 
   247  0016                     	;# 
   248  0017                     	;# 
   249  0018                     	;# 
   250  0019                     	;# 
   251  001A                     	;# 
   252  001B                     	;# 
   253  001C                     	;# 
   254  001E                     	;# 
   255  001F                     	;# 
   256  008C                     	;# 
   257  008D                     	;# 
   258  008E                     	;# 
   259  008F                     	;# 
   260  0090                     	;# 
   261  0091                     	;# 
   262  0092                     	;# 
   263  0093                     	;# 
   264  0095                     	;# 
   265  0096                     	;# 
   266  0097                     	;# 
   267  0098                     	;# 
   268  0099                     	;# 
   269  009A                     	;# 
   270  009B                     	;# 
   271  009B                     	;# 
   272  009C                     	;# 
   273  009D                     	;# 
   274  009E                     	;# 
   275  010C                     	;# 
   276  010D                     	;# 
   277  010E                     	;# 
   278  010F                     	;# 
   279  0110                     	;# 
   280  0111                     	;# 
   281  0112                     	;# 
   282  0113                     	;# 
   283  0114                     	;# 
   284  0115                     	;# 
   285  0116                     	;# 
   286  0117                     	;# 
   287  0118                     	;# 
   288  0119                     	;# 
   289  011A                     	;# 
   290  011B                     	;# 
   291  011D                     	;# 
   292  018C                     	;# 
   293  018D                     	;# 
   294  018F                     	;# 
   295  0190                     	;# 
   296  0191                     	;# 
   297  0191                     	;# 
   298  0192                     	;# 
   299  0193                     	;# 
   300  0193                     	;# 
   301  0193                     	;# 
   302  0194                     	;# 
   303  0195                     	;# 
   304  0196                     	;# 
   305  0199                     	;# 
   306  019A                     	;# 
   307  019B                     	;# 
   308  019B                     	;# 
   309  019B                     	;# 
   310  019B                     	;# 
   311  019C                     	;# 
   312  019C                     	;# 
   313  019D                     	;# 
   314  019E                     	;# 
   315  019F                     	;# 
   316  020D                     	;# 
   317  0210                     	;# 
   318  0211                     	;# 
   319  0212                     	;# 
   320  0213                     	;# 
   321  0214                     	;# 
   322  0215                     	;# 
   323  0215                     	;# 
   324  0216                     	;# 
   325  0217                     	;# 
   326  0291                     	;# 
   327  0291                     	;# 
   328  0292                     	;# 
   329  0293                     	;# 
   330  0294                     	;# 
   331  0295                     	;# 
   332  0295                     	;# 
   333  0296                     	;# 
   334  0298                     	;# 
   335  0298                     	;# 
   336  0299                     	;# 
   337  029A                     	;# 
   338  029B                     	;# 
   339  029C                     	;# 
   340  029C                     	;# 
   341  029D                     	;# 
   342  029E                     	;# 
   343  029F                     	;# 
   344  0311                     	;# 
   345  0311                     	;# 
   346  0312                     	;# 
   347  0313                     	;# 
   348  0314                     	;# 
   349  0315                     	;# 
   350  0315                     	;# 
   351  0316                     	;# 
   352  0318                     	;# 
   353  0318                     	;# 
   354  0319                     	;# 
   355  031A                     	;# 
   356  031C                     	;# 
   357  031C                     	;# 
   358  031D                     	;# 
   359  031E                     	;# 
   360  0394                     	;# 
   361  0395                     	;# 
   362  0396                     	;# 
   363  0415                     	;# 
   364  0416                     	;# 
   365  0417                     	;# 
   366  041C                     	;# 
   367  041D                     	;# 
   368  041E                     	;# 
   369  0791                     	;# 
   370  0792                     	;# 
   371  0793                     	;# 
   372  0794                     	;# 
   373  0795                     	;# 
   374  0798                     	;# 
   375  0799                     	;# 
   376  079A                     	;# 
   377  07A0                     	;# 
   378  07A1                     	;# 
   379  07A2                     	;# 
   380  07A3                     	;# 
   381  07A4                     	;# 
   382  07A5                     	;# 
   383  07A6                     	;# 
   384  07A7                     	;# 
   385  07A8                     	;# 
   386  07A9                     	;# 
   387  07AA                     	;# 
   388  07AB                     	;# 
   389  0FE4                     	;# 
   390  0FE5                     	;# 
   391  0FE6                     	;# 
   392  0FE7                     	;# 
   393  0FE8                     	;# 
   394  0FE9                     	;# 
   395  0FEA                     	;# 
   396  0FEB                     	;# 
   397  0FED                     	;# 
   398  0FEE                     	;# 
   399  0FEF                     	;# 
   400  0000                     	;# 
   401  0001                     	;# 
   402  0002                     	;# 
   403  0003                     	;# 
   404  0004                     	;# 
   405  0005                     	;# 
   406  0006                     	;# 
   407  0007                     	;# 
   408  0008                     	;# 
   409  0009                     	;# 
   410  000A                     	;# 
   411  000B                     	;# 
   412  000C                     	;# 
   413  000D                     	;# 
   414  000E                     	;# 
   415  000F                     	;# 
   416  0010                     	;# 
   417  0011                     	;# 
   418  0012                     	;# 
   419  0013                     	;# 
   420  0015                     	;# 
   421  0016                     	;# 
   422  0016                     	;# 
   423  0017                     	;# 
   424  0018                     	;# 
   425  0019                     	;# 
   426  001A                     	;# 
   427  001B                     	;# 
   428  001C                     	;# 
   429  001E                     	;# 
   430  001F                     	;# 
   431  008C                     	;# 
   432  008D                     	;# 
   433  008E                     	;# 
   434  008F                     	;# 
   435  0090                     	;# 
   436  0091                     	;# 
   437  0092                     	;# 
   438  0093                     	;# 
   439  0095                     	;# 
   440  0096                     	;# 
   441  0097                     	;# 
   442  0098                     	;# 
   443  0099                     	;# 
   444  009A                     	;# 
   445  009B                     	;# 
   446  009B                     	;# 
   447  009C                     	;# 
   448  009D                     	;# 
   449  009E                     	;# 
   450  010C                     	;# 
   451  010D                     	;# 
   452  010E                     	;# 
   453  010F                     	;# 
   454  0110                     	;# 
   455  0111                     	;# 
   456  0112                     	;# 
   457  0113                     	;# 
   458  0114                     	;# 
   459  0115                     	;# 
   460  0116                     	;# 
   461  0117                     	;# 
   462  0118                     	;# 
   463  0119                     	;# 
   464  011A                     	;# 
   465  011B                     	;# 
   466  011D                     	;# 
   467  018C                     	;# 
   468  018D                     	;# 
   469  018F                     	;# 
   470  0190                     	;# 
   471  0191                     	;# 
   472  0191                     	;# 
   473  0192                     	;# 
   474  0193                     	;# 
   475  0193                     	;# 
   476  0193                     	;# 
   477  0194                     	;# 
   478  0195                     	;# 
   479  0196                     	;# 
   480  0199                     	;# 
   481  019A                     	;# 
   482  019B                     	;# 
   483  019B                     	;# 
   484  019B                     	;# 
   485  019B                     	;# 
   486  019C                     	;# 
   487  019C                     	;# 
   488  019D                     	;# 
   489  019E                     	;# 
   490  019F                     	;# 
   491  020D                     	;# 
   492  0210                     	;# 
   493  0211                     	;# 
   494  0212                     	;# 
   495  0213                     	;# 
   496  0214                     	;# 
   497  0215                     	;# 
   498  0215                     	;# 
   499  0216                     	;# 
   500  0217                     	;# 
   501  0291                     	;# 
   502  0291                     	;# 
   503  0292                     	;# 
   504  0293                     	;# 
   505  0294                     	;# 
   506  0295                     	;# 
   507  0295                     	;# 
   508  0296                     	;# 
   509  0298                     	;# 
   510  0298                     	;# 
   511  0299                     	;# 
   512  029A                     	;# 
   513  029B                     	;# 
   514  029C                     	;# 
   515  029C                     	;# 
   516  029D                     	;# 
   517  029E                     	;# 
   518  029F                     	;# 
   519  0311                     	;# 
   520  0311                     	;# 
   521  0312                     	;# 
   522  0313                     	;# 
   523  0314                     	;# 
   524  0315                     	;# 
   525  0315                     	;# 
   526  0316                     	;# 
   527  0318                     	;# 
   528  0318                     	;# 
   529  0319                     	;# 
   530  031A                     	;# 
   531  031C                     	;# 
   532  031C                     	;# 
   533  031D                     	;# 
   534  031E                     	;# 
   535  0394                     	;# 
   536  0395                     	;# 
   537  0396                     	;# 
   538  0415                     	;# 
   539  0416                     	;# 
   540  0417                     	;# 
   541  041C                     	;# 
   542  041D                     	;# 
   543  041E                     	;# 
   544  0791                     	;# 
   545  0792                     	;# 
   546  0793                     	;# 
   547  0794                     	;# 
   548  0795                     	;# 
   549  0798                     	;# 
   550  0799                     	;# 
   551  079A                     	;# 
   552  07A0                     	;# 
   553  07A1                     	;# 
   554  07A2                     	;# 
   555  07A3                     	;# 
   556  07A4                     	;# 
   557  07A5                     	;# 
   558  07A6                     	;# 
   559  07A7                     	;# 
   560  07A8                     	;# 
   561  07A9                     	;# 
   562  07AA                     	;# 
   563  07AB                     	;# 
   564  0FE4                     	;# 
   565  0FE5                     	;# 
   566  0FE6                     	;# 
   567  0FE7                     	;# 
   568  0FE8                     	;# 
   569  0FE9                     	;# 
   570  0FEA                     	;# 
   571  0FEB                     	;# 
   572  0FED                     	;# 
   573  0FEE                     	;# 
   574  0FEF                     	;# 
   575  0000                     	;# 
   576  0001                     	;# 
   577  0002                     	;# 
   578  0003                     	;# 
   579  0004                     	;# 
   580  0005                     	;# 
   581  0006                     	;# 
   582  0007                     	;# 
   583  0008                     	;# 
   584  0009                     	;# 
   585  000A                     	;# 
   586  000B                     	;# 
   587  000C                     	;# 
   588  000D                     	;# 
   589  000E                     	;# 
   590  000F                     	;# 
   591  0010                     	;# 
   592  0011                     	;# 
   593  0012                     	;# 
   594  0013                     	;# 
   595  0015                     	;# 
   596  0016                     	;# 
   597  0016                     	;# 
   598  0017                     	;# 
   599  0018                     	;# 
   600  0019                     	;# 
   601  001A                     	;# 
   602  001B                     	;# 
   603  001C                     	;# 
   604  001E                     	;# 
   605  001F                     	;# 
   606  008C                     	;# 
   607  008D                     	;# 
   608  008E                     	;# 
   609  008F                     	;# 
   610  0090                     	;# 
   611  0091                     	;# 
   612  0092                     	;# 
   613  0093                     	;# 
   614  0095                     	;# 
   615  0096                     	;# 
   616  0097                     	;# 
   617  0098                     	;# 
   618  0099                     	;# 
   619  009A                     	;# 
   620  009B                     	;# 
   621  009B                     	;# 
   622  009C                     	;# 
   623  009D                     	;# 
   624  009E                     	;# 
   625  010C                     	;# 
   626  010D                     	;# 
   627  010E                     	;# 
   628  010F                     	;# 
   629  0110                     	;# 
   630  0111                     	;# 
   631  0112                     	;# 
   632  0113                     	;# 
   633  0114                     	;# 
   634  0115                     	;# 
   635  0116                     	;# 
   636  0117                     	;# 
   637  0118                     	;# 
   638  0119                     	;# 
   639  011A                     	;# 
   640  011B                     	;# 
   641  011D                     	;# 
   642  018C                     	;# 
   643  018D                     	;# 
   644  018F                     	;# 
   645  0190                     	;# 
   646  0191                     	;# 
   647  0191                     	;# 
   648  0192                     	;# 
   649  0193                     	;# 
   650  0193                     	;# 
   651  0193                     	;# 
   652  0194                     	;# 
   653  0195                     	;# 
   654  0196                     	;# 
   655  0199                     	;# 
   656  019A                     	;# 
   657  019B                     	;# 
   658  019B                     	;# 
   659  019B                     	;# 
   660  019B                     	;# 
   661  019C                     	;# 
   662  019C                     	;# 
   663  019D                     	;# 
   664  019E                     	;# 
   665  019F                     	;# 
   666  020D                     	;# 
   667  0210                     	;# 
   668  0211                     	;# 
   669  0212                     	;# 
   670  0213                     	;# 
   671  0214                     	;# 
   672  0215                     	;# 
   673  0215                     	;# 
   674  0216                     	;# 
   675  0217                     	;# 
   676  0291                     	;# 
   677  0291                     	;# 
   678  0292                     	;# 
   679  0293                     	;# 
   680  0294                     	;# 
   681  0295                     	;# 
   682  0295                     	;# 
   683  0296                     	;# 
   684  0298                     	;# 
   685  0298                     	;# 
   686  0299                     	;# 
   687  029A                     	;# 
   688  029B                     	;# 
   689  029C                     	;# 
   690  029C                     	;# 
   691  029D                     	;# 
   692  029E                     	;# 
   693  029F                     	;# 
   694  0311                     	;# 
   695  0311                     	;# 
   696  0312                     	;# 
   697  0313                     	;# 
   698  0314                     	;# 
   699  0315                     	;# 
   700  0315                     	;# 
   701  0316                     	;# 
   702  0318                     	;# 
   703  0318                     	;# 
   704  0319                     	;# 
   705  031A                     	;# 
   706  031C                     	;# 
   707  031C                     	;# 
   708  031D                     	;# 
   709  031E                     	;# 
   710  0394                     	;# 
   711  0395                     	;# 
   712  0396                     	;# 
   713  0415                     	;# 
   714  0416                     	;# 
   715  0417                     	;# 
   716  041C                     	;# 
   717  041D                     	;# 
   718  041E                     	;# 
   719  0791                     	;# 
   720  0792                     	;# 
   721  0793                     	;# 
   722  0794                     	;# 
   723  0795                     	;# 
   724  0798                     	;# 
   725  0799                     	;# 
   726  079A                     	;# 
   727  07A0                     	;# 
   728  07A1                     	;# 
   729  07A2                     	;# 
   730  07A3                     	;# 
   731  07A4                     	;# 
   732  07A5                     	;# 
   733  07A6                     	;# 
   734  07A7                     	;# 
   735  07A8                     	;# 
   736  07A9                     	;# 
   737  07AA                     	;# 
   738  07AB                     	;# 
   739  0FE4                     	;# 
   740  0FE5                     	;# 
   741  0FE6                     	;# 
   742  0FE7                     	;# 
   743  0FE8                     	;# 
   744  0FE9                     	;# 
   745  0FEA                     	;# 
   746  0FEB                     	;# 
   747  0FED                     	;# 
   748  0FEE                     	;# 
   749  0FEF                     	;# 
   750  0000                     	;# 
   751  0001                     	;# 
   752  0002                     	;# 
   753  0003                     	;# 
   754  0004                     	;# 
   755  0005                     	;# 
   756  0006                     	;# 
   757  0007                     	;# 
   758  0008                     	;# 
   759  0009                     	;# 
   760  000A                     	;# 
   761  000B                     	;# 
   762  000C                     	;# 
   763  000D                     	;# 
   764  000E                     	;# 
   765  000F                     	;# 
   766  0010                     	;# 
   767  0011                     	;# 
   768  0012                     	;# 
   769  0013                     	;# 
   770  0015                     	;# 
   771  0016                     	;# 
   772  0016                     	;# 
   773  0017                     	;# 
   774  0018                     	;# 
   775  0019                     	;# 
   776  001A                     	;# 
   777  001B                     	;# 
   778  001C                     	;# 
   779  001E                     	;# 
   780  001F                     	;# 
   781  008C                     	;# 
   782  008D                     	;# 
   783  008E                     	;# 
   784  008F                     	;# 
   785  0090                     	;# 
   786  0091                     	;# 
   787  0092                     	;# 
   788  0093                     	;# 
   789  0095                     	;# 
   790  0096                     	;# 
   791  0097                     	;# 
   792  0098                     	;# 
   793  0099                     	;# 
   794  009A                     	;# 
   795  009B                     	;# 
   796  009B                     	;# 
   797  009C                     	;# 
   798  009D                     	;# 
   799  009E                     	;# 
   800  010C                     	;# 
   801  010D                     	;# 
   802  010E                     	;# 
   803  010F                     	;# 
   804  0110                     	;# 
   805  0111                     	;# 
   806  0112                     	;# 
   807  0113                     	;# 
   808  0114                     	;# 
   809  0115                     	;# 
   810  0116                     	;# 
   811  0117                     	;# 
   812  0118                     	;# 
   813  0119                     	;# 
   814  011A                     	;# 
   815  011B                     	;# 
   816  011D                     	;# 
   817  018C                     	;# 
   818  018D                     	;# 
   819  018F                     	;# 
   820  0190                     	;# 
   821  0191                     	;# 
   822  0191                     	;# 
   823  0192                     	;# 
   824  0193                     	;# 
   825  0193                     	;# 
   826  0193                     	;# 
   827  0194                     	;# 
   828  0195                     	;# 
   829  0196                     	;# 
   830  0199                     	;# 
   831  019A                     	;# 
   832  019B                     	;# 
   833  019B                     	;# 
   834  019B                     	;# 
   835  019B                     	;# 
   836  019C                     	;# 
   837  019C                     	;# 
   838  019D                     	;# 
   839  019E                     	;# 
   840  019F                     	;# 
   841  020D                     	;# 
   842  0210                     	;# 
   843  0211                     	;# 
   844  0212                     	;# 
   845  0213                     	;# 
   846  0214                     	;# 
   847  0215                     	;# 
   848  0215                     	;# 
   849  0216                     	;# 
   850  0217                     	;# 
   851  0291                     	;# 
   852  0291                     	;# 
   853  0292                     	;# 
   854  0293                     	;# 
   855  0294                     	;# 
   856  0295                     	;# 
   857  0295                     	;# 
   858  0296                     	;# 
   859  0298                     	;# 
   860  0298                     	;# 
   861  0299                     	;# 
   862  029A                     	;# 
   863  029B                     	;# 
   864  029C                     	;# 
   865  029C                     	;# 
   866  029D                     	;# 
   867  029E                     	;# 
   868  029F                     	;# 
   869  0311                     	;# 
   870  0311                     	;# 
   871  0312                     	;# 
   872  0313                     	;# 
   873  0314                     	;# 
   874  0315                     	;# 
   875  0315                     	;# 
   876  0316                     	;# 
   877  0318                     	;# 
   878  0318                     	;# 
   879  0319                     	;# 
   880  031A                     	;# 
   881  031C                     	;# 
   882  031C                     	;# 
   883  031D                     	;# 
   884  031E                     	;# 
   885  0394                     	;# 
   886  0395                     	;# 
   887  0396                     	;# 
   888  0415                     	;# 
   889  0416                     	;# 
   890  0417                     	;# 
   891  041C                     	;# 
   892  041D                     	;# 
   893  041E                     	;# 
   894  0791                     	;# 
   895  0792                     	;# 
   896  0793                     	;# 
   897  0794                     	;# 
   898  0795                     	;# 
   899  0798                     	;# 
   900  0799                     	;# 
   901  079A                     	;# 
   902  07A0                     	;# 
   903  07A1                     	;# 
   904  07A2                     	;# 
   905  07A3                     	;# 
   906  07A4                     	;# 
   907  07A5                     	;# 
   908  07A6                     	;# 
   909  07A7                     	;# 
   910  07A8                     	;# 
   911  07A9                     	;# 
   912  07AA                     	;# 
   913  07AB                     	;# 
   914  0FE4                     	;# 
   915  0FE5                     	;# 
   916  0FE6                     	;# 
   917  0FE7                     	;# 
   918  0FE8                     	;# 
   919  0FE9                     	;# 
   920  0FEA                     	;# 
   921  0FEB                     	;# 
   922  0FED                     	;# 
   923  0FEE                     	;# 
   924  0FEF                     	;# 
   925  000F                     _PORTDbits	set	15
   926  000D                     _PORTB	set	13
   927  000B                     _INTCONbits	set	11
   928  0095                     _OPTION_REGbits	set	149
   929  008F                     _TRISD	set	143
   930  008E                     _TRISC	set	142
   931  008D                     _TRISB	set	141
   932  008C                     _TRISA	set	140
   933  0090                     _TRISE	set	144
   934  0097                     _WDTCON	set	151
   935  0098                     _OSCTUNE	set	152
   936  0099                     _OSCCON	set	153
   937  011D                     _APFCON	set	285
   938  010E                     _LATC	set	270
   939  010D                     _LATB	set	269
   940  010C                     _LATA	set	268
   941  0110                     _LATE	set	272
   942  0116                     _BORCON	set	278
   943  010F                     _LATD	set	271
   944  0110                     _LATEbits	set	272
   945  018C                     _ANSELA	set	396
   946  0190                     _ANSELE	set	400
   947  018D                     _ANSELB	set	397
   948  018F                     _ANSELD	set	399
   949  020D                     _WPUB	set	525
   950  0210                     _WPUE	set	528
   951  0394                     _IOCBPbits	set	916
   952  0395                     _IOCBNbits	set	917
   953  0396                     _IOCBFbits	set	918
   954                           
   955                           ; #config settings
   956  0000                     
   957                           	psect	cinit
   958  000F                     start_initialization:	
   959  000F                     __initialization:	
   960                           
   961                           ; Clear objects allocated to COMMON
   962  000F  01F4               	clrf	__pbssCOMMON& (0+127)
   963  0010  01F5               	clrf	(__pbssCOMMON+1)& (0+127)
   964  0011                     end_of_initialization:	
   965                           ;End of C runtime variable initialization code
   966                           
   967  0011                     __end_of__initialization:	
   968  0011  107E               	bcf	int$flags,0	;clear compiler interrupt flag (level 1)
   969  0012  0020               	movlb	0
   970  0013  3180  286F         	ljmp	_main	;jump to C main() function
   971                           
   972                           	psect	bssCOMMON
   973  0074                     __pbssCOMMON:	
   974  0074                     _digito:	
   975  0074                     	ds	2
   976                           
   977                           	psect	cstackCOMMON
   978  0070                     __pcstackCOMMON:	
   979  0070                     ?_SYSTEM_Initialize:	
   980  0070                     ??_SYSTEM_Initialize:	
   981                           ; 1 bytes @ 0x0
   982                           
   983  0070                     ?_PIN_MANAGER_IOC:	
   984                           ; 1 bytes @ 0x0
   985                           
   986  0070                     ??_PIN_MANAGER_IOC:	
   987                           ; 1 bytes @ 0x0
   988                           
   989  0070                     ?_PIN_MANAGER_Initialize:	
   990                           ; 1 bytes @ 0x0
   991                           
   992  0070                     ??_PIN_MANAGER_Initialize:	
   993                           ; 1 bytes @ 0x0
   994                           
   995  0070                     ?_OSCILLATOR_Initialize:	
   996                           ; 1 bytes @ 0x0
   997                           
   998  0070                     ??_OSCILLATOR_Initialize:	
   999                           ; 1 bytes @ 0x0
  1000                           
  1001  0070                     ?_WDT_Initialize:	
  1002                           ; 1 bytes @ 0x0
  1003                           
  1004  0070                     ??_WDT_Initialize:	
  1005                           ; 1 bytes @ 0x0
  1006                           
  1007  0070                     ?_main:	
  1008                           ; 1 bytes @ 0x0
  1009                           
  1010  0070                     ??_main:	
  1011                           ; 1 bytes @ 0x0
  1012                           
  1013  0070                     ?_INTERRUPT_InterruptManager:	
  1014                           ; 1 bytes @ 0x0
  1015                           
  1016  0070                     ??_INTERRUPT_InterruptManager:	
  1017                           ; 1 bytes @ 0x0
  1018                           
  1019                           
  1020                           ; 1 bytes @ 0x0
  1021  0070                     	ds	2
  1022  0072                     main@rota:	
  1023                           
  1024                           ; 1 bytes @ 0x2
  1025  0072                     	ds	1
  1026  0073                     main@n:	
  1027                           
  1028                           ; 1 bytes @ 0x3
  1029  0073                     	ds	1
  1030                           
  1031                           	psect	maintext
  1032  006F                     __pmaintext:	
  1033 ;;
  1034 ;;Main: autosize = 0, tempsize = 2, incstack = 0, save=0
  1035 ;;
  1036 ;; *************** function _main *****************
  1037 ;; Defined at:
  1038 ;;		line 49 in file "main.c"
  1039 ;; Parameters:    Size  Location     Type
  1040 ;;		None
  1041 ;; Auto vars:     Size  Location     Type
  1042 ;;  n               1    3[COMMON] unsigned char 
  1043 ;;  rota            1    2[COMMON] unsigned char 
  1044 ;; Return value:  Size  Location     Type
  1045 ;;                  1    wreg      void 
  1046 ;; Registers used:
  1047 ;;		wreg, status,2, status,0, pclath, cstack
  1048 ;; Tracked objects:
  1049 ;;		On entry : B1F/0
  1050 ;;		On exit  : 0/0
  1051 ;;		Unchanged: 0/0
  1052 ;; Data sizes:     COMMON   BANK0   BANK1   BANK2   BANK3   BANK4   BANK5   BANK6
  1053 ;;      Params:         0       0       0       0       0       0       0       0
  1054 ;;      Locals:         2       0       0       0       0       0       0       0
  1055 ;;      Temps:          2       0       0       0       0       0       0       0
  1056 ;;      Totals:         4       0       0       0       0       0       0       0
  1057 ;;Total ram usage:        4 bytes
  1058 ;; Hardware stack levels required when called:    4
  1059 ;; This function calls:
  1060 ;;		_SYSTEM_Initialize
  1061 ;; This function is called by:
  1062 ;;		Startup code after reset
  1063 ;; This function uses a non-reentrant model
  1064 ;;
  1065                           
  1066                           
  1067                           ;psect for function _main
  1068  006F                     _main:	
  1069                           
  1070                           ;main.c: 52:     SYSTEM_Initialize();
  1071                           
  1072                           ;incstack = 0
  1073                           ; Regs used in _main: [wreg+status,2+status,0+pclath+cstack]
  1074  006F  3180  20EA  3180   	fcall	_SYSTEM_Initialize
  1075                           
  1076                           ;main.c: 58:     (INTCONbits.GIE = 1);
  1077  0072  178B               	bsf	11,7	;volatile
  1078  0073                     l867:	
  1079                           
  1080                           ;main.c: 70:     {;main.c: 71:         uint8_t rota = 0x0F;
  1081  0073  300F               	movlw	15
  1082  0074  00F0               	movwf	??_main
  1083  0075  0870               	movf	??_main,w
  1084  0076  00F2               	movwf	main@rota
  1085                           
  1086                           ;main.c: 72:         LATEbits.LATE0 = 1;
  1087  0077  0022               	movlb	2	; select bank2
  1088  0078  1410               	bsf	16,0	;volatile
  1089                           
  1090                           ;main.c: 73:         for (uint8_t n = 0; n < 4; n++) {
  1091  0079  01F3               	clrf	main@n
  1092  007A                     l877:	
  1093                           
  1094                           ;main.c: 74:             rota &= ~(1 << n);
  1095  007A  3001               	movlw	1
  1096  007B  00F0               	movwf	??_main
  1097  007C  0A73               	incf	main@n,w
  1098  007D  287F               	goto	u174
  1099  007E                     u175:	
  1100  007E  35F0               	lslf	??_main,f
  1101  007F                     u174:	
  1102  007F  0B89               	decfsz	9,f
  1103  0080  287E               	goto	u175
  1104  0081  0870               	movf	??_main,w
  1105  0082  3AFF               	xorlw	255
  1106  0083  00F1               	movwf	??_main+1
  1107  0084  0871               	movf	??_main+1,w
  1108  0085  05F2               	andwf	main@rota,f
  1109                           
  1110                           ;main.c: 75:             LATD = digito | rota << 4;
  1111  0086  0872               	movf	main@rota,w
  1112  0087  00F0               	movwf	??_main
  1113  0088  3003               	movlw	3
  1114  0089                     u185:	
  1115  0089  35F0               	lslf	??_main,f
  1116  008A  3EFF               	addlw	-1
  1117  008B  1D03               	skipz
  1118  008C  2889               	goto	u185
  1119  008D  3570               	lslf	??_main,w
  1120  008E  0474               	iorwf	_digito,w
  1121  008F  0022               	movlb	2	; select bank2
  1122  0090  008F               	movwf	15	;volatile
  1123                           
  1124                           ;main.c: 76:             rota |= (1 << n);
  1125  0091  3001               	movlw	1
  1126  0092  00F0               	movwf	??_main
  1127  0093  0A73               	incf	main@n,w
  1128  0094  2896               	goto	u194
  1129  0095                     u195:	
  1130  0095  35F0               	lslf	??_main,f
  1131  0096                     u194:	
  1132  0096  0B89               	decfsz	9,f
  1133  0097  2895               	goto	u195
  1134  0098  0870               	movf	??_main,w
  1135  0099  00F1               	movwf	??_main+1
  1136  009A  0871               	movf	??_main+1,w
  1137  009B  04F2               	iorwf	main@rota,f
  1138                           
  1139                           ;main.c: 77:             LATD = digito | rota << 4;
  1140  009C  0872               	movf	main@rota,w
  1141  009D  00F0               	movwf	??_main
  1142  009E  3003               	movlw	3
  1143  009F                     u205:	
  1144  009F  35F0               	lslf	??_main,f
  1145  00A0  3EFF               	addlw	-1
  1146  00A1  1D03               	skipz
  1147  00A2  289F               	goto	u205
  1148  00A3  3570               	lslf	??_main,w
  1149  00A4  0474               	iorwf	_digito,w
  1150  00A5  008F               	movwf	15	;volatile
  1151  00A6                     l22:	
  1152                           ;main.c: 78:             while (PORTB & 0xF0 != 0x0F);
  1153                           
  1154  00A6  0020               	movlb	0	; select bank0
  1155  00A7  180D               	btfsc	13,0	;volatile
  1156  00A8  28A6               	goto	l22
  1157                           
  1158                           ;main.c: 79:             _delay((unsigned long)((10)*(20000000/4000.0)));
  1159  00A9  3041               	movlw	65
  1160  00AA  00F0               	movwf	??_main
  1161  00AB  30EE               	movlw	238
  1162  00AC                     u257:	
  1163  00AC  0B89               	decfsz	9,f
  1164  00AD  28AC               	goto	u257
  1165  00AE  0BF0               	decfsz	??_main,f
  1166  00AF  28AC               	goto	u257
  1167  00B0  3200               	nop2
  1168                           
  1169                           ;main.c: 80:         }
  1170  00B1  3001               	movlw	1
  1171  00B2  00F0               	movwf	??_main
  1172  00B3  0870               	movf	??_main,w
  1173  00B4  07F3               	addwf	main@n,f
  1174  00B5  3004               	movlw	4
  1175  00B6  0273               	subwf	main@n,w
  1176  00B7  1803               	btfsc	3,0
  1177  00B8  2873               	goto	l867
  1178  00B9  287A               	goto	l877
  1179  00BA                     __end_of_main:	
  1180                           
  1181                           	psect	text1
  1182  00EA                     __ptext1:	
  1183 ;; *************** function _SYSTEM_Initialize *****************
  1184 ;; Defined at:
  1185 ;;		line 50 in file "mcc_generated_files/mcc.c"
  1186 ;; Parameters:    Size  Location     Type
  1187 ;;		None
  1188 ;; Auto vars:     Size  Location     Type
  1189 ;;		None
  1190 ;; Return value:  Size  Location     Type
  1191 ;;                  1    wreg      void 
  1192 ;; Registers used:
  1193 ;;		wreg, status,2, status,0, pclath, cstack
  1194 ;; Tracked objects:
  1195 ;;		On entry : 0/0
  1196 ;;		On exit  : 0/0
  1197 ;;		Unchanged: 0/0
  1198 ;; Data sizes:     COMMON   BANK0   BANK1   BANK2   BANK3   BANK4   BANK5   BANK6
  1199 ;;      Params:         0       0       0       0       0       0       0       0
  1200 ;;      Locals:         0       0       0       0       0       0       0       0
  1201 ;;      Temps:          0       0       0       0       0       0       0       0
  1202 ;;      Totals:         0       0       0       0       0       0       0       0
  1203 ;;Total ram usage:        0 bytes
  1204 ;; Hardware stack levels used:    1
  1205 ;; Hardware stack levels required when called:    3
  1206 ;; This function calls:
  1207 ;;		_OSCILLATOR_Initialize
  1208 ;;		_PIN_MANAGER_Initialize
  1209 ;;		_WDT_Initialize
  1210 ;; This function is called by:
  1211 ;;		_main
  1212 ;; This function uses a non-reentrant model
  1213 ;;
  1214                           
  1215                           
  1216                           ;psect for function _SYSTEM_Initialize
  1217  00EA                     _SYSTEM_Initialize:	
  1218                           
  1219                           ;mcc_generated_files/mcc.c: 53:     PIN_MANAGER_Initialize();
  1220                           
  1221                           ;incstack = 0
  1222                           ; Regs used in _SYSTEM_Initialize: [wreg+status,2+status,0+pclath+cstack]
  1223  00EA  3180  20BA  3180   	fcall	_PIN_MANAGER_Initialize
  1224                           
  1225                           ;mcc_generated_files/mcc.c: 54:     OSCILLATOR_Initialize();
  1226  00ED  3180  20F3  3180   	fcall	_OSCILLATOR_Initialize
  1227                           
  1228                           ;mcc_generated_files/mcc.c: 55:     WDT_Initialize();
  1229  00F0  3180  20FA         	fcall	_WDT_Initialize
  1230  00F2  0008               	return
  1231  00F3                     __end_of_SYSTEM_Initialize:	
  1232                           
  1233                           	psect	text2
  1234  00FA                     __ptext2:	
  1235 ;; *************** function _WDT_Initialize *****************
  1236 ;; Defined at:
  1237 ;;		line 68 in file "mcc_generated_files/mcc.c"
  1238 ;; Parameters:    Size  Location     Type
  1239 ;;		None
  1240 ;; Auto vars:     Size  Location     Type
  1241 ;;		None
  1242 ;; Return value:  Size  Location     Type
  1243 ;;                  1    wreg      void 
  1244 ;; Registers used:
  1245 ;;		wreg
  1246 ;; Tracked objects:
  1247 ;;		On entry : 0/0
  1248 ;;		On exit  : 0/0
  1249 ;;		Unchanged: 0/0
  1250 ;; Data sizes:     COMMON   BANK0   BANK1   BANK2   BANK3   BANK4   BANK5   BANK6
  1251 ;;      Params:         0       0       0       0       0       0       0       0
  1252 ;;      Locals:         0       0       0       0       0       0       0       0
  1253 ;;      Temps:          0       0       0       0       0       0       0       0
  1254 ;;      Totals:         0       0       0       0       0       0       0       0
  1255 ;;Total ram usage:        0 bytes
  1256 ;; Hardware stack levels used:    1
  1257 ;; Hardware stack levels required when called:    2
  1258 ;; This function calls:
  1259 ;;		Nothing
  1260 ;; This function is called by:
  1261 ;;		_SYSTEM_Initialize
  1262 ;; This function uses a non-reentrant model
  1263 ;;
  1264                           
  1265                           
  1266                           ;psect for function _WDT_Initialize
  1267  00FA                     _WDT_Initialize:	
  1268                           
  1269                           ;mcc_generated_files/mcc.c: 71:     WDTCON = 0x16;
  1270                           
  1271                           ;incstack = 0
  1272                           ; Regs used in _WDT_Initialize: [wreg]
  1273  00FA  3016               	movlw	22
  1274  00FB  0021               	movlb	1	; select bank1
  1275  00FC  0097               	movwf	23	;volatile
  1276  00FD  0008               	return
  1277  00FE                     __end_of_WDT_Initialize:	
  1278                           
  1279                           	psect	text3
  1280  00BA                     __ptext3:	
  1281 ;; *************** function _PIN_MANAGER_Initialize *****************
  1282 ;; Defined at:
  1283 ;;		line 54 in file "mcc_generated_files/pin_manager.c"
  1284 ;; Parameters:    Size  Location     Type
  1285 ;;		None
  1286 ;; Auto vars:     Size  Location     Type
  1287 ;;		None
  1288 ;; Return value:  Size  Location     Type
  1289 ;;                  1    wreg      void 
  1290 ;; Registers used:
  1291 ;;		wreg, status,2
  1292 ;; Tracked objects:
  1293 ;;		On entry : 0/0
  1294 ;;		On exit  : 0/0
  1295 ;;		Unchanged: 0/0
  1296 ;; Data sizes:     COMMON   BANK0   BANK1   BANK2   BANK3   BANK4   BANK5   BANK6
  1297 ;;      Params:         0       0       0       0       0       0       0       0
  1298 ;;      Locals:         0       0       0       0       0       0       0       0
  1299 ;;      Temps:          0       0       0       0       0       0       0       0
  1300 ;;      Totals:         0       0       0       0       0       0       0       0
  1301 ;;Total ram usage:        0 bytes
  1302 ;; Hardware stack levels used:    1
  1303 ;; Hardware stack levels required when called:    2
  1304 ;; This function calls:
  1305 ;;		Nothing
  1306 ;; This function is called by:
  1307 ;;		_SYSTEM_Initialize
  1308 ;; This function uses a non-reentrant model
  1309 ;;
  1310                           
  1311                           
  1312                           ;psect for function _PIN_MANAGER_Initialize
  1313  00BA                     _PIN_MANAGER_Initialize:	
  1314                           
  1315                           ;mcc_generated_files/pin_manager.c: 59:     LATE = 0x01;
  1316                           
  1317                           ;incstack = 0
  1318                           ; Regs used in _PIN_MANAGER_Initialize: [wreg+status,2]
  1319  00BA  3001               	movlw	1
  1320  00BB  0022               	movlb	2	; select bank2
  1321  00BC  0090               	movwf	16	;volatile
  1322                           
  1323                           ;mcc_generated_files/pin_manager.c: 60:     LATD = 0x00;
  1324  00BD  018F               	clrf	15	;volatile
  1325                           
  1326                           ;mcc_generated_files/pin_manager.c: 61:     LATA = 0x00;
  1327  00BE  018C               	clrf	12	;volatile
  1328                           
  1329                           ;mcc_generated_files/pin_manager.c: 62:     LATB = 0x00;
  1330  00BF  018D               	clrf	13	;volatile
  1331                           
  1332                           ;mcc_generated_files/pin_manager.c: 63:     LATC = 0x00;
  1333  00C0  018E               	clrf	14	;volatile
  1334                           
  1335                           ;mcc_generated_files/pin_manager.c: 68:     TRISE = 0x0E;
  1336  00C1  300E               	movlw	14
  1337  00C2  0021               	movlb	1	; select bank1
  1338  00C3  0090               	movwf	16	;volatile
  1339                           
  1340                           ;mcc_generated_files/pin_manager.c: 69:     TRISA = 0xFF;
  1341  00C4  30FF               	movlw	255
  1342  00C5  008C               	movwf	12	;volatile
  1343                           
  1344                           ;mcc_generated_files/pin_manager.c: 70:     TRISB = 0xFF;
  1345  00C6  30FF               	movlw	255
  1346  00C7  008D               	movwf	13	;volatile
  1347                           
  1348                           ;mcc_generated_files/pin_manager.c: 71:     TRISC = 0xFF;
  1349  00C8  30FF               	movlw	255
  1350  00C9  008E               	movwf	14	;volatile
  1351                           
  1352                           ;mcc_generated_files/pin_manager.c: 72:     TRISD = 0x00;
  1353  00CA  018F               	clrf	15	;volatile
  1354                           
  1355                           ;mcc_generated_files/pin_manager.c: 77:     ANSELD = 0x00;
  1356  00CB  0023               	movlb	3	; select bank3
  1357  00CC  018F               	clrf	15	;volatile
  1358                           
  1359                           ;mcc_generated_files/pin_manager.c: 78:     ANSELB = 0x0F;
  1360  00CD  300F               	movlw	15
  1361  00CE  008D               	movwf	13	;volatile
  1362                           
  1363                           ;mcc_generated_files/pin_manager.c: 79:     ANSELE = 0x06;
  1364  00CF  3006               	movlw	6
  1365  00D0  0090               	movwf	16	;volatile
  1366                           
  1367                           ;mcc_generated_files/pin_manager.c: 80:     ANSELA = 0x3F;
  1368  00D1  303F               	movlw	63
  1369  00D2  008C               	movwf	12	;volatile
  1370                           
  1371                           ;mcc_generated_files/pin_manager.c: 85:     WPUE = 0x00;
  1372  00D3  0024               	movlb	4	; select bank4
  1373  00D4  0190               	clrf	16	;volatile
  1374                           
  1375                           ;mcc_generated_files/pin_manager.c: 86:     WPUB = 0xF0;
  1376  00D5  30F0               	movlw	240
  1377  00D6  008D               	movwf	13	;volatile
  1378                           
  1379                           ;mcc_generated_files/pin_manager.c: 87:     OPTION_REGbits.nWPUEN = 0;
  1380  00D7  0021               	movlb	1	; select bank1
  1381  00D8  1395               	bcf	21,7	;volatile
  1382                           
  1383                           ;mcc_generated_files/pin_manager.c: 94:     APFCON = 0x00;
  1384  00D9  0022               	movlb	2	; select bank2
  1385  00DA  019D               	clrf	29	;volatile
  1386                           
  1387                           ;mcc_generated_files/pin_manager.c: 100:     IOCBFbits.IOCBF4 = 0;
  1388  00DB  0027               	movlb	7	; select bank7
  1389  00DC  1216               	bcf	22,4	;volatile
  1390                           
  1391                           ;mcc_generated_files/pin_manager.c: 102:     IOCBFbits.IOCBF5 = 0;
  1392  00DD  1296               	bcf	22,5	;volatile
  1393                           
  1394                           ;mcc_generated_files/pin_manager.c: 104:     IOCBFbits.IOCBF6 = 0;
  1395  00DE  1316               	bcf	22,6	;volatile
  1396                           
  1397                           ;mcc_generated_files/pin_manager.c: 106:     IOCBFbits.IOCBF7 = 0;
  1398  00DF  1396               	bcf	22,7	;volatile
  1399                           
  1400                           ;mcc_generated_files/pin_manager.c: 108:     IOCBNbits.IOCBN4 = 1;
  1401  00E0  1615               	bsf	21,4	;volatile
  1402                           
  1403                           ;mcc_generated_files/pin_manager.c: 110:     IOCBNbits.IOCBN5 = 1;
  1404  00E1  1695               	bsf	21,5	;volatile
  1405                           
  1406                           ;mcc_generated_files/pin_manager.c: 112:     IOCBNbits.IOCBN6 = 1;
  1407  00E2  1715               	bsf	21,6	;volatile
  1408                           
  1409                           ;mcc_generated_files/pin_manager.c: 114:     IOCBNbits.IOCBN7 = 1;
  1410  00E3  1795               	bsf	21,7	;volatile
  1411                           
  1412                           ;mcc_generated_files/pin_manager.c: 116:     IOCBPbits.IOCBP4 = 0;
  1413  00E4  1214               	bcf	20,4	;volatile
  1414                           
  1415                           ;mcc_generated_files/pin_manager.c: 118:     IOCBPbits.IOCBP5 = 0;
  1416  00E5  1294               	bcf	20,5	;volatile
  1417                           
  1418                           ;mcc_generated_files/pin_manager.c: 120:     IOCBPbits.IOCBP6 = 0;
  1419  00E6  1314               	bcf	20,6	;volatile
  1420                           
  1421                           ;mcc_generated_files/pin_manager.c: 122:     IOCBPbits.IOCBP7 = 0;
  1422  00E7  1394               	bcf	20,7	;volatile
  1423                           
  1424                           ;mcc_generated_files/pin_manager.c: 125:     INTCONbits.IOCIE = 1;
  1425  00E8  158B               	bsf	11,3	;volatile
  1426  00E9  0008               	return
  1427  00EA                     __end_of_PIN_MANAGER_Initialize:	
  1428                           
  1429                           	psect	text4
  1430  00F3                     __ptext4:	
  1431 ;; *************** function _OSCILLATOR_Initialize *****************
  1432 ;; Defined at:
  1433 ;;		line 58 in file "mcc_generated_files/mcc.c"
  1434 ;; Parameters:    Size  Location     Type
  1435 ;;		None
  1436 ;; Auto vars:     Size  Location     Type
  1437 ;;		None
  1438 ;; Return value:  Size  Location     Type
  1439 ;;                  1    wreg      void 
  1440 ;; Registers used:
  1441 ;;		wreg, status,2
  1442 ;; Tracked objects:
  1443 ;;		On entry : 0/0
  1444 ;;		On exit  : 0/0
  1445 ;;		Unchanged: 0/0
  1446 ;; Data sizes:     COMMON   BANK0   BANK1   BANK2   BANK3   BANK4   BANK5   BANK6
  1447 ;;      Params:         0       0       0       0       0       0       0       0
  1448 ;;      Locals:         0       0       0       0       0       0       0       0
  1449 ;;      Temps:          0       0       0       0       0       0       0       0
  1450 ;;      Totals:         0       0       0       0       0       0       0       0
  1451 ;;Total ram usage:        0 bytes
  1452 ;; Hardware stack levels used:    1
  1453 ;; Hardware stack levels required when called:    2
  1454 ;; This function calls:
  1455 ;;		Nothing
  1456 ;; This function is called by:
  1457 ;;		_SYSTEM_Initialize
  1458 ;; This function uses a non-reentrant model
  1459 ;;
  1460                           
  1461                           
  1462                           ;psect for function _OSCILLATOR_Initialize
  1463  00F3                     _OSCILLATOR_Initialize:	
  1464                           
  1465                           ;mcc_generated_files/mcc.c: 61:     OSCCON = 0x38;
  1466                           
  1467                           ;incstack = 0
  1468                           ; Regs used in _OSCILLATOR_Initialize: [wreg+status,2]
  1469  00F3  3038               	movlw	56
  1470  00F4  0021               	movlb	1	; select bank1
  1471  00F5  0099               	movwf	25	;volatile
  1472                           
  1473                           ;mcc_generated_files/mcc.c: 63:     OSCTUNE = 0x00;
  1474  00F6  0198               	clrf	24	;volatile
  1475                           
  1476                           ;mcc_generated_files/mcc.c: 65:     BORCON = 0x00;
  1477  00F7  0022               	movlb	2	; select bank2
  1478  00F8  0196               	clrf	22	;volatile
  1479  00F9  0008               	return
  1480  00FA                     __end_of_OSCILLATOR_Initialize:	
  1481                           
  1482                           	psect	intentry
  1483  0004                     __pintentry:	
  1484 ;; *************** function _INTERRUPT_InterruptManager *****************
  1485 ;; Defined at:
  1486 ;;		line 52 in file "mcc_generated_files/interrupt_manager.c"
  1487 ;; Parameters:    Size  Location     Type
  1488 ;;		None
  1489 ;; Auto vars:     Size  Location     Type
  1490 ;;		None
  1491 ;; Return value:  Size  Location     Type
  1492 ;;                  1    wreg      void 
  1493 ;; Registers used:
  1494 ;;		wreg, status,2, status,0, pclath, cstack
  1495 ;; Tracked objects:
  1496 ;;		On entry : 0/0
  1497 ;;		On exit  : 0/0
  1498 ;;		Unchanged: 0/0
  1499 ;; Data sizes:     COMMON   BANK0   BANK1   BANK2   BANK3   BANK4   BANK5   BANK6
  1500 ;;      Params:         0       0       0       0       0       0       0       0
  1501 ;;      Locals:         0       0       0       0       0       0       0       0
  1502 ;;      Temps:          0       0       0       0       0       0       0       0
  1503 ;;      Totals:         0       0       0       0       0       0       0       0
  1504 ;;Total ram usage:        0 bytes
  1505 ;; Hardware stack levels used:    1
  1506 ;; Hardware stack levels required when called:    1
  1507 ;; This function calls:
  1508 ;;		_PIN_MANAGER_IOC
  1509 ;; This function is called by:
  1510 ;;		Interrupt level 1
  1511 ;; This function uses a non-reentrant model
  1512 ;;
  1513                           
  1514  0004                     _INTERRUPT_InterruptManager:	
  1515                           
  1516                           ;incstack = 0
  1517  0004  147E               	bsf	126,0	;set compiler interrupt flag (level 1)
  1518                           
  1519                           ; Regs used in _INTERRUPT_InterruptManager: [wreg+status,2+status,0+pclath+cstack]
  1520  0005  3180               	pagesel	$
  1521                           
  1522                           ;mcc_generated_files/interrupt_manager.c: 55:     if(INTCONbits.IOCIE == 1 && INTCONbits
      +                          .IOCIF == 1)
  1523  0006  198B               	btfsc	11,3	;volatile
  1524  0007  1C0B               	btfss	11,0	;volatile
  1525  0008  280B               	goto	i1l40
  1526                           
  1527                           ;mcc_generated_files/interrupt_manager.c: 56:     {;mcc_generated_files/interrupt_manage
      +                          r.c: 57:         PIN_MANAGER_IOC();
  1528  0009  3180  2015         	fcall	_PIN_MANAGER_IOC
  1529  000B                     i1l40:	
  1530                           ;mcc_generated_files/interrupt_manager.c: 58:     }
  1531                           
  1532  000B  107E               	bcf	126,0	;clear compiler interrupt flag (level 1)
  1533  000C  0009               	retfie
  1534  000D                     __end_of_INTERRUPT_InterruptManager:	
  1535                           
  1536                           	psect	text6
  1537  0015                     __ptext6:	
  1538 ;; *************** function _PIN_MANAGER_IOC *****************
  1539 ;; Defined at:
  1540 ;;		line 129 in file "mcc_generated_files/pin_manager.c"
  1541 ;; Parameters:    Size  Location     Type
  1542 ;;		None
  1543 ;; Auto vars:     Size  Location     Type
  1544 ;;		None
  1545 ;; Return value:  Size  Location     Type
  1546 ;;                  1    wreg      void 
  1547 ;; Registers used:
  1548 ;;		wreg, status,2
  1549 ;; Tracked objects:
  1550 ;;		On entry : 0/0
  1551 ;;		On exit  : 0/0
  1552 ;;		Unchanged: 0/0
  1553 ;; Data sizes:     COMMON   BANK0   BANK1   BANK2   BANK3   BANK4   BANK5   BANK6
  1554 ;;      Params:         0       0       0       0       0       0       0       0
  1555 ;;      Locals:         0       0       0       0       0       0       0       0
  1556 ;;      Temps:          0       0       0       0       0       0       0       0
  1557 ;;      Totals:         0       0       0       0       0       0       0       0
  1558 ;;Total ram usage:        0 bytes
  1559 ;; Hardware stack levels used:    1
  1560 ;; This function calls:
  1561 ;;		Nothing
  1562 ;; This function is called by:
  1563 ;;		_INTERRUPT_InterruptManager
  1564 ;; This function uses a non-reentrant model
  1565 ;;
  1566                           
  1567                           
  1568                           ;psect for function _PIN_MANAGER_IOC
  1569  0015                     _PIN_MANAGER_IOC:	
  1570                           
  1571                           ;mcc_generated_files/pin_manager.c: 131:     if (IOCBFbits.IOCBF4 == 1) {
  1572                           
  1573                           ;incstack = 0
  1574                           ; Regs used in _PIN_MANAGER_IOC: [wreg+status,2]
  1575  0015  0027               	movlb	7	; select bank7
  1576  0016  1E16               	btfss	22,4	;volatile
  1577  0017  2833               	goto	i1l819
  1578                           
  1579                           ;mcc_generated_files/pin_manager.c: 132:         if (PORTDbits.RD4 == 0)
  1580  0018  0020               	movlb	0	; select bank0
  1581  0019  1A0F               	btfsc	15,4	;volatile
  1582  001A  281F               	goto	i1l805
  1583                           
  1584                           ;mcc_generated_files/pin_manager.c: 133:             digito = 1;
  1585  001B  3001               	movlw	1
  1586  001C  00F4               	movwf	_digito
  1587  001D  3000               	movlw	0
  1588  001E  00F5               	movwf	_digito+1
  1589  001F                     i1l805:	
  1590                           
  1591                           ;mcc_generated_files/pin_manager.c: 134:         if (PORTDbits.RD5 == 0)
  1592  001F  1A8F               	btfsc	15,5	;volatile
  1593  0020  2825               	goto	i1l809
  1594                           
  1595                           ;mcc_generated_files/pin_manager.c: 135:             digito = 4;
  1596  0021  3004               	movlw	4
  1597  0022  00F4               	movwf	_digito
  1598  0023  3000               	movlw	0
  1599  0024  00F5               	movwf	_digito+1
  1600  0025                     i1l809:	
  1601                           
  1602                           ;mcc_generated_files/pin_manager.c: 136:         if (PORTDbits.RD6 == 0)
  1603  0025  1B0F               	btfsc	15,6	;volatile
  1604  0026  282B               	goto	i1l813
  1605                           
  1606                           ;mcc_generated_files/pin_manager.c: 137:             digito = 7;
  1607  0027  3007               	movlw	7
  1608  0028  00F4               	movwf	_digito
  1609  0029  3000               	movlw	0
  1610  002A  00F5               	movwf	_digito+1
  1611  002B                     i1l813:	
  1612                           
  1613                           ;mcc_generated_files/pin_manager.c: 138:         if(PORTDbits.RD7 == 0)
  1614  002B  1B8F               	btfsc	15,7	;volatile
  1615  002C  2831               	goto	i1l817
  1616                           
  1617                           ;mcc_generated_files/pin_manager.c: 139:             digito = 11;
  1618  002D  300B               	movlw	11
  1619  002E  00F4               	movwf	_digito
  1620  002F  3000               	movlw	0
  1621  0030  00F5               	movwf	_digito+1
  1622  0031                     i1l817:	
  1623                           
  1624                           ;mcc_generated_files/pin_manager.c: 140:         IOCBFbits.IOCBF4 = 0;
  1625  0031  0027               	movlb	7	; select bank7
  1626  0032  1216               	bcf	22,4	;volatile
  1627  0033                     i1l819:	
  1628                           
  1629                           ;mcc_generated_files/pin_manager.c: 142:     if (IOCBFbits.IOCBF5 == 1) {
  1630  0033  1E96               	btfss	22,5	;volatile
  1631  0034  284E               	goto	i1l839
  1632                           
  1633                           ;mcc_generated_files/pin_manager.c: 143:         if (PORTDbits.RD4 == 0)
  1634  0035  0020               	movlb	0	; select bank0
  1635  0036  1A0F               	btfsc	15,4	;volatile
  1636  0037  283C               	goto	i1l825
  1637                           
  1638                           ;mcc_generated_files/pin_manager.c: 144:             digito = 2;
  1639  0038  3002               	movlw	2
  1640  0039  00F4               	movwf	_digito
  1641  003A  3000               	movlw	0
  1642  003B  00F5               	movwf	_digito+1
  1643  003C                     i1l825:	
  1644                           
  1645                           ;mcc_generated_files/pin_manager.c: 145:         if (PORTDbits.RD5 == 0)
  1646  003C  1A8F               	btfsc	15,5	;volatile
  1647  003D  2842               	goto	i1l829
  1648                           
  1649                           ;mcc_generated_files/pin_manager.c: 146:             digito = 5;
  1650  003E  3005               	movlw	5
  1651  003F  00F4               	movwf	_digito
  1652  0040  3000               	movlw	0
  1653  0041  00F5               	movwf	_digito+1
  1654  0042                     i1l829:	
  1655                           
  1656                           ;mcc_generated_files/pin_manager.c: 147:         if (PORTDbits.RD6 == 0)
  1657  0042  1B0F               	btfsc	15,6	;volatile
  1658  0043  2848               	goto	i1l833
  1659                           
  1660                           ;mcc_generated_files/pin_manager.c: 148:             digito = 8;
  1661  0044  3008               	movlw	8
  1662  0045  00F4               	movwf	_digito
  1663  0046  3000               	movlw	0
  1664  0047  00F5               	movwf	_digito+1
  1665  0048                     i1l833:	
  1666                           
  1667                           ;mcc_generated_files/pin_manager.c: 149:         if(PORTDbits.RD7 == 0)
  1668  0048  1B8F               	btfsc	15,7	;volatile
  1669  0049  284C               	goto	i1l837
  1670                           
  1671                           ;mcc_generated_files/pin_manager.c: 150:             digito = 0;
  1672  004A  01F4               	clrf	_digito
  1673  004B  01F5               	clrf	_digito+1
  1674  004C                     i1l837:	
  1675                           
  1676                           ;mcc_generated_files/pin_manager.c: 151:         IOCBFbits.IOCBF5 = 0;
  1677  004C  0027               	movlb	7	; select bank7
  1678  004D  1296               	bcf	22,5	;volatile
  1679  004E                     i1l839:	
  1680                           
  1681                           ;mcc_generated_files/pin_manager.c: 153:     if (IOCBFbits.IOCBF6 == 1) {
  1682  004E  1F16               	btfss	22,6	;volatile
  1683  004F  286B               	goto	i1l859
  1684                           
  1685                           ;mcc_generated_files/pin_manager.c: 154:         if (PORTDbits.RD4 == 0)
  1686  0050  0020               	movlb	0	; select bank0
  1687  0051  1A0F               	btfsc	15,4	;volatile
  1688  0052  2857               	goto	i1l845
  1689                           
  1690                           ;mcc_generated_files/pin_manager.c: 155:             digito = 3;
  1691  0053  3003               	movlw	3
  1692  0054  00F4               	movwf	_digito
  1693  0055  3000               	movlw	0
  1694  0056  00F5               	movwf	_digito+1
  1695  0057                     i1l845:	
  1696                           
  1697                           ;mcc_generated_files/pin_manager.c: 156:         if (PORTDbits.RD5 == 0)
  1698  0057  1A8F               	btfsc	15,5	;volatile
  1699  0058  285D               	goto	i1l849
  1700                           
  1701                           ;mcc_generated_files/pin_manager.c: 157:             digito = 6;
  1702  0059  3006               	movlw	6
  1703  005A  00F4               	movwf	_digito
  1704  005B  3000               	movlw	0
  1705  005C  00F5               	movwf	_digito+1
  1706  005D                     i1l849:	
  1707                           
  1708                           ;mcc_generated_files/pin_manager.c: 158:         if (PORTDbits.RD6 == 0)
  1709  005D  1B0F               	btfsc	15,6	;volatile
  1710  005E  2863               	goto	i1l853
  1711                           
  1712                           ;mcc_generated_files/pin_manager.c: 159:             digito = 9;
  1713  005F  3009               	movlw	9
  1714  0060  00F4               	movwf	_digito
  1715  0061  3000               	movlw	0
  1716  0062  00F5               	movwf	_digito+1
  1717  0063                     i1l853:	
  1718                           
  1719                           ;mcc_generated_files/pin_manager.c: 160:         if(PORTDbits.RD7 == 0)
  1720  0063  1B8F               	btfsc	15,7	;volatile
  1721  0064  2869               	goto	i1l857
  1722                           
  1723                           ;mcc_generated_files/pin_manager.c: 161:             digito = 12;
  1724  0065  300C               	movlw	12
  1725  0066  00F4               	movwf	_digito
  1726  0067  3000               	movlw	0
  1727  0068  00F5               	movwf	_digito+1
  1728  0069                     i1l857:	
  1729                           
  1730                           ;mcc_generated_files/pin_manager.c: 162:         IOCBFbits.IOCBF6 = 0;
  1731  0069  0027               	movlb	7	; select bank7
  1732  006A  1316               	bcf	22,6	;volatile
  1733  006B                     i1l859:	
  1734                           
  1735                           ;mcc_generated_files/pin_manager.c: 164:     if (IOCBFbits.IOCBF7 == 1) {
  1736  006B  1F96               	btfss	22,7	;volatile
  1737  006C  0008               	return
  1738                           
  1739                           ;mcc_generated_files/pin_manager.c: 165:         IOCBFbits.IOCBF7 = 0;
  1740  006D  1396               	bcf	22,7	;volatile
  1741  006E  0008               	return
  1742  006F                     __end_of_PIN_MANAGER_IOC:	
  1743  007E                     btemp	set	126	;btemp
  1744  007E                     int$flags	set	126
  1745  007E                     wtemp0	set	126


Data Sizes:
    Strings     0
    Constant    0
    Data        0
    BSS         2
    Persistent  32
    Stack       0

Auto Spaces:
    Space          Size  Autos    Used
    COMMON           14      4       6
    BANK0            80      0       0
    BANK1            80      0       0
    BANK2            80      0       0
    BANK3            80      0       0
    BANK4            80      0       0
    BANK5            80      0       0
    BANK6            16      0       0

Pointer List with Targets:

    None.

Critical Paths under _main in COMMON

    None.

Critical Paths under _INTERRUPT_InterruptManager in COMMON

    None.

Critical Paths under _main in BANK0

    None.

Critical Paths under _INTERRUPT_InterruptManager in BANK0

    None.

Critical Paths under _main in BANK1

    None.

Critical Paths under _INTERRUPT_InterruptManager in BANK1

    None.

Critical Paths under _main in BANK2

    None.

Critical Paths under _INTERRUPT_InterruptManager in BANK2

    None.

Critical Paths under _main in BANK3

    None.

Critical Paths under _INTERRUPT_InterruptManager in BANK3

    None.

Critical Paths under _main in BANK4

    None.

Critical Paths under _INTERRUPT_InterruptManager in BANK4

    None.

Critical Paths under _main in BANK5

    None.

Critical Paths under _INTERRUPT_InterruptManager in BANK5

    None.

Critical Paths under _main in BANK6

    None.

Critical Paths under _INTERRUPT_InterruptManager in BANK6

    None.

Call Graph Tables:

 ---------------------------------------------------------------------------------
 (Depth) Function   	        Calls       Base Space   Used Autos Params    Refs
 ---------------------------------------------------------------------------------
 (0) _main                                                 4     4      0      90
                                              0 COMMON     4     4      0
                  _SYSTEM_Initialize
 ---------------------------------------------------------------------------------
 (1) _SYSTEM_Initialize                                    0     0      0       0
              _OSCILLATOR_Initialize
             _PIN_MANAGER_Initialize
                     _WDT_Initialize
 ---------------------------------------------------------------------------------
 (2) _WDT_Initialize                                       0     0      0       0
 ---------------------------------------------------------------------------------
 (2) _PIN_MANAGER_Initialize                               0     0      0       0
 ---------------------------------------------------------------------------------
 (2) _OSCILLATOR_Initialize                                0     0      0       0
 ---------------------------------------------------------------------------------
 Estimated maximum stack depth 2
 ---------------------------------------------------------------------------------
 (Depth) Function   	        Calls       Base Space   Used Autos Params    Refs
 ---------------------------------------------------------------------------------
 (3) _INTERRUPT_InterruptManager                           0     0      0       0
                    _PIN_MANAGER_IOC
 ---------------------------------------------------------------------------------
 (4) _PIN_MANAGER_IOC                                      0     0      0       0
 ---------------------------------------------------------------------------------
 Estimated maximum stack depth 4
 ---------------------------------------------------------------------------------

 Call Graph Graphs:

 _main (ROOT)
   _SYSTEM_Initialize
     _OSCILLATOR_Initialize
     _PIN_MANAGER_Initialize
     _WDT_Initialize

 _INTERRUPT_InterruptManager (ROOT)
   _PIN_MANAGER_IOC

 Address spaces:
Name               Size   Autos  Total    Cost      Usage
BIGRAM             1F0      0       0       0        0.0%
EEDATA             100      0       0       0        0.0%
NULL                 0      0       0       0        0.0%
CODE                 0      0       0       0        0.0%
BITCOMMON            E      0       0       1        0.0%
BITSFR0              0      0       0       1        0.0%
SFR0                 0      0       0       1        0.0%
COMMON               E      4       6       2       42.9%
BITSFR1              0      0       0       2        0.0%
SFR1                 0      0       0       2        0.0%
BITSFR2              0      0       0       3        0.0%
SFR2                 0      0       0       3        0.0%
STACK                0      0       0       3        0.0%
BITSFR3              0      0       0       4        0.0%
SFR3                 0      0       0       4        0.0%
ABS                  0      0       6       4        0.0%
BITBANK0            50      0       0       5        0.0%
BITSFR4              0      0       0       5        0.0%
SFR4                 0      0       0       5        0.0%
BANK0               50      0       0       6        0.0%
BITSFR5              0      0       0       6        0.0%
SFR5                 0      0       0       6        0.0%
BITBANK1            50      0       0       7        0.0%
BITSFR6              0      0       0       7        0.0%
SFR6                 0      0       0       7        0.0%
BANK1               50      0       0       8        0.0%
BITSFR7              0      0       0       8        0.0%
SFR7                 0      0       0       8        0.0%
BITBANK2            50      0       0       9        0.0%
BITSFR8              0      0       0       9        0.0%
SFR8                 0      0       0       9        0.0%
BANK2               50      0       0      10        0.0%
BITSFR9              0      0       0      10        0.0%
SFR9                 0      0       0      10        0.0%
BITBANK3            50      0       0      11        0.0%
BITSFR10             0      0       0      11        0.0%
SFR10                0      0       0      11        0.0%
BANK3               50      0       0      12        0.0%
BITSFR11             0      0       0      12        0.0%
SFR11                0      0       0      12        0.0%
BITBANK4            50      0       0      13        0.0%
BITSFR12             0      0       0      13        0.0%
SFR12                0      0       0      13        0.0%
BANK4               50      0       0      14        0.0%
BITSFR13             0      0       0      14        0.0%
SFR13                0      0       0      14        0.0%
BITBANK5            50      0       0      15        0.0%
BITSFR14             0      0       0      15        0.0%
SFR14                0      0       0      15        0.0%
BANK5               50      0       0      16        0.0%
BITSFR15             0      0       0      16        0.0%
SFR15                0      0       0      16        0.0%
BITBANK6            10      0       0      17        0.0%
BITSFR16             0      0       0      17        0.0%
SFR16                0      0       0      17        0.0%
BANK6               10      0       0      18        0.0%
BITSFR17             0      0       0      18        0.0%
SFR17                0      0       0      18        0.0%
BITSFR18             0      0       0      19        0.0%
SFR18                0      0       0      19        0.0%
DATA                 0      0       6      19        0.0%
BITSFR19             0      0       0      20        0.0%
SFR19                0      0       0      20        0.0%
BITSFR20             0      0       0      21        0.0%
SFR20                0      0       0      21        0.0%
BITSFR21             0      0       0      22        0.0%
SFR21                0      0       0      22        0.0%
BITSFR22             0      0       0      23        0.0%
SFR22                0      0       0      23        0.0%
BITSFR23             0      0       0      24        0.0%
SFR23                0      0       0      24        0.0%
BITSFR24             0      0       0      25        0.0%
SFR24                0      0       0      25        0.0%
BITSFR25             0      0       0      26        0.0%
SFR25                0      0       0      26        0.0%
BITSFR26             0      0       0      27        0.0%
SFR26                0      0       0      27        0.0%
BITSFR27             0      0       0      28        0.0%
SFR27                0      0       0      28        0.0%
BITSFR28             0      0       0      29        0.0%
SFR28                0      0       0      29        0.0%
BITSFR29             0      0       0      30        0.0%
SFR29                0      0       0      30        0.0%
BITSFR30             0      0       0      31        0.0%
SFR30                0      0       0      31        0.0%
BITSFR31             0      0       0      32        0.0%
SFR31                0      0       0      32        0.0%


Microchip Technology PIC Macro Assembler V2.05 build -831301201 
Symbol Table                                                                                   Sat Feb 02 14:53:46 2019

                        __CFG_CP$OFF 0000                                   l22 00A6  
                                l867 0073                                  l877 007A  
                                u205 009F                                  u174 007F  
                                u175 007E                                  u257 00AC  
                                u185 0089                                  u194 0096  
                       __CFG_CPD$OFF 0000                                  u195 0095  
                       __CFG_BORV$LO 0000                                  wreg 0009  
                       __CFG_IESO$ON 0000                         __CFG_FOSC$HS 0000  
                       __CFG_LVP$OFF 0000                                 _LATA 010C  
                               _LATB 010D                                 _LATC 010E  
                               _LATD 010F                                 _LATE 0110  
                               i1l40 000B                                 _WPUB 020D  
                               _WPUE 0210                         __CFG_WRT$OFF 0000  
                      __CFG_FCMEN$ON 0000                                 _main 006F  
                               btemp 007E                        __CFG_BOREN$ON 0000  
                               start 000D                        __CFG_MCLRE$ON 0000  
     __size_of_OSCILLATOR_Initialize 0007        __end_of_OSCILLATOR_Initialize 00FA  
                              ?_main 0070                        __CFG_WDTE$OFF 0000  
                              i1l813 002B                                i1l805 001F  
                              i1l833 0048                                i1l825 003C  
                              i1l817 0031                                i1l809 0025  
                              i1l819 0033                                i1l853 0063  
                              i1l845 0057                                i1l837 004C  
                              i1l829 0042                                i1l839 004E  
                              i1l857 0069                                i1l849 005D  
                              i1l859 006B                                _PORTB 000D  
                              _TRISA 008C                                _TRISB 008D  
                              _TRISC 008E                                _TRISD 008F  
                              _TRISE 0090                        __CFG_PWRTE$ON 0000  
            __end_of_PIN_MANAGER_IOC 006F                       _WDT_Initialize 00FA  
                              main@n 0073                                wtemp0 007E  
                    __initialization 000F                         __end_of_main 00BA  
        ?_INTERRUPT_InterruptManager 0070                               ??_main 0070  
                     __CFG_PLLEN$OFF 0000               __end_of_WDT_Initialize 00FE  
                             _APFCON 011D                               _ANSELA 018C  
                             _ANSELB 018D                               _ANSELD 018F  
                             _ANSELE 0190                               _BORCON 0116  
                             _OSCCON 0099                               _WDTCON 0097  
                     __CFG_STVREN$ON 0000                               _digito 0074  
                    ?_WDT_Initialize 0070                     ?_PIN_MANAGER_IOC 0070  
                  _SYSTEM_Initialize 00EA              __end_of__initialization 0011  
                 ?_SYSTEM_Initialize 0070                       __pcstackCOMMON 0070  
                ??_SYSTEM_Initialize 0070                       _OPTION_REGbits 0095  
          __end_of_SYSTEM_Initialize 00F3                      __CFG_VCAPEN$OFF 0000  
                         __pmaintext 006F                           __pintentry 0004  
                            _OSCTUNE 0098                              __ptext1 00EA  
                            __ptext2 00FA                              __ptext3 00BA  
                            __ptext4 00F3                              __ptext6 0015  
              _OSCILLATOR_Initialize 00F3             ??_PIN_MANAGER_Initialize 0070  
                          _IOCBFbits 0396                            _IOCBNbits 0395  
                          _IOCBPbits 0394           __size_of_SYSTEM_Initialize 0009  
               end_of_initialization 0011                     ??_WDT_Initialize 0070  
                          _PORTDbits 000F               ?_OSCILLATOR_Initialize 0070  
                start_initialization 000F      __size_of_PIN_MANAGER_Initialize 0030  
           __size_of_PIN_MANAGER_IOC 005A                          __pbssCOMMON 0074  
                          ___latbits 0002               _PIN_MANAGER_Initialize 00BA  
       ??_INTERRUPT_InterruptManager 0070                             _LATEbits 0110  
__size_of_INTERRUPT_InterruptManager 0009                    ??_PIN_MANAGER_IOC 0070  
            ??_OSCILLATOR_Initialize 0070                        __size_of_main 004B  
                           int$flags 007E   __end_of_INTERRUPT_InterruptManager 000D  
         _INTERRUPT_InterruptManager 0004                             main@rota 0072  
                         _INTCONbits 000B              __size_of_WDT_Initialize 0004  
                           intlevel1 0000              ?_PIN_MANAGER_Initialize 0070  
                  __CFG_CLKOUTEN$OFF 0000       __end_of_PIN_MANAGER_Initialize 00EA  
                    _PIN_MANAGER_IOC 0015  
