

Microchip Technology PIC LITE Macro Assembler V1.38 build -256452561 
                                                                                               Tue Aug 30 00:55:34 2016

Microchip Technology Omniscient Code Generator v1.38 (Free mode) build 201607010351
     1                           	processor	16F1937
     2                           	opt	pw 120
     3                           	opt	lm
     4                           	psect	idataCOMMON,global,class=CODE,delta=2
     5                           	psect	cinit,global,class=CODE,merge=1,delta=2
     6                           	psect	bssCOMMON,global,class=COMMON,space=1,delta=1
     7                           	psect	dataCOMMON,global,class=COMMON,space=1,delta=1
     8                           	psect	bssBANK0,global,class=BANK0,space=1,delta=1
     9                           	psect	clrtext,global,class=CODE,delta=2
    10                           	psect	cstackCOMMON,global,class=COMMON,space=1,delta=1
    11                           	psect	maintext,global,class=CODE,merge=1,split=1,delta=2
    12                           	psect	text1,local,class=CODE,merge=1,delta=2
    13                           	psect	text2,local,class=CODE,merge=1,delta=2
    14                           	psect	text3,local,class=CODE,merge=1,delta=2
    15                           	psect	intentry,global,class=CODE,delta=2
    16                           	psect	text5,local,class=CODE,merge=1,delta=2
    17                           	dabs	1,0x7E,2
    18  0000                     	;# 
    19  0001                     	;# 
    20  0002                     	;# 
    21  0003                     	;# 
    22  0004                     	;# 
    23  0005                     	;# 
    24  0006                     	;# 
    25  0007                     	;# 
    26  0008                     	;# 
    27  0009                     	;# 
    28  000A                     	;# 
    29  000B                     	;# 
    30  000C                     	;# 
    31  000D                     	;# 
    32  000E                     	;# 
    33  000F                     	;# 
    34  0010                     	;# 
    35  0011                     	;# 
    36  0012                     	;# 
    37  0013                     	;# 
    38  0015                     	;# 
    39  0016                     	;# 
    40  0016                     	;# 
    41  0017                     	;# 
    42  0018                     	;# 
    43  0019                     	;# 
    44  001A                     	;# 
    45  001B                     	;# 
    46  001C                     	;# 
    47  001E                     	;# 
    48  001F                     	;# 
    49  008C                     	;# 
    50  008D                     	;# 
    51  008E                     	;# 
    52  008F                     	;# 
    53  0090                     	;# 
    54  0091                     	;# 
    55  0092                     	;# 
    56  0093                     	;# 
    57  0095                     	;# 
    58  0096                     	;# 
    59  0097                     	;# 
    60  0098                     	;# 
    61  0099                     	;# 
    62  009A                     	;# 
    63  009B                     	;# 
    64  009B                     	;# 
    65  009C                     	;# 
    66  009D                     	;# 
    67  009E                     	;# 
    68  010C                     	;# 
    69  010D                     	;# 
    70  010E                     	;# 
    71  010F                     	;# 
    72  0110                     	;# 
    73  0111                     	;# 
    74  0112                     	;# 
    75  0113                     	;# 
    76  0114                     	;# 
    77  0115                     	;# 
    78  0116                     	;# 
    79  0117                     	;# 
    80  0118                     	;# 
    81  0119                     	;# 
    82  011A                     	;# 
    83  011B                     	;# 
    84  011D                     	;# 
    85  018C                     	;# 
    86  018D                     	;# 
    87  018F                     	;# 
    88  0190                     	;# 
    89  0191                     	;# 
    90  0191                     	;# 
    91  0192                     	;# 
    92  0193                     	;# 
    93  0193                     	;# 
    94  0193                     	;# 
    95  0194                     	;# 
    96  0195                     	;# 
    97  0196                     	;# 
    98  0199                     	;# 
    99  019A                     	;# 
   100  019B                     	;# 
   101  019B                     	;# 
   102  019B                     	;# 
   103  019B                     	;# 
   104  019C                     	;# 
   105  019C                     	;# 
   106  019D                     	;# 
   107  019E                     	;# 
   108  019F                     	;# 
   109  020D                     	;# 
   110  0210                     	;# 
   111  0211                     	;# 
   112  0212                     	;# 
   113  0213                     	;# 
   114  0214                     	;# 
   115  0215                     	;# 
   116  0215                     	;# 
   117  0216                     	;# 
   118  0217                     	;# 
   119  0291                     	;# 
   120  0291                     	;# 
   121  0292                     	;# 
   122  0293                     	;# 
   123  0294                     	;# 
   124  0295                     	;# 
   125  0295                     	;# 
   126  0296                     	;# 
   127  0298                     	;# 
   128  0298                     	;# 
   129  0299                     	;# 
   130  029A                     	;# 
   131  029B                     	;# 
   132  029C                     	;# 
   133  029C                     	;# 
   134  029D                     	;# 
   135  029E                     	;# 
   136  029F                     	;# 
   137  0311                     	;# 
   138  0311                     	;# 
   139  0312                     	;# 
   140  0313                     	;# 
   141  0314                     	;# 
   142  0315                     	;# 
   143  0315                     	;# 
   144  0316                     	;# 
   145  0318                     	;# 
   146  0318                     	;# 
   147  0319                     	;# 
   148  031A                     	;# 
   149  031C                     	;# 
   150  031C                     	;# 
   151  031D                     	;# 
   152  031E                     	;# 
   153  0394                     	;# 
   154  0395                     	;# 
   155  0396                     	;# 
   156  0415                     	;# 
   157  0416                     	;# 
   158  0417                     	;# 
   159  041C                     	;# 
   160  041D                     	;# 
   161  041E                     	;# 
   162  0791                     	;# 
   163  0792                     	;# 
   164  0793                     	;# 
   165  0794                     	;# 
   166  0795                     	;# 
   167  0798                     	;# 
   168  0799                     	;# 
   169  079A                     	;# 
   170  07A0                     	;# 
   171  07A1                     	;# 
   172  07A2                     	;# 
   173  07A3                     	;# 
   174  07A4                     	;# 
   175  07A5                     	;# 
   176  07A6                     	;# 
   177  07A7                     	;# 
   178  07A8                     	;# 
   179  07A9                     	;# 
   180  07AA                     	;# 
   181  07AB                     	;# 
   182  0FE4                     	;# 
   183  0FE5                     	;# 
   184  0FE6                     	;# 
   185  0FE7                     	;# 
   186  0FE8                     	;# 
   187  0FE9                     	;# 
   188  0FEA                     	;# 
   189  0FEB                     	;# 
   190  0FED                     	;# 
   191  0FEE                     	;# 
   192  0FEF                     	;# 
   193  0000                     	;# 
   194  0001                     	;# 
   195  0002                     	;# 
   196  0003                     	;# 
   197  0004                     	;# 
   198  0005                     	;# 
   199  0006                     	;# 
   200  0007                     	;# 
   201  0008                     	;# 
   202  0009                     	;# 
   203  000A                     	;# 
   204  000B                     	;# 
   205  000C                     	;# 
   206  000D                     	;# 
   207  000E                     	;# 
   208  000F                     	;# 
   209  0010                     	;# 
   210  0011                     	;# 
   211  0012                     	;# 
   212  0013                     	;# 
   213  0015                     	;# 
   214  0016                     	;# 
   215  0016                     	;# 
   216  0017                     	;# 
   217  0018                     	;# 
   218  0019                     	;# 
   219  001A                     	;# 
   220  001B                     	;# 
   221  001C                     	;# 
   222  001E                     	;# 
   223  001F                     	;# 
   224  008C                     	;# 
   225  008D                     	;# 
   226  008E                     	;# 
   227  008F                     	;# 
   228  0090                     	;# 
   229  0091                     	;# 
   230  0092                     	;# 
   231  0093                     	;# 
   232  0095                     	;# 
   233  0096                     	;# 
   234  0097                     	;# 
   235  0098                     	;# 
   236  0099                     	;# 
   237  009A                     	;# 
   238  009B                     	;# 
   239  009B                     	;# 
   240  009C                     	;# 
   241  009D                     	;# 
   242  009E                     	;# 
   243  010C                     	;# 
   244  010D                     	;# 
   245  010E                     	;# 
   246  010F                     	;# 
   247  0110                     	;# 
   248  0111                     	;# 
   249  0112                     	;# 
   250  0113                     	;# 
   251  0114                     	;# 
   252  0115                     	;# 
   253  0116                     	;# 
   254  0117                     	;# 
   255  0118                     	;# 
   256  0119                     	;# 
   257  011A                     	;# 
   258  011B                     	;# 
   259  011D                     	;# 
   260  018C                     	;# 
   261  018D                     	;# 
   262  018F                     	;# 
   263  0190                     	;# 
   264  0191                     	;# 
   265  0191                     	;# 
   266  0192                     	;# 
   267  0193                     	;# 
   268  0193                     	;# 
   269  0193                     	;# 
   270  0194                     	;# 
   271  0195                     	;# 
   272  0196                     	;# 
   273  0199                     	;# 
   274  019A                     	;# 
   275  019B                     	;# 
   276  019B                     	;# 
   277  019B                     	;# 
   278  019B                     	;# 
   279  019C                     	;# 
   280  019C                     	;# 
   281  019D                     	;# 
   282  019E                     	;# 
   283  019F                     	;# 
   284  020D                     	;# 
   285  0210                     	;# 
   286  0211                     	;# 
   287  0212                     	;# 
   288  0213                     	;# 
   289  0214                     	;# 
   290  0215                     	;# 
   291  0215                     	;# 
   292  0216                     	;# 
   293  0217                     	;# 
   294  0291                     	;# 
   295  0291                     	;# 
   296  0292                     	;# 
   297  0293                     	;# 
   298  0294                     	;# 
   299  0295                     	;# 
   300  0295                     	;# 
   301  0296                     	;# 
   302  0298                     	;# 
   303  0298                     	;# 
   304  0299                     	;# 
   305  029A                     	;# 
   306  029B                     	;# 
   307  029C                     	;# 
   308  029C                     	;# 
   309  029D                     	;# 
   310  029E                     	;# 
   311  029F                     	;# 
   312  0311                     	;# 
   313  0311                     	;# 
   314  0312                     	;# 
   315  0313                     	;# 
   316  0314                     	;# 
   317  0315                     	;# 
   318  0315                     	;# 
   319  0316                     	;# 
   320  0318                     	;# 
   321  0318                     	;# 
   322  0319                     	;# 
   323  031A                     	;# 
   324  031C                     	;# 
   325  031C                     	;# 
   326  031D                     	;# 
   327  031E                     	;# 
   328  0394                     	;# 
   329  0395                     	;# 
   330  0396                     	;# 
   331  0415                     	;# 
   332  0416                     	;# 
   333  0417                     	;# 
   334  041C                     	;# 
   335  041D                     	;# 
   336  041E                     	;# 
   337  0791                     	;# 
   338  0792                     	;# 
   339  0793                     	;# 
   340  0794                     	;# 
   341  0795                     	;# 
   342  0798                     	;# 
   343  0799                     	;# 
   344  079A                     	;# 
   345  07A0                     	;# 
   346  07A1                     	;# 
   347  07A2                     	;# 
   348  07A3                     	;# 
   349  07A4                     	;# 
   350  07A5                     	;# 
   351  07A6                     	;# 
   352  07A7                     	;# 
   353  07A8                     	;# 
   354  07A9                     	;# 
   355  07AA                     	;# 
   356  07AB                     	;# 
   357  0FE4                     	;# 
   358  0FE5                     	;# 
   359  0FE6                     	;# 
   360  0FE7                     	;# 
   361  0FE8                     	;# 
   362  0FE9                     	;# 
   363  0FEA                     	;# 
   364  0FEB                     	;# 
   365  0FED                     	;# 
   366  0FEE                     	;# 
   367  0FEF                     	;# 
   368  0000                     	;# 
   369  0001                     	;# 
   370  0002                     	;# 
   371  0003                     	;# 
   372  0004                     	;# 
   373  0005                     	;# 
   374  0006                     	;# 
   375  0007                     	;# 
   376  0008                     	;# 
   377  0009                     	;# 
   378  000A                     	;# 
   379  000B                     	;# 
   380  000C                     	;# 
   381  000D                     	;# 
   382  000E                     	;# 
   383  000F                     	;# 
   384  0010                     	;# 
   385  0011                     	;# 
   386  0012                     	;# 
   387  0013                     	;# 
   388  0015                     	;# 
   389  0016                     	;# 
   390  0016                     	;# 
   391  0017                     	;# 
   392  0018                     	;# 
   393  0019                     	;# 
   394  001A                     	;# 
   395  001B                     	;# 
   396  001C                     	;# 
   397  001E                     	;# 
   398  001F                     	;# 
   399  008C                     	;# 
   400  008D                     	;# 
   401  008E                     	;# 
   402  008F                     	;# 
   403  0090                     	;# 
   404  0091                     	;# 
   405  0092                     	;# 
   406  0093                     	;# 
   407  0095                     	;# 
   408  0096                     	;# 
   409  0097                     	;# 
   410  0098                     	;# 
   411  0099                     	;# 
   412  009A                     	;# 
   413  009B                     	;# 
   414  009B                     	;# 
   415  009C                     	;# 
   416  009D                     	;# 
   417  009E                     	;# 
   418  010C                     	;# 
   419  010D                     	;# 
   420  010E                     	;# 
   421  010F                     	;# 
   422  0110                     	;# 
   423  0111                     	;# 
   424  0112                     	;# 
   425  0113                     	;# 
   426  0114                     	;# 
   427  0115                     	;# 
   428  0116                     	;# 
   429  0117                     	;# 
   430  0118                     	;# 
   431  0119                     	;# 
   432  011A                     	;# 
   433  011B                     	;# 
   434  011D                     	;# 
   435  018C                     	;# 
   436  018D                     	;# 
   437  018F                     	;# 
   438  0190                     	;# 
   439  0191                     	;# 
   440  0191                     	;# 
   441  0192                     	;# 
   442  0193                     	;# 
   443  0193                     	;# 
   444  0193                     	;# 
   445  0194                     	;# 
   446  0195                     	;# 
   447  0196                     	;# 
   448  0199                     	;# 
   449  019A                     	;# 
   450  019B                     	;# 
   451  019B                     	;# 
   452  019B                     	;# 
   453  019B                     	;# 
   454  019C                     	;# 
   455  019C                     	;# 
   456  019D                     	;# 
   457  019E                     	;# 
   458  019F                     	;# 
   459  020D                     	;# 
   460  0210                     	;# 
   461  0211                     	;# 
   462  0212                     	;# 
   463  0213                     	;# 
   464  0214                     	;# 
   465  0215                     	;# 
   466  0215                     	;# 
   467  0216                     	;# 
   468  0217                     	;# 
   469  0291                     	;# 
   470  0291                     	;# 
   471  0292                     	;# 
   472  0293                     	;# 
   473  0294                     	;# 
   474  0295                     	;# 
   475  0295                     	;# 
   476  0296                     	;# 
   477  0298                     	;# 
   478  0298                     	;# 
   479  0299                     	;# 
   480  029A                     	;# 
   481  029B                     	;# 
   482  029C                     	;# 
   483  029C                     	;# 
   484  029D                     	;# 
   485  029E                     	;# 
   486  029F                     	;# 
   487  0311                     	;# 
   488  0311                     	;# 
   489  0312                     	;# 
   490  0313                     	;# 
   491  0314                     	;# 
   492  0315                     	;# 
   493  0315                     	;# 
   494  0316                     	;# 
   495  0318                     	;# 
   496  0318                     	;# 
   497  0319                     	;# 
   498  031A                     	;# 
   499  031C                     	;# 
   500  031C                     	;# 
   501  031D                     	;# 
   502  031E                     	;# 
   503  0394                     	;# 
   504  0395                     	;# 
   505  0396                     	;# 
   506  0415                     	;# 
   507  0416                     	;# 
   508  0417                     	;# 
   509  041C                     	;# 
   510  041D                     	;# 
   511  041E                     	;# 
   512  0791                     	;# 
   513  0792                     	;# 
   514  0793                     	;# 
   515  0794                     	;# 
   516  0795                     	;# 
   517  0798                     	;# 
   518  0799                     	;# 
   519  079A                     	;# 
   520  07A0                     	;# 
   521  07A1                     	;# 
   522  07A2                     	;# 
   523  07A3                     	;# 
   524  07A4                     	;# 
   525  07A5                     	;# 
   526  07A6                     	;# 
   527  07A7                     	;# 
   528  07A8                     	;# 
   529  07A9                     	;# 
   530  07AA                     	;# 
   531  07AB                     	;# 
   532  0FE4                     	;# 
   533  0FE5                     	;# 
   534  0FE6                     	;# 
   535  0FE7                     	;# 
   536  0FE8                     	;# 
   537  0FE9                     	;# 
   538  0FEA                     	;# 
   539  0FEB                     	;# 
   540  0FED                     	;# 
   541  0FEE                     	;# 
   542  0FEF                     	;# 
   543  0000                     	;# 
   544  0001                     	;# 
   545  0002                     	;# 
   546  0003                     	;# 
   547  0004                     	;# 
   548  0005                     	;# 
   549  0006                     	;# 
   550  0007                     	;# 
   551  0008                     	;# 
   552  0009                     	;# 
   553  000A                     	;# 
   554  000B                     	;# 
   555  000C                     	;# 
   556  000D                     	;# 
   557  000E                     	;# 
   558  000F                     	;# 
   559  0010                     	;# 
   560  0011                     	;# 
   561  0012                     	;# 
   562  0013                     	;# 
   563  0015                     	;# 
   564  0016                     	;# 
   565  0016                     	;# 
   566  0017                     	;# 
   567  0018                     	;# 
   568  0019                     	;# 
   569  001A                     	;# 
   570  001B                     	;# 
   571  001C                     	;# 
   572  001E                     	;# 
   573  001F                     	;# 
   574  008C                     	;# 
   575  008D                     	;# 
   576  008E                     	;# 
   577  008F                     	;# 
   578  0090                     	;# 
   579  0091                     	;# 
   580  0092                     	;# 
   581  0093                     	;# 
   582  0095                     	;# 
   583  0096                     	;# 
   584  0097                     	;# 
   585  0098                     	;# 
   586  0099                     	;# 
   587  009A                     	;# 
   588  009B                     	;# 
   589  009B                     	;# 
   590  009C                     	;# 
   591  009D                     	;# 
   592  009E                     	;# 
   593  010C                     	;# 
   594  010D                     	;# 
   595  010E                     	;# 
   596  010F                     	;# 
   597  0110                     	;# 
   598  0111                     	;# 
   599  0112                     	;# 
   600  0113                     	;# 
   601  0114                     	;# 
   602  0115                     	;# 
   603  0116                     	;# 
   604  0117                     	;# 
   605  0118                     	;# 
   606  0119                     	;# 
   607  011A                     	;# 
   608  011B                     	;# 
   609  011D                     	;# 
   610  018C                     	;# 
   611  018D                     	;# 
   612  018F                     	;# 
   613  0190                     	;# 
   614  0191                     	;# 
   615  0191                     	;# 
   616  0192                     	;# 
   617  0193                     	;# 
   618  0193                     	;# 
   619  0193                     	;# 
   620  0194                     	;# 
   621  0195                     	;# 
   622  0196                     	;# 
   623  0199                     	;# 
   624  019A                     	;# 
   625  019B                     	;# 
   626  019B                     	;# 
   627  019B                     	;# 
   628  019B                     	;# 
   629  019C                     	;# 
   630  019C                     	;# 
   631  019D                     	;# 
   632  019E                     	;# 
   633  019F                     	;# 
   634  020D                     	;# 
   635  0210                     	;# 
   636  0211                     	;# 
   637  0212                     	;# 
   638  0213                     	;# 
   639  0214                     	;# 
   640  0215                     	;# 
   641  0215                     	;# 
   642  0216                     	;# 
   643  0217                     	;# 
   644  0291                     	;# 
   645  0291                     	;# 
   646  0292                     	;# 
   647  0293                     	;# 
   648  0294                     	;# 
   649  0295                     	;# 
   650  0295                     	;# 
   651  0296                     	;# 
   652  0298                     	;# 
   653  0298                     	;# 
   654  0299                     	;# 
   655  029A                     	;# 
   656  029B                     	;# 
   657  029C                     	;# 
   658  029C                     	;# 
   659  029D                     	;# 
   660  029E                     	;# 
   661  029F                     	;# 
   662  0311                     	;# 
   663  0311                     	;# 
   664  0312                     	;# 
   665  0313                     	;# 
   666  0314                     	;# 
   667  0315                     	;# 
   668  0315                     	;# 
   669  0316                     	;# 
   670  0318                     	;# 
   671  0318                     	;# 
   672  0319                     	;# 
   673  031A                     	;# 
   674  031C                     	;# 
   675  031C                     	;# 
   676  031D                     	;# 
   677  031E                     	;# 
   678  0394                     	;# 
   679  0395                     	;# 
   680  0396                     	;# 
   681  0415                     	;# 
   682  0416                     	;# 
   683  0417                     	;# 
   684  041C                     	;# 
   685  041D                     	;# 
   686  041E                     	;# 
   687  0791                     	;# 
   688  0792                     	;# 
   689  0793                     	;# 
   690  0794                     	;# 
   691  0795                     	;# 
   692  0798                     	;# 
   693  0799                     	;# 
   694  079A                     	;# 
   695  07A0                     	;# 
   696  07A1                     	;# 
   697  07A2                     	;# 
   698  07A3                     	;# 
   699  07A4                     	;# 
   700  07A5                     	;# 
   701  07A6                     	;# 
   702  07A7                     	;# 
   703  07A8                     	;# 
   704  07A9                     	;# 
   705  07AA                     	;# 
   706  07AB                     	;# 
   707  0FE4                     	;# 
   708  0FE5                     	;# 
   709  0FE6                     	;# 
   710  0FE7                     	;# 
   711  0FE8                     	;# 
   712  0FE9                     	;# 
   713  0FEA                     	;# 
   714  0FEB                     	;# 
   715  0FED                     	;# 
   716  0FEE                     	;# 
   717  0FEF                     	;# 
   718                           
   719                           	psect	idataCOMMON
   720  0112                     __pidataCOMMON:	
   721                           
   722                           ;initializer for _digito
   723  0112  3405               	retlw	5
   724  000B                     _INTCONbits	set	11
   725  000D                     _PORTB	set	13
   726  000F                     _PORTDbits	set	15
   727  0095                     _OPTION_REGbits	set	149
   728  0099                     _OSCCON	set	153
   729  009A                     _OSCSTAT	set	154
   730  0098                     _OSCTUNE	set	152
   731  008C                     _TRISA	set	140
   732  008D                     _TRISB	set	141
   733  008E                     _TRISC	set	142
   734  008F                     _TRISD	set	143
   735  0090                     _TRISE	set	144
   736  011D                     _APFCON	set	285
   737  010C                     _LATA	set	268
   738  010D                     _LATB	set	269
   739  010E                     _LATC	set	270
   740  010F                     _LATD	set	271
   741  0110                     _LATE	set	272
   742  0110                     _LATEbits	set	272
   743  018C                     _ANSELA	set	396
   744  018D                     _ANSELB	set	397
   745  018F                     _ANSELD	set	399
   746  0190                     _ANSELE	set	400
   747  020D                     _WPUB	set	525
   748  0210                     _WPUE	set	528
   749  0396                     _IOCBFbits	set	918
   750  0395                     _IOCBNbits	set	917
   751  0394                     _IOCBPbits	set	916
   752                           
   753                           ; #config settings
   754  0000                     
   755                           	psect	cinit
   756  0016                     start_initialization:	
   757  0016                     __initialization:	
   758                           
   759                           ; Initialize objects allocated to COMMON
   760  0016  3181  2112  3180   	fcall	__pidataCOMMON	;fetch initializer
   761  0019  00FC               	movwf	__pdataCOMMON& (0+127)
   762                           
   763                           ; Clear objects allocated to COMMON
   764  001A  01F0               	clrf	__pbssCOMMON& (0+127)
   765  001B  01F1               	clrf	(__pbssCOMMON+1)& (0+127)
   766  001C  01F2               	clrf	(__pbssCOMMON+2)& (0+127)
   767  001D  01F3               	clrf	(__pbssCOMMON+3)& (0+127)
   768  001E  01F4               	clrf	(__pbssCOMMON+4)& (0+127)
   769  001F  01F5               	clrf	(__pbssCOMMON+5)& (0+127)
   770                           
   771                           ; Clear objects allocated to BANK0
   772  0020  3020               	movlw	low __pbssBANK0
   773  0021  0084               	movwf	4
   774  0022  3000               	movlw	high __pbssBANK0
   775  0023  0085               	movwf	5
   776  0024  3012               	movlw	18
   777  0025  3181  2100         	fcall	clear_ram0
   778  0027                     end_of_initialization:	
   779                           ;End of C runtime variable initialization code
   780                           
   781  0027                     __end_of__initialization:	
   782  0027  107E               	bcf	int$flags,0	;clear compiler interrupt flag (level 1)
   783  0028  0020               	movlb	0
   784  0029  3180  2881         	ljmp	_main	;jump to C main() function
   785                           
   786                           	psect	bssCOMMON
   787  0070                     __pbssCOMMON:	
   788  0070                     _IOCBF4_InterruptHandler:	
   789  0070                     	ds	2
   790  0072                     _IOCBF5_InterruptHandler:	
   791  0072                     	ds	2
   792  0074                     _IOCBF6_InterruptHandler:	
   793  0074                     	ds	2
   794                           
   795                           	psect	dataCOMMON
   796  007C                     __pdataCOMMON:	
   797  007C                     _digito:	
   798  007C                     	ds	1
   799                           
   800                           	psect	bssBANK0
   801  0020                     __pbssBANK0:	
   802  0020                     _IOCBF7_InterruptHandler:	
   803  0020                     	ds	2
   804  0022                     _IOCBN4_InterruptHandler:	
   805  0022                     	ds	2
   806  0024                     _IOCBN5_InterruptHandler:	
   807  0024                     	ds	2
   808  0026                     _IOCBN6_InterruptHandler:	
   809  0026                     	ds	2
   810  0028                     _IOCBN7_InterruptHandler:	
   811  0028                     	ds	2
   812  002A                     _IOCBP4_InterruptHandler:	
   813  002A                     	ds	2
   814  002C                     _IOCBP5_InterruptHandler:	
   815  002C                     	ds	2
   816  002E                     _IOCBP6_InterruptHandler:	
   817  002E                     	ds	2
   818  0030                     _IOCBP7_InterruptHandler:	
   819  0030                     	ds	2
   820                           
   821                           	psect	clrtext
   822  0100                     clear_ram0:	
   823                           ;	Called with FSR0 containing the base address, and
   824                           ;	WREG with the size to clear
   825                           
   826  0100  0064               	clrwdt	;clear the watchdog before getting into this loop
   827  0101                     clrloop0:	
   828  0101  0180               	clrf	0	;clear RAM location pointed to by FSR
   829  0102  3101               	addfsr 0,1
   830  0103  0B89               	decfsz	9,f	;Have we reached the end of clearing yet?
   831  0104  2901               	goto	clrloop0	;have we reached the end yet?
   832  0105  3400               	retlw	0	;all done for this memory range, return
   833                           
   834                           	psect	cstackCOMMON
   835  0076                     __pcstackCOMMON:	
   836  0076                     ?_SYSTEM_Initialize:	
   837  0076                     ?_PIN_MANAGER_IOC:	
   838                           ; 1 bytes @ 0x0
   839                           
   840  0076                     ??_PIN_MANAGER_IOC:	
   841                           ; 1 bytes @ 0x0
   842                           
   843  0076                     ?_PIN_MANAGER_Initialize:	
   844                           ; 1 bytes @ 0x0
   845                           
   846  0076                     ?_OSCILLATOR_Initialize:	
   847                           ; 1 bytes @ 0x0
   848                           
   849  0076                     ?_main:	
   850                           ; 1 bytes @ 0x0
   851                           
   852  0076                     ?_INTERRUPT_InterruptManager:	
   853                           ; 1 bytes @ 0x0
   854                           
   855                           
   856                           ; 1 bytes @ 0x0
   857  0076                     	ds	1
   858  0077                     ??_INTERRUPT_InterruptManager:	
   859                           
   860                           ; 1 bytes @ 0x1
   861  0077                     	ds	1
   862  0078                     ??_SYSTEM_Initialize:	
   863  0078                     ??_PIN_MANAGER_Initialize:	
   864                           ; 1 bytes @ 0x2
   865                           
   866  0078                     ??_OSCILLATOR_Initialize:	
   867                           ; 1 bytes @ 0x2
   868                           
   869  0078                     ??_main:	
   870                           ; 1 bytes @ 0x2
   871                           
   872                           
   873                           ; 1 bytes @ 0x2
   874  0078                     	ds	2
   875  007A                     main@rota:	
   876                           
   877                           ; 1 bytes @ 0x4
   878  007A                     	ds	1
   879  007B                     main@n:	
   880                           
   881                           ; 1 bytes @ 0x5
   882  007B                     	ds	1
   883                           
   884                           	psect	maintext
   885  0081                     __pmaintext:	
   886 ;;
   887 ;;Main: autosize = 0, tempsize = 2, incstack = 0, save=0
   888 ;;
   889 ;; *************** function _main *****************
   890 ;; Defined at:
   891 ;;		line 51 in file "main.c"
   892 ;; Parameters:    Size  Location     Type
   893 ;;		None
   894 ;; Auto vars:     Size  Location     Type
   895 ;;  n               1    5[COMMON] unsigned char 
   896 ;;  rota            1    4[COMMON] unsigned char 
   897 ;; Return value:  Size  Location     Type
   898 ;;                  1    wreg      void 
   899 ;; Registers used:
   900 ;;		wreg, status,2, status,0, pclath, cstack
   901 ;; Tracked objects:
   902 ;;		On entry : B1F/0
   903 ;;		On exit  : 0/0
   904 ;;		Unchanged: 0/0
   905 ;; Data sizes:     COMMON   BANK0   BANK1   BANK2   BANK3   BANK4   BANK5   BANK6
   906 ;;      Params:         0       0       0       0       0       0       0       0
   907 ;;      Locals:         2       0       0       0       0       0       0       0
   908 ;;      Temps:          2       0       0       0       0       0       0       0
   909 ;;      Totals:         4       0       0       0       0       0       0       0
   910 ;;Total ram usage:        4 bytes
   911 ;; Hardware stack levels required when called:    4
   912 ;; This function calls:
   913 ;;		_SYSTEM_Initialize
   914 ;; This function is called by:
   915 ;;		Startup code after reset
   916 ;; This function uses a non-reentrant model
   917 ;;
   918                           
   919                           
   920                           ;psect for function _main
   921  0081                     _main:	
   922                           
   923                           ;main.c: 54: SYSTEM_Initialize();
   924                           
   925                           ;incstack = 0
   926                           ; Regs used in _main: [wreg+status,2+status,0+pclath+cstack]
   927  0081  3181  2106  3180   	fcall	_SYSTEM_Initialize
   928                           
   929                           ;main.c: 60: (INTCONbits.GIE = 1);
   930  0084  178B               	bsf	11,7	;volatile
   931  0085                     l812:	
   932                           ;main.c: 71: while (1)
   933                           
   934                           
   935                           ;main.c: 72: {
   936                           ;main.c: 73: uint8_t rota = 0x0F;
   937  0085  300F               	movlw	15
   938  0086  00F8               	movwf	??_main
   939  0087  0878               	movf	??_main,w
   940  0088  00FA               	movwf	main@rota
   941                           
   942                           ;main.c: 74: LATEbits.LATE0 = 1;
   943  0089  0022               	movlb	2	; select bank2
   944  008A  1410               	bsf	16,0	;volatile
   945                           
   946                           ;main.c: 75: for (uint8_t n = 0; n < 4; n++) {
   947  008B  01FB               	clrf	main@n
   948  008C                     L1:	
   949  008C  3004               	movlw	4
   950  008D  027B               	subwf	main@n,w
   951  008E  1803               	btfsc	3,0
   952  008F  2885               	goto	l812
   953                           
   954                           ;main.c: 76: rota & = ~(1 << n);
   955  0090  3001               	movlw	1
   956  0091  00F8               	movwf	??_main
   957  0092  0A7B               	incf	main@n,w
   958  0093  2895               	goto	u184
   959  0094                     u185:	
   960  0094  35F8               	lslf	??_main,f
   961  0095                     u184:	
   962  0095  0B89               	decfsz	9,f
   963  0096  2894               	goto	u185
   964  0097  0878               	movf	??_main,w
   965  0098  3AFF               	xorlw	255
   966  0099  00F9               	movwf	??_main+1
   967  009A  0879               	movf	??_main+1,w
   968  009B  05FA               	andwf	main@rota,f
   969                           
   970                           ;main.c: 77: LATD = digito | rota << 4;
   971  009C  087A               	movf	main@rota,w
   972  009D  00F8               	movwf	??_main
   973  009E  3003               	movlw	3
   974  009F                     u195:	
   975  009F  35F8               	lslf	??_main,f
   976  00A0  3EFF               	addlw	-1
   977  00A1  1D03               	skipz
   978  00A2  289F               	goto	u195
   979  00A3  3578               	lslf	??_main,w
   980  00A4  047C               	iorwf	_digito,w
   981  00A5  0022               	movlb	2	; select bank2
   982  00A6  008F               	movwf	15	;volatile
   983                           
   984                           ;main.c: 78: rota | = (1 << n);
   985  00A7  3001               	movlw	1
   986  00A8  00F8               	movwf	??_main
   987  00A9  0A7B               	incf	main@n,w
   988  00AA  28AC               	goto	u204
   989  00AB                     u205:	
   990  00AB  35F8               	lslf	??_main,f
   991  00AC                     u204:	
   992  00AC  0B89               	decfsz	9,f
   993  00AD  28AB               	goto	u205
   994  00AE  0878               	movf	??_main,w
   995  00AF  00F9               	movwf	??_main+1
   996  00B0  0879               	movf	??_main+1,w
   997  00B1  04FA               	iorwf	main@rota,f
   998                           
   999                           ;main.c: 79: LATD = digito | rota << 4;
  1000  00B2  087A               	movf	main@rota,w
  1001  00B3  00F8               	movwf	??_main
  1002  00B4  3003               	movlw	3
  1003  00B5                     u215:	
  1004  00B5  35F8               	lslf	??_main,f
  1005  00B6  3EFF               	addlw	-1
  1006  00B7  1D03               	skipz
  1007  00B8  28B5               	goto	u215
  1008  00B9  3578               	lslf	??_main,w
  1009  00BA  047C               	iorwf	_digito,w
  1010  00BB  008F               	movwf	15	;volatile
  1011  00BC                     l44:	
  1012                           ;main.c: 80: while (PORTB & 0xF0 != 0x0F);
  1013                           
  1014  00BC  0020               	movlb	0	; select bank0
  1015  00BD  180D               	btfsc	13,0	;volatile
  1016  00BE  28BC               	goto	l44
  1017                           
  1018                           ;main.c: 81: _delay((unsigned long)((10)*(20000000/4000.0)));
  1019  00BF  3041               	movlw	65
  1020  00C0  00F9               	movwf	??_main+1
  1021  00C1  30EE               	movlw	238
  1022  00C2  00F8               	movwf	??_main
  1023  00C3                     u267:	
  1024  00C3  0BF8               	decfsz	??_main,f
  1025  00C4  28C3               	goto	u267
  1026  00C5  0BF9               	decfsz	??_main+1,f
  1027  00C6  28C3               	goto	u267
  1028  00C7  0000               	nop
  1029  00C8  3001               	movlw	1
  1030  00C9  00F8               	movwf	??_main
  1031  00CA  0878               	movf	??_main,w
  1032  00CB  07FB               	addwf	main@n,f
  1033  00CC  288C               	goto	L1
  1034  00CD                     __end_of_main:	
  1035                           
  1036                           	psect	text1
  1037  0106                     __ptext1:	
  1038 ;; *************** function _SYSTEM_Initialize *****************
  1039 ;; Defined at:
  1040 ;;		line 70 in file "mcc_generated_files/mcc.c"
  1041 ;; Parameters:    Size  Location     Type
  1042 ;;		None
  1043 ;; Auto vars:     Size  Location     Type
  1044 ;;		None
  1045 ;; Return value:  Size  Location     Type
  1046 ;;                  1    wreg      void 
  1047 ;; Registers used:
  1048 ;;		wreg, status,2, status,0, pclath, cstack
  1049 ;; Tracked objects:
  1050 ;;		On entry : 0/0
  1051 ;;		On exit  : 0/0
  1052 ;;		Unchanged: 0/0
  1053 ;; Data sizes:     COMMON   BANK0   BANK1   BANK2   BANK3   BANK4   BANK5   BANK6
  1054 ;;      Params:         0       0       0       0       0       0       0       0
  1055 ;;      Locals:         0       0       0       0       0       0       0       0
  1056 ;;      Temps:          0       0       0       0       0       0       0       0
  1057 ;;      Totals:         0       0       0       0       0       0       0       0
  1058 ;;Total ram usage:        0 bytes
  1059 ;; Hardware stack levels used:    1
  1060 ;; Hardware stack levels required when called:    3
  1061 ;; This function calls:
  1062 ;;		_OSCILLATOR_Initialize
  1063 ;;		_PIN_MANAGER_Initialize
  1064 ;; This function is called by:
  1065 ;;		_main
  1066 ;; This function uses a non-reentrant model
  1067 ;;
  1068                           
  1069                           
  1070                           ;psect for function _SYSTEM_Initialize
  1071  0106                     _SYSTEM_Initialize:	
  1072                           
  1073                           ;mcc.c: 73: PIN_MANAGER_Initialize();
  1074                           
  1075                           ;incstack = 0
  1076                           ; Regs used in _SYSTEM_Initialize: [wreg+status,2+status,0+pclath+cstack]
  1077  0106  3180  20CD  3181   	fcall	_PIN_MANAGER_Initialize
  1078                           
  1079                           ;mcc.c: 74: OSCILLATOR_Initialize();
  1080  0109  3181  210C         	fcall	_OSCILLATOR_Initialize
  1081  010B  0008               	return
  1082  010C                     __end_of_SYSTEM_Initialize:	
  1083                           
  1084                           	psect	text2
  1085  00CD                     __ptext2:	
  1086 ;; *************** function _PIN_MANAGER_Initialize *****************
  1087 ;; Defined at:
  1088 ;;		line 49 in file "mcc_generated_files/pin_manager.c"
  1089 ;; Parameters:    Size  Location     Type
  1090 ;;		None
  1091 ;; Auto vars:     Size  Location     Type
  1092 ;;		None
  1093 ;; Return value:  Size  Location     Type
  1094 ;;                  1    wreg      void 
  1095 ;; Registers used:
  1096 ;;		wreg, status,2
  1097 ;; Tracked objects:
  1098 ;;		On entry : 0/0
  1099 ;;		On exit  : 0/0
  1100 ;;		Unchanged: 0/0
  1101 ;; Data sizes:     COMMON   BANK0   BANK1   BANK2   BANK3   BANK4   BANK5   BANK6
  1102 ;;      Params:         0       0       0       0       0       0       0       0
  1103 ;;      Locals:         0       0       0       0       0       0       0       0
  1104 ;;      Temps:          0       0       0       0       0       0       0       0
  1105 ;;      Totals:         0       0       0       0       0       0       0       0
  1106 ;;Total ram usage:        0 bytes
  1107 ;; Hardware stack levels used:    1
  1108 ;; Hardware stack levels required when called:    2
  1109 ;; This function calls:
  1110 ;;		Nothing
  1111 ;; This function is called by:
  1112 ;;		_SYSTEM_Initialize
  1113 ;; This function uses a non-reentrant model
  1114 ;;
  1115                           
  1116                           
  1117                           ;psect for function _PIN_MANAGER_Initialize
  1118  00CD                     _PIN_MANAGER_Initialize:	
  1119                           
  1120                           ;pin_manager.c: 50: LATB = 0x0;
  1121                           
  1122                           ;incstack = 0
  1123                           ; Regs used in _PIN_MANAGER_Initialize: [wreg+status,2]
  1124  00CD  0022               	movlb	2	; select bank2
  1125  00CE  018D               	clrf	13	;volatile
  1126                           
  1127                           ;pin_manager.c: 51: WPUE = 0x8;
  1128  00CF  3008               	movlw	8
  1129  00D0  0024               	movlb	4	; select bank4
  1130  00D1  0090               	movwf	16	;volatile
  1131                           
  1132                           ;pin_manager.c: 52: LATA = 0x0;
  1133  00D2  0022               	movlb	2	; select bank2
  1134  00D3  018C               	clrf	12	;volatile
  1135                           
  1136                           ;pin_manager.c: 53: ANSELE = 0x6;
  1137  00D4  3006               	movlw	6
  1138  00D5  0023               	movlb	3	; select bank3
  1139  00D6  0090               	movwf	16	;volatile
  1140                           
  1141                           ;pin_manager.c: 54: LATE = 0x0;
  1142  00D7  0022               	movlb	2	; select bank2
  1143  00D8  0190               	clrf	16	;volatile
  1144                           
  1145                           ;pin_manager.c: 55: LATD = 0x0;
  1146  00D9  018F               	clrf	15	;volatile
  1147                           
  1148                           ;pin_manager.c: 56: LATC = 0x0;
  1149  00DA  018E               	clrf	14	;volatile
  1150                           
  1151                           ;pin_manager.c: 57: ANSELA = 0x3F;
  1152  00DB  303F               	movlw	63
  1153  00DC  0023               	movlb	3	; select bank3
  1154  00DD  008C               	movwf	12	;volatile
  1155                           
  1156                           ;pin_manager.c: 58: ANSELB = 0xF;
  1157  00DE  300F               	movlw	15
  1158  00DF  008D               	movwf	13	;volatile
  1159                           
  1160                           ;pin_manager.c: 59: ANSELD = 0x0;
  1161  00E0  018F               	clrf	15	;volatile
  1162                           
  1163                           ;pin_manager.c: 60: WPUB = 0xFF;
  1164  00E1  30FF               	movlw	255
  1165  00E2  0024               	movlb	4	; select bank4
  1166  00E3  008D               	movwf	13	;volatile
  1167                           
  1168                           ;pin_manager.c: 61: TRISD = 0x0;
  1169  00E4  0021               	movlb	1	; select bank1
  1170  00E5  018F               	clrf	15	;volatile
  1171                           
  1172                           ;pin_manager.c: 62: TRISE = 0xE;
  1173  00E6  300E               	movlw	14
  1174  00E7  0090               	movwf	16	;volatile
  1175                           
  1176                           ;pin_manager.c: 63: TRISB = 0xFF;
  1177  00E8  30FF               	movlw	255
  1178  00E9  008D               	movwf	13	;volatile
  1179                           
  1180                           ;pin_manager.c: 64: TRISC = 0xFF;
  1181  00EA  30FF               	movlw	255
  1182  00EB  008E               	movwf	14	;volatile
  1183                           
  1184                           ;pin_manager.c: 65: TRISA = 0xFF;
  1185  00EC  30FF               	movlw	255
  1186  00ED  008C               	movwf	12	;volatile
  1187                           
  1188                           ;pin_manager.c: 67: OPTION_REGbits.nWPUEN = 0x0;
  1189  00EE  1395               	bcf	21,7	;volatile
  1190                           
  1191                           ;pin_manager.c: 68: APFCON = 0x00;
  1192  00EF  0022               	movlb	2	; select bank2
  1193  00F0  019D               	clrf	29	;volatile
  1194                           
  1195                           ;pin_manager.c: 71: IOCBFbits.IOCBF4 = 0;
  1196  00F1  0027               	movlb	7	; select bank7
  1197  00F2  1216               	bcf	22,4	;volatile
  1198                           
  1199                           ;pin_manager.c: 72: IOCBFbits.IOCBF5 = 0;
  1200  00F3  1296               	bcf	22,5	;volatile
  1201                           
  1202                           ;pin_manager.c: 73: IOCBFbits.IOCBF6 = 0;
  1203  00F4  1316               	bcf	22,6	;volatile
  1204                           
  1205                           ;pin_manager.c: 74: IOCBFbits.IOCBF7 = 0;
  1206  00F5  1396               	bcf	22,7	;volatile
  1207                           
  1208                           ;pin_manager.c: 77: IOCBNbits.IOCBN4 = 1;
  1209  00F6  1615               	bsf	21,4	;volatile
  1210                           
  1211                           ;pin_manager.c: 78: IOCBNbits.IOCBN5 = 1;
  1212  00F7  1695               	bsf	21,5	;volatile
  1213                           
  1214                           ;pin_manager.c: 79: IOCBNbits.IOCBN6 = 1;
  1215  00F8  1715               	bsf	21,6	;volatile
  1216                           
  1217                           ;pin_manager.c: 80: IOCBNbits.IOCBN7 = 1;
  1218  00F9  1795               	bsf	21,7	;volatile
  1219                           
  1220                           ;pin_manager.c: 83: IOCBPbits.IOCBP4 = 0;
  1221  00FA  1214               	bcf	20,4	;volatile
  1222                           
  1223                           ;pin_manager.c: 84: IOCBPbits.IOCBP5 = 0;
  1224  00FB  1294               	bcf	20,5	;volatile
  1225                           
  1226                           ;pin_manager.c: 85: IOCBPbits.IOCBP6 = 0;
  1227  00FC  1314               	bcf	20,6	;volatile
  1228                           
  1229                           ;pin_manager.c: 86: IOCBPbits.IOCBP7 = 0;
  1230  00FD  1394               	bcf	20,7	;volatile
  1231                           
  1232                           ;pin_manager.c: 88: INTCONbits.IOCIE = 1;
  1233  00FE  158B               	bsf	11,3	;volatile
  1234  00FF  0008               	return
  1235  0100                     __end_of_PIN_MANAGER_Initialize:	
  1236                           
  1237                           	psect	text3
  1238  010C                     __ptext3:	
  1239 ;; *************** function _OSCILLATOR_Initialize *****************
  1240 ;; Defined at:
  1241 ;;		line 77 in file "mcc_generated_files/mcc.c"
  1242 ;; Parameters:    Size  Location     Type
  1243 ;;		None
  1244 ;; Auto vars:     Size  Location     Type
  1245 ;;		None
  1246 ;; Return value:  Size  Location     Type
  1247 ;;                  1    wreg      void 
  1248 ;; Registers used:
  1249 ;;		wreg, status,2
  1250 ;; Tracked objects:
  1251 ;;		On entry : 0/0
  1252 ;;		On exit  : 0/0
  1253 ;;		Unchanged: 0/0
  1254 ;; Data sizes:     COMMON   BANK0   BANK1   BANK2   BANK3   BANK4   BANK5   BANK6
  1255 ;;      Params:         0       0       0       0       0       0       0       0
  1256 ;;      Locals:         0       0       0       0       0       0       0       0
  1257 ;;      Temps:          0       0       0       0       0       0       0       0
  1258 ;;      Totals:         0       0       0       0       0       0       0       0
  1259 ;;Total ram usage:        0 bytes
  1260 ;; Hardware stack levels used:    1
  1261 ;; Hardware stack levels required when called:    2
  1262 ;; This function calls:
  1263 ;;		Nothing
  1264 ;; This function is called by:
  1265 ;;		_SYSTEM_Initialize
  1266 ;; This function uses a non-reentrant model
  1267 ;;
  1268                           
  1269                           
  1270                           ;psect for function _OSCILLATOR_Initialize
  1271  010C                     _OSCILLATOR_Initialize:	
  1272                           
  1273                           ;mcc.c: 80: OSCCON = 0x38;
  1274                           
  1275                           ;incstack = 0
  1276                           ; Regs used in _OSCILLATOR_Initialize: [wreg+status,2]
  1277  010C  3038               	movlw	56
  1278  010D  0021               	movlb	1	; select bank1
  1279  010E  0099               	movwf	25	;volatile
  1280                           
  1281                           ;mcc.c: 82: OSCSTAT = 0x00;
  1282  010F  019A               	clrf	26	;volatile
  1283                           
  1284                           ;mcc.c: 84: OSCTUNE = 0x00;
  1285  0110  0198               	clrf	24	;volatile
  1286  0111  0008               	return
  1287  0112                     __end_of_OSCILLATOR_Initialize:	
  1288                           
  1289                           	psect	intentry
  1290  0004                     __pintentry:	
  1291 ;; *************** function _INTERRUPT_InterruptManager *****************
  1292 ;; Defined at:
  1293 ;;		line 51 in file "mcc_generated_files/interrupt_manager.c"
  1294 ;; Parameters:    Size  Location     Type
  1295 ;;		None
  1296 ;; Auto vars:     Size  Location     Type
  1297 ;;		None
  1298 ;; Return value:  Size  Location     Type
  1299 ;;                  1    wreg      void 
  1300 ;; Registers used:
  1301 ;;		wreg, status,2, status,0, pclath, cstack
  1302 ;; Tracked objects:
  1303 ;;		On entry : 0/0
  1304 ;;		On exit  : 0/0
  1305 ;;		Unchanged: 0/0
  1306 ;; Data sizes:     COMMON   BANK0   BANK1   BANK2   BANK3   BANK4   BANK5   BANK6
  1307 ;;      Params:         0       0       0       0       0       0       0       0
  1308 ;;      Locals:         0       0       0       0       0       0       0       0
  1309 ;;      Temps:          1       0       0       0       0       0       0       0
  1310 ;;      Totals:         1       0       0       0       0       0       0       0
  1311 ;;Total ram usage:        1 bytes
  1312 ;; Hardware stack levels used:    1
  1313 ;; Hardware stack levels required when called:    1
  1314 ;; This function calls:
  1315 ;;		_PIN_MANAGER_IOC
  1316 ;; This function is called by:
  1317 ;;		Interrupt level 1
  1318 ;; This function uses a non-reentrant model
  1319 ;;
  1320                           
  1321  0004                     _INTERRUPT_InterruptManager:	
  1322                           
  1323                           ;incstack = 0
  1324  0004  147E               	bsf	126,0	;set compiler interrupt flag (level 1)
  1325                           
  1326                           ; Regs used in _INTERRUPT_InterruptManager: [wreg+status,2+status,0+pclath+cstack]
  1327  0005  3180               	pagesel	$
  1328  0006  0020               	movlb	0	; select bank0
  1329  0007  087F               	movf	127,w
  1330  0008  00F7               	movwf	??_INTERRUPT_InterruptManager
  1331                           
  1332                           ;interrupt_manager.c: 54: if(INTCONbits.IOCIE == 1 && INTCONbits.IOCIF == 1)
  1333  0009  198B               	btfsc	11,3	;volatile
  1334  000A  1C0B               	btfss	11,0	;volatile
  1335  000B  280F               	goto	i1l84
  1336                           
  1337                           ;interrupt_manager.c: 55: {
  1338                           ;interrupt_manager.c: 56: PIN_MANAGER_IOC();
  1339  000C  3180  202B         	fcall	_PIN_MANAGER_IOC
  1340                           
  1341                           ;interrupt_manager.c: 59: INTCONbits.IOCIF = 0;
  1342  000E  100B               	bcf	11,0	;volatile
  1343  000F                     i1l84:	
  1344                           ;interrupt_manager.c: 61: else
  1345                           ;interrupt_manager.c: 62: {
  1346                           
  1347                           ;interrupt_manager.c: 60: }
  1348                           
  1349  000F  0877               	movf	??_INTERRUPT_InterruptManager,w
  1350  0010  0020               	movlb	0	; select bank0
  1351  0011  00FF               	movwf	127
  1352  0012  107E               	bcf	126,0	;clear compiler interrupt flag (level 1)
  1353  0013  0009               	retfie
  1354  0014                     __end_of_INTERRUPT_InterruptManager:	
  1355                           
  1356                           	psect	text5
  1357  002B                     __ptext5:	
  1358 ;; *************** function _PIN_MANAGER_IOC *****************
  1359 ;; Defined at:
  1360 ;;		line 93 in file "mcc_generated_files/pin_manager.c"
  1361 ;; Parameters:    Size  Location     Type
  1362 ;;		None
  1363 ;; Auto vars:     Size  Location     Type
  1364 ;;		None
  1365 ;; Return value:  Size  Location     Type
  1366 ;;                  1    wreg      void 
  1367 ;; Registers used:
  1368 ;;		wreg, status,2
  1369 ;; Tracked objects:
  1370 ;;		On entry : 0/0
  1371 ;;		On exit  : 0/0
  1372 ;;		Unchanged: 0/0
  1373 ;; Data sizes:     COMMON   BANK0   BANK1   BANK2   BANK3   BANK4   BANK5   BANK6
  1374 ;;      Params:         0       0       0       0       0       0       0       0
  1375 ;;      Locals:         0       0       0       0       0       0       0       0
  1376 ;;      Temps:          1       0       0       0       0       0       0       0
  1377 ;;      Totals:         1       0       0       0       0       0       0       0
  1378 ;;Total ram usage:        1 bytes
  1379 ;; Hardware stack levels used:    1
  1380 ;; This function calls:
  1381 ;;		Nothing
  1382 ;; This function is called by:
  1383 ;;		_INTERRUPT_InterruptManager
  1384 ;; This function uses a non-reentrant model
  1385 ;;
  1386                           
  1387                           
  1388                           ;psect for function _PIN_MANAGER_IOC
  1389  002B                     _PIN_MANAGER_IOC:	
  1390                           
  1391                           ;pin_manager.c: 95: if (IOCBFbits.IOCBF4 == 1) {
  1392                           
  1393                           ;incstack = 0
  1394                           ; Regs used in _PIN_MANAGER_IOC: [wreg+status,2]
  1395  002B  0027               	movlb	7	; select bank7
  1396  002C  1E16               	btfss	22,4	;volatile
  1397  002D  2847               	goto	i1l764
  1398                           
  1399                           ;pin_manager.c: 96: if (PORTDbits.RD4 == 0)
  1400  002E  0020               	movlb	0	; select bank0
  1401  002F  1A0F               	btfsc	15,4	;volatile
  1402  0030  2833               	goto	i1l205
  1403                           
  1404                           ;pin_manager.c: 97: digito = 1;
  1405  0031  01FC               	clrf	_digito
  1406  0032  0AFC               	incf	_digito,f
  1407  0033                     i1l205:	
  1408                           
  1409                           ;pin_manager.c: 98: if (PORTDbits.RD5 == 0)
  1410  0033  1A8F               	btfsc	15,5	;volatile
  1411  0034  2839               	goto	i1l754
  1412                           
  1413                           ;pin_manager.c: 99: digito = 4;
  1414  0035  3004               	movlw	4
  1415  0036  00F6               	movwf	??_PIN_MANAGER_IOC
  1416  0037  0876               	movf	??_PIN_MANAGER_IOC,w
  1417  0038  00FC               	movwf	_digito
  1418  0039                     i1l754:	
  1419                           
  1420                           ;pin_manager.c: 100: if (PORTDbits.RD6 == 0)
  1421  0039  1B0F               	btfsc	15,6	;volatile
  1422  003A  283F               	goto	i1l758
  1423                           
  1424                           ;pin_manager.c: 101: digito = 7;
  1425  003B  3007               	movlw	7
  1426  003C  00F6               	movwf	??_PIN_MANAGER_IOC
  1427  003D  0876               	movf	??_PIN_MANAGER_IOC,w
  1428  003E  00FC               	movwf	_digito
  1429  003F                     i1l758:	
  1430                           
  1431                           ;pin_manager.c: 102: if(PORTDbits.RD7 == 0)
  1432  003F  1B8F               	btfsc	15,7	;volatile
  1433  0040  2845               	goto	i1l762
  1434                           
  1435                           ;pin_manager.c: 103: digito = 11;
  1436  0041  300B               	movlw	11
  1437  0042  00F6               	movwf	??_PIN_MANAGER_IOC
  1438  0043  0876               	movf	??_PIN_MANAGER_IOC,w
  1439  0044  00FC               	movwf	_digito
  1440  0045                     i1l762:	
  1441                           
  1442                           ;pin_manager.c: 104: IOCBFbits.IOCBF4 = 0;
  1443  0045  0027               	movlb	7	; select bank7
  1444  0046  1216               	bcf	22,4	;volatile
  1445  0047                     i1l764:	
  1446                           
  1447                           ;pin_manager.c: 105: }
  1448                           ;pin_manager.c: 106: if (IOCBFbits.IOCBF5 == 1) {
  1449  0047  1E96               	btfss	22,5	;volatile
  1450  0048  2860               	goto	i1l784
  1451                           
  1452                           ;pin_manager.c: 107: if (PORTDbits.RD4 == 0)
  1453  0049  0020               	movlb	0	; select bank0
  1454  004A  1A0F               	btfsc	15,4	;volatile
  1455  004B  2850               	goto	i1l770
  1456                           
  1457                           ;pin_manager.c: 108: digito = 2;
  1458  004C  3002               	movlw	2
  1459  004D  00F6               	movwf	??_PIN_MANAGER_IOC
  1460  004E  0876               	movf	??_PIN_MANAGER_IOC,w
  1461  004F  00FC               	movwf	_digito
  1462  0050                     i1l770:	
  1463                           
  1464                           ;pin_manager.c: 109: if (PORTDbits.RD5 == 0)
  1465  0050  1A8F               	btfsc	15,5	;volatile
  1466  0051  2856               	goto	i1l774
  1467                           
  1468                           ;pin_manager.c: 110: digito = 5;
  1469  0052  3005               	movlw	5
  1470  0053  00F6               	movwf	??_PIN_MANAGER_IOC
  1471  0054  0876               	movf	??_PIN_MANAGER_IOC,w
  1472  0055  00FC               	movwf	_digito
  1473  0056                     i1l774:	
  1474                           
  1475                           ;pin_manager.c: 111: if (PORTDbits.RD6 == 0)
  1476  0056  1B0F               	btfsc	15,6	;volatile
  1477  0057  285C               	goto	i1l778
  1478                           
  1479                           ;pin_manager.c: 112: digito = 8;
  1480  0058  3008               	movlw	8
  1481  0059  00F6               	movwf	??_PIN_MANAGER_IOC
  1482  005A  0876               	movf	??_PIN_MANAGER_IOC,w
  1483  005B  00FC               	movwf	_digito
  1484  005C                     i1l778:	
  1485                           
  1486                           ;pin_manager.c: 113: if(PORTDbits.RD7 == 0)
  1487  005C  1F8F               	btfss	15,7	;volatile
  1488                           
  1489                           ;pin_manager.c: 114: digito = 0;
  1490  005D  01FC               	clrf	_digito
  1491                           
  1492                           ;pin_manager.c: 115: IOCBFbits.IOCBF5 = 0;
  1493  005E  0027               	movlb	7	; select bank7
  1494  005F  1296               	bcf	22,5	;volatile
  1495  0060                     i1l784:	
  1496                           
  1497                           ;pin_manager.c: 116: }
  1498                           ;pin_manager.c: 117: if (IOCBFbits.IOCBF6 == 1) {
  1499  0060  1F16               	btfss	22,6	;volatile
  1500  0061  287D               	goto	i1l804
  1501                           
  1502                           ;pin_manager.c: 118: if (PORTDbits.RD4 == 0)
  1503  0062  0020               	movlb	0	; select bank0
  1504  0063  1A0F               	btfsc	15,4	;volatile
  1505  0064  2869               	goto	i1l790
  1506                           
  1507                           ;pin_manager.c: 119: digito = 3;
  1508  0065  3003               	movlw	3
  1509  0066  00F6               	movwf	??_PIN_MANAGER_IOC
  1510  0067  0876               	movf	??_PIN_MANAGER_IOC,w
  1511  0068  00FC               	movwf	_digito
  1512  0069                     i1l790:	
  1513                           
  1514                           ;pin_manager.c: 120: if (PORTDbits.RD5 == 0)
  1515  0069  1A8F               	btfsc	15,5	;volatile
  1516  006A  286F               	goto	i1l794
  1517                           
  1518                           ;pin_manager.c: 121: digito = 6;
  1519  006B  3006               	movlw	6
  1520  006C  00F6               	movwf	??_PIN_MANAGER_IOC
  1521  006D  0876               	movf	??_PIN_MANAGER_IOC,w
  1522  006E  00FC               	movwf	_digito
  1523  006F                     i1l794:	
  1524                           
  1525                           ;pin_manager.c: 122: if (PORTDbits.RD6 == 0)
  1526  006F  1B0F               	btfsc	15,6	;volatile
  1527  0070  2875               	goto	i1l798
  1528                           
  1529                           ;pin_manager.c: 123: digito = 9;
  1530  0071  3009               	movlw	9
  1531  0072  00F6               	movwf	??_PIN_MANAGER_IOC
  1532  0073  0876               	movf	??_PIN_MANAGER_IOC,w
  1533  0074  00FC               	movwf	_digito
  1534  0075                     i1l798:	
  1535                           
  1536                           ;pin_manager.c: 124: if(PORTDbits.RD7 == 0)
  1537  0075  1B8F               	btfsc	15,7	;volatile
  1538  0076  287B               	goto	i1l802
  1539                           
  1540                           ;pin_manager.c: 125: digito = 12;
  1541  0077  300C               	movlw	12
  1542  0078  00F6               	movwf	??_PIN_MANAGER_IOC
  1543  0079  0876               	movf	??_PIN_MANAGER_IOC,w
  1544  007A  00FC               	movwf	_digito
  1545  007B                     i1l802:	
  1546                           
  1547                           ;pin_manager.c: 126: IOCBFbits.IOCBF6 = 0;
  1548  007B  0027               	movlb	7	; select bank7
  1549  007C  1316               	bcf	22,6	;volatile
  1550  007D                     i1l804:	
  1551                           
  1552                           ;pin_manager.c: 127: }
  1553                           ;pin_manager.c: 128: if (IOCBFbits.IOCBF7 == 1) {
  1554  007D  1F96               	btfss	22,7	;volatile
  1555  007E  0008               	return
  1556                           
  1557                           ;pin_manager.c: 129: IOCBFbits.IOCBF7 = 0;
  1558  007F  1396               	bcf	22,7	;volatile
  1559  0080  0008               	return
  1560  0081                     __end_of_PIN_MANAGER_IOC:	
  1561  007E                     btemp	set	126	;btemp
  1562  007E                     int$flags	set	126
  1563  007E                     wtemp	set	126
  1564  007E                     wtemp0	set	126
  1565  0080                     wtemp1	set	128
  1566  0082                     wtemp2	set	130
  1567  0084                     wtemp3	set	132
  1568  0086                     wtemp4	set	134
  1569  0088                     wtemp5	set	136
  1570  007F                     wtemp6	set	127
  1571  007E                     ttemp	set	126
  1572  007E                     ttemp0	set	126
  1573  0081                     ttemp1	set	129
  1574  0084                     ttemp2	set	132
  1575  0087                     ttemp3	set	135
  1576  007F                     ttemp4	set	127
  1577  007E                     ltemp	set	126
  1578  007E                     ltemp0	set	126
  1579  0082                     ltemp1	set	130
  1580  0086                     ltemp2	set	134
  1581  0080                     ltemp3	set	128


Data Sizes:
    Strings     0
    Constant    0
    Data        1
    BSS         24
    Persistent  0
    Stack       0

Auto Spaces:
    Space          Size  Autos    Used
    COMMON           14      6      13
    BANK0            80      0      18
    BANK1            80      0       0
    BANK2            80      0       0
    BANK3            80      0       0
    BANK4            80      0       0
    BANK5            80      0       0
    BANK6            16      0       0

Pointer List with Targets:

    IOCBP7_InterruptHandler	PTR FTN()void  size(2) Largest target is 1
		 -> Absolute function(), 

    IOCBP6_InterruptHandler	PTR FTN()void  size(2) Largest target is 1
		 -> Absolute function(), 

    IOCBP5_InterruptHandler	PTR FTN()void  size(2) Largest target is 1
		 -> Absolute function(), 

    IOCBP4_InterruptHandler	PTR FTN()void  size(2) Largest target is 1
		 -> Absolute function(), 

    IOCBN7_InterruptHandler	PTR FTN()void  size(2) Largest target is 1
		 -> Absolute function(), 

    IOCBN6_InterruptHandler	PTR FTN()void  size(2) Largest target is 1
		 -> Absolute function(), 

    IOCBN5_InterruptHandler	PTR FTN()void  size(2) Largest target is 1
		 -> Absolute function(), 

    IOCBN4_InterruptHandler	PTR FTN()void  size(2) Largest target is 1
		 -> Absolute function(), 

    IOCBF7_InterruptHandler	PTR FTN()void  size(2) Largest target is 1
		 -> Absolute function(), 

    IOCBF6_InterruptHandler	PTR FTN()void  size(2) Largest target is 1
		 -> Absolute function(), 

    IOCBF5_InterruptHandler	PTR FTN()void  size(2) Largest target is 1
		 -> Absolute function(), 

    IOCBF4_InterruptHandler	PTR FTN()void  size(2) Largest target is 1
		 -> Absolute function(), 


Critical Paths under _main in COMMON

    None.

Critical Paths under _INTERRUPT_InterruptManager in COMMON

    _INTERRUPT_InterruptManager->_PIN_MANAGER_IOC

Critical Paths under _main in BANK0

    None.

Critical Paths under _INTERRUPT_InterruptManager in BANK0

    None.

Critical Paths under _main in BANK1

    None.

Critical Paths under _INTERRUPT_InterruptManager in BANK1

    None.

Critical Paths under _main in BANK2

    None.

Critical Paths under _INTERRUPT_InterruptManager in BANK2

    None.

Critical Paths under _main in BANK3

    None.

Critical Paths under _INTERRUPT_InterruptManager in BANK3

    None.

Critical Paths under _main in BANK4

    None.

Critical Paths under _INTERRUPT_InterruptManager in BANK4

    None.

Critical Paths under _main in BANK5

    None.

Critical Paths under _INTERRUPT_InterruptManager in BANK5

    None.

Critical Paths under _main in BANK6

    None.

Critical Paths under _INTERRUPT_InterruptManager in BANK6

    None.

Call Graph Tables:

 ---------------------------------------------------------------------------------
 (Depth) Function   	        Calls       Base Space   Used Autos Params    Refs
 ---------------------------------------------------------------------------------
 (0) _main                                                 4     4      0      90
                                              2 COMMON     4     4      0
                  _SYSTEM_Initialize
 ---------------------------------------------------------------------------------
 (1) _SYSTEM_Initialize                                    0     0      0       0
              _OSCILLATOR_Initialize
             _PIN_MANAGER_Initialize
 ---------------------------------------------------------------------------------
 (2) _PIN_MANAGER_Initialize                               0     0      0       0
 ---------------------------------------------------------------------------------
 (2) _OSCILLATOR_Initialize                                0     0      0       0
 ---------------------------------------------------------------------------------
 Estimated maximum stack depth 2
 ---------------------------------------------------------------------------------
 (Depth) Function   	        Calls       Base Space   Used Autos Params    Refs
 ---------------------------------------------------------------------------------
 (3) _INTERRUPT_InterruptManager                           1     1      0       0
                                              1 COMMON     1     1      0
                    _PIN_MANAGER_IOC
 ---------------------------------------------------------------------------------
 (4) _PIN_MANAGER_IOC                                      1     1      0       0
                                              0 COMMON     1     1      0
 ---------------------------------------------------------------------------------
 Estimated maximum stack depth 4
 ---------------------------------------------------------------------------------

 Call Graph Graphs:

 _main (ROOT)
   _SYSTEM_Initialize
     _OSCILLATOR_Initialize
     _PIN_MANAGER_Initialize

 _INTERRUPT_InterruptManager (ROOT)
   _PIN_MANAGER_IOC

 Address spaces:
Name               Size   Autos  Total    Cost      Usage
BIGRAM             1F0      0       0       0        0.0%
EEDATA             100      0       0       0        0.0%
NULL                 0      0       0       0        0.0%
CODE                 0      0       0       0        0.0%
BITCOMMON            E      0       0       1        0.0%
BITSFR0              0      0       0       1        0.0%
SFR0                 0      0       0       1        0.0%
COMMON               E      6       D       2       92.9%
BITSFR1              0      0       0       2        0.0%
SFR1                 0      0       0       2        0.0%
BITSFR2              0      0       0       3        0.0%
SFR2                 0      0       0       3        0.0%
STACK                0      0       0       3        0.0%
BITSFR3              0      0       0       4        0.0%
SFR3                 0      0       0       4        0.0%
ABS                  0      0      1F       4        0.0%
BITBANK0            50      0       0       5        0.0%
BITSFR4              0      0       0       5        0.0%
SFR4                 0      0       0       5        0.0%
BANK0               50      0      12       6       22.5%
BITSFR5              0      0       0       6        0.0%
SFR5                 0      0       0       6        0.0%
BITBANK1            50      0       0       7        0.0%
BITSFR6              0      0       0       7        0.0%
SFR6                 0      0       0       7        0.0%
BANK1               50      0       0       8        0.0%
BITSFR7              0      0       0       8        0.0%
SFR7                 0      0       0       8        0.0%
BITBANK2            50      0       0       9        0.0%
BITSFR8              0      0       0       9        0.0%
SFR8                 0      0       0       9        0.0%
BANK2               50      0       0      10        0.0%
BITSFR9              0      0       0      10        0.0%
SFR9                 0      0       0      10        0.0%
BITBANK3            50      0       0      11        0.0%
BITSFR10             0      0       0      11        0.0%
SFR10                0      0       0      11        0.0%
BANK3               50      0       0      12        0.0%
BITSFR11             0      0       0      12        0.0%
SFR11                0      0       0      12        0.0%
BITBANK4            50      0       0      13        0.0%
BITSFR12             0      0       0      13        0.0%
SFR12                0      0       0      13        0.0%
BANK4               50      0       0      14        0.0%
BITSFR13             0      0       0      14        0.0%
SFR13                0      0       0      14        0.0%
BITBANK5            50      0       0      15        0.0%
BITSFR14             0      0       0      15        0.0%
SFR14                0      0       0      15        0.0%
BANK5               50      0       0      16        0.0%
BITSFR15             0      0       0      16        0.0%
SFR15                0      0       0      16        0.0%
BITBANK6            10      0       0      17        0.0%
BITSFR16             0      0       0      17        0.0%
SFR16                0      0       0      17        0.0%
BANK6               10      0       0      18        0.0%
BITSFR17             0      0       0      18        0.0%
SFR17                0      0       0      18        0.0%
BITSFR18             0      0       0      19        0.0%
SFR18                0      0       0      19        0.0%
DATA                 0      0      1F      19        0.0%
BITSFR19             0      0       0      20        0.0%
SFR19                0      0       0      20        0.0%
BITSFR20             0      0       0      21        0.0%
SFR20                0      0       0      21        0.0%
BITSFR21             0      0       0      22        0.0%
SFR21                0      0       0      22        0.0%
BITSFR22             0      0       0      23        0.0%
SFR22                0      0       0      23        0.0%
BITSFR23             0      0       0      24        0.0%
SFR23                0      0       0      24        0.0%
BITSFR24             0      0       0      25        0.0%
SFR24                0      0       0      25        0.0%
BITSFR25             0      0       0      26        0.0%
SFR25                0      0       0      26        0.0%
BITSFR26             0      0       0      27        0.0%
SFR26                0      0       0      27        0.0%
BITSFR27             0      0       0      28        0.0%
SFR27                0      0       0      28        0.0%
BITSFR28             0      0       0      29        0.0%
SFR28                0      0       0      29        0.0%
BITSFR29             0      0       0      30        0.0%
SFR29                0      0       0      30        0.0%
BITSFR30             0      0       0      31        0.0%
SFR30                0      0       0      31        0.0%
BITSFR31             0      0       0      32        0.0%
SFR31                0      0       0      32        0.0%


Microchip Technology PIC Macro Assembler V1.38 build -256452561 
Symbol Table                                                                                   Tue Aug 30 00:55:34 2016

                        __CFG_CP$OFF 0000                                   l44 00BC  
                                l812 0085                                  u204 00AC  
                                u205 00AB                                  u215 00B5  
                                u184 0095                                  u185 0094  
                       __CFG_CPD$OFF 0000                                  u267 00C3  
                                u195 009F                         __CFG_BORV$LO 0000  
                                wreg 0009                         __CFG_IESO$ON 0000  
                       __CFG_FOSC$HS 0000                         __CFG_LVP$OFF 0000  
                               _LATA 010C                                 _LATB 010D  
                               _LATC 010E                                 _LATD 010F  
                               _LATE 0110                                 i1l84 000F  
                               _WPUB 020D                                 _WPUE 0210  
                       __CFG_WRT$OFF 0000                        __CFG_FCMEN$ON 0000  
                               _main 0081                                 fsr0h 0005  
                               fsr0l 0004                                 indf0 0000  
                               btemp 007E                        __CFG_BOREN$ON 0000  
                               ltemp 007E                                 start 0014  
                               ttemp 007E                                 wtemp 007E  
                      __CFG_MCLRE$ON 0000       __size_of_OSCILLATOR_Initialize 0006  
      __end_of_OSCILLATOR_Initialize 0112                                ?_main 0076  
                      __CFG_WDTE$OFF 0000                                i1l205 0033  
                              i1l802 007B                                i1l804 007D  
                              i1l770 0050                                i1l762 0045  
                              i1l754 0039                                i1l764 0047  
                              i1l790 0069                                i1l774 0056  
                              i1l758 003F                                i1l784 0060  
                              i1l794 006F                                i1l778 005C  
                              i1l798 0075                                _PORTB 000D  
                              _TRISA 008C                                _TRISB 008D  
                              _TRISC 008E                                _TRISD 008F  
                              _TRISE 0090              __end_of_PIN_MANAGER_IOC 0081  
                              main@n 007B                                ltemp0 007E  
                              ltemp1 0082                                ltemp2 0086  
                              ltemp3 0080                                ttemp0 007E  
                              ttemp1 0081                                ttemp2 0084  
                              ttemp3 0087                                ttemp4 007F  
                              wtemp0 007E                                wtemp1 0080  
                              wtemp2 0082                                wtemp3 0084  
                              wtemp4 0086                                wtemp5 0088  
                              wtemp6 007F                      __initialization 0016  
                       __end_of_main 00CD          ?_INTERRUPT_InterruptManager 0076  
                             ??_main 0078                       __CFG_PLLEN$OFF 0000  
            _IOCBF6_InterruptHandler 0074              _IOCBP4_InterruptHandler 002A  
                             _APFCON 011D                               _ANSELA 018C  
                             _ANSELB 018D                               _ANSELD 018F  
                             _ANSELE 0190                               _OSCCON 0099  
                     __CFG_PWRTE$OFF 0000                       __CFG_STVREN$ON 0000  
                             _digito 007C                         __pdataCOMMON 007C  
                   ?_PIN_MANAGER_IOC 0076                    _SYSTEM_Initialize 0106  
            __end_of__initialization 0027                   ?_SYSTEM_Initialize 0076  
                     __pcstackCOMMON 0076                  ??_SYSTEM_Initialize 0078  
                     _OPTION_REGbits 0095            __end_of_SYSTEM_Initialize 010C  
                         __pbssBANK0 0020                      __CFG_VCAPEN$OFF 0000  
            _IOCBF7_InterruptHandler 0020              _IOCBP5_InterruptHandler 002C  
                         __pmaintext 0081                           __pintentry 0004  
                            _OSCSTAT 009A                              _OSCTUNE 0098  
                            __ptext1 0106                              __ptext2 00CD  
                            __ptext3 010C                              __ptext5 002B  
              _OSCILLATOR_Initialize 010C             ??_PIN_MANAGER_Initialize 0078  
                          _IOCBFbits 0396                            _IOCBNbits 0395  
                          _IOCBPbits 0394           __size_of_SYSTEM_Initialize 0006  
                            clrloop0 0101                 end_of_initialization 0027  
                          _PORTDbits 000F              _IOCBN4_InterruptHandler 0022  
            _IOCBP6_InterruptHandler 002E                        __pidataCOMMON 0112  
             ?_OSCILLATOR_Initialize 0076                  start_initialization 0016  
    __size_of_PIN_MANAGER_Initialize 0033             __size_of_PIN_MANAGER_IOC 0056  
                        __pbssCOMMON 0070                            ___latbits 0002  
            _IOCBN5_InterruptHandler 0024              _IOCBP7_InterruptHandler 0030  
             _PIN_MANAGER_Initialize 00CD         ??_INTERRUPT_InterruptManager 0077  
                           _LATEbits 0110                            clear_ram0 0100  
__size_of_INTERRUPT_InterruptManager 0010                    ??_PIN_MANAGER_IOC 0076  
            ??_OSCILLATOR_Initialize 0078              _IOCBF4_InterruptHandler 0070  
            _IOCBN6_InterruptHandler 0026                        __size_of_main 004C  
                           int$flags 007E   __end_of_INTERRUPT_InterruptManager 0014  
         _INTERRUPT_InterruptManager 0004                             main@rota 007A  
                         _INTCONbits 000B                             intlevel1 0000  
            ?_PIN_MANAGER_Initialize 0076                    __CFG_CLKOUTEN$OFF 0000  
     __end_of_PIN_MANAGER_Initialize 0100                      _PIN_MANAGER_IOC 002B  
            _IOCBF5_InterruptHandler 0072              _IOCBN7_InterruptHandler 0028  
